[0.318s] Invoking command in '/home/fredrik/dva502_master_thesis/Workspace/src/drone_start': AMENT_PREFIX_PATH=/home/fredrik/dva502_master_thesis/Workspace/install/drone_com:/home/fredrik/dva502_master_thesis/Workspace/install/random_publishers:/home/fredrik/dva502_master_thesis/Workspace/install/drone_start:/home/fredrik/dva502_master_thesis/Workspace/install/custom_drone_interfaces:/opt/ros/humble PYTHONPATH=/home/fredrik/dva502_master_thesis/Workspace/build/drone_start/prefix_override:/usr/lib/python3/dist-packages/colcon_core/task/python/colcon_distutils_commands:/home/fredrik/dva502_master_thesis/Workspace/install/drone_start/lib/python3.10/site-packages:/home/fredrik/dva502_master_thesis/Workspace/install/drone_com/lib/python3.10/site-packages:/home/fredrik/dva502_master_thesis/Workspace/install/random_publishers/lib/python3.10/site-packages:/home/fredrik/dva502_master_thesis/Workspace/build/drone_start:/home/fredrik/dva502_master_thesis/Workspace/build/random_publishers:/home/fredrik/dva502_master_thesis/Workspace/build/drone_com:/home/fredrik/dva502_master_thesis/Workspace/install/drone_start/lib/python3.10/site-packages:/home/fredrik/dva502_master_thesis/Workspace/install/custom_drone_interfaces/local/lib/python3.10/dist-packages:/opt/ros/humble/lib/python3.10/site-packages:/opt/ros/humble/local/lib/python3.10/dist-packages /usr/bin/python3 -W ignore:setup.py install is deprecated -W ignore:easy_install command is deprecated setup.py egg_info --egg-base ../../build/drone_start build --build-base /home/fredrik/dva502_master_thesis/Workspace/build/drone_start/build install --record /home/fredrik/dva502_master_thesis/Workspace/build/drone_start/install.log --single-version-externally-managed install_data
[0.529s] running egg_info
[0.529s] creating ../../build/drone_start/drone_start.egg-info
[0.530s] writing ../../build/drone_start/drone_start.egg-info/PKG-INFO
[0.530s] writing dependency_links to ../../build/drone_start/drone_start.egg-info/dependency_links.txt
[0.530s] writing entry points to ../../build/drone_start/drone_start.egg-info/entry_points.txt
[0.530s] writing requirements to ../../build/drone_start/drone_start.egg-info/requires.txt
[0.531s] writing top-level names to ../../build/drone_start/drone_start.egg-info/top_level.txt
[0.531s] writing manifest file '../../build/drone_start/drone_start.egg-info/SOURCES.txt'
[0.532s] reading manifest file '../../build/drone_start/drone_start.egg-info/SOURCES.txt'
[0.533s] writing manifest file '../../build/drone_start/drone_start.egg-info/SOURCES.txt'
[0.533s] running build
[0.533s] running install
[0.533s] running install_data
[0.533s] copying package.xml -> /home/fredrik/dva502_master_thesis/Workspace/install/drone_start/share/drone_start
[0.533s] creating /home/fredrik/dva502_master_thesis/Workspace/install/drone_start/share/drone_start/launch
[0.534s] copying launch/drone_wrapper.launch.py -> /home/fredrik/dva502_master_thesis/Workspace/install/drone_start/share/drone_start/launch
[0.534s] running install_egg_info
[0.537s] Copying ../../build/drone_start/drone_start.egg-info to /home/fredrik/dva502_master_thesis/Workspace/install/drone_start/lib/python3.10/site-packages/drone_start-0.0.0-py3.10.egg-info
[0.538s] running install_scripts
[0.556s] Installing mission_control script to /home/fredrik/dva502_master_thesis/Workspace/install/drone_start/bin
[0.556s] writing list of installed files to '/home/fredrik/dva502_master_thesis/Workspace/build/drone_start/install.log'
[0.581s] Invoked command in '/home/fredrik/dva502_master_thesis/Workspace/src/drone_start' returned '0': AMENT_PREFIX_PATH=/home/fredrik/dva502_master_thesis/Workspace/install/drone_com:/home/fredrik/dva502_master_thesis/Workspace/install/random_publishers:/home/fredrik/dva502_master_thesis/Workspace/install/drone_start:/home/fredrik/dva502_master_thesis/Workspace/install/custom_drone_interfaces:/opt/ros/humble PYTHONPATH=/home/fredrik/dva502_master_thesis/Workspace/build/drone_start/prefix_override:/usr/lib/python3/dist-packages/colcon_core/task/python/colcon_distutils_commands:/home/fredrik/dva502_master_thesis/Workspace/install/drone_start/lib/python3.10/site-packages:/home/fredrik/dva502_master_thesis/Workspace/install/drone_com/lib/python3.10/site-packages:/home/fredrik/dva502_master_thesis/Workspace/install/random_publishers/lib/python3.10/site-packages:/home/fredrik/dva502_master_thesis/Workspace/build/drone_start:/home/fredrik/dva502_master_thesis/Workspace/build/random_publishers:/home/fredrik/dva502_master_thesis/Workspace/build/drone_com:/home/fredrik/dva502_master_thesis/Workspace/install/drone_start/lib/python3.10/site-packages:/home/fredrik/dva502_master_thesis/Workspace/install/custom_drone_interfaces/local/lib/python3.10/dist-packages:/opt/ros/humble/lib/python3.10/site-packages:/opt/ros/humble/local/lib/python3.10/dist-packages /usr/bin/python3 -W ignore:setup.py install is deprecated -W ignore:easy_install command is deprecated setup.py egg_info --egg-base ../../build/drone_start build --build-base /home/fredrik/dva502_master_thesis/Workspace/build/drone_start/build install --record /home/fredrik/dva502_master_thesis/Workspace/build/drone_start/install.log --single-version-externally-managed install_data
