[0.578s] Invoking command in '/home/fredrik/dva502_master_thesis/Workspace/src/random_publishers': PYTHONPATH=/home/fredrik/dva502_master_thesis/Workspace/build/random_publishers/prefix_override:/usr/lib/python3/dist-packages/colcon_core/task/python/colcon_distutils_commands:/home/fredrik/dva502_master_thesis/Workspace/install/random_publishers/lib/python3.10/site-packages:${PYTHONPATH} /usr/bin/python3 -W ignore:setup.py install is deprecated -W ignore:easy_install command is deprecated setup.py egg_info --egg-base ../../build/random_publishers build --build-base /home/fredrik/dva502_master_thesis/Workspace/build/random_publishers/build install --record /home/fredrik/dva502_master_thesis/Workspace/build/random_publishers/install.log --single-version-externally-managed install_data
[0.796s] running egg_info
[0.796s] creating ../../build/random_publishers/random_publishers.egg-info
[0.797s] writing ../../build/random_publishers/random_publishers.egg-info/PKG-INFO
[0.797s] writing dependency_links to ../../build/random_publishers/random_publishers.egg-info/dependency_links.txt
[0.797s] writing entry points to ../../build/random_publishers/random_publishers.egg-info/entry_points.txt
[0.798s] writing requirements to ../../build/random_publishers/random_publishers.egg-info/requires.txt
[0.798s] writing top-level names to ../../build/random_publishers/random_publishers.egg-info/top_level.txt
[0.798s] writing manifest file '../../build/random_publishers/random_publishers.egg-info/SOURCES.txt'
[0.801s] reading manifest file '../../build/random_publishers/random_publishers.egg-info/SOURCES.txt'
[0.802s] writing manifest file '../../build/random_publishers/random_publishers.egg-info/SOURCES.txt'
[0.802s] running build
[0.802s] running build_py
[0.803s] creating /home/fredrik/dva502_master_thesis/Workspace/build/random_publishers/build
[0.803s] creating /home/fredrik/dva502_master_thesis/Workspace/build/random_publishers/build/lib
[0.803s] creating /home/fredrik/dva502_master_thesis/Workspace/build/random_publishers/build/lib/random_publishers
[0.803s] copying random_publishers/__init__.py -> /home/fredrik/dva502_master_thesis/Workspace/build/random_publishers/build/lib/random_publishers
[0.803s] copying random_publishers/agentData_pub.py -> /home/fredrik/dva502_master_thesis/Workspace/build/random_publishers/build/lib/random_publishers
[0.803s] running install
[0.804s] running install_lib
[0.805s] creating /home/fredrik/dva502_master_thesis/Workspace/install/random_publishers/lib/python3.10/site-packages/random_publishers
[0.805s] copying /home/fredrik/dva502_master_thesis/Workspace/build/random_publishers/build/lib/random_publishers/__init__.py -> /home/fredrik/dva502_master_thesis/Workspace/install/random_publishers/lib/python3.10/site-packages/random_publishers
[0.805s] copying /home/fredrik/dva502_master_thesis/Workspace/build/random_publishers/build/lib/random_publishers/agentData_pub.py -> /home/fredrik/dva502_master_thesis/Workspace/install/random_publishers/lib/python3.10/site-packages/random_publishers
[0.805s] byte-compiling /home/fredrik/dva502_master_thesis/Workspace/install/random_publishers/lib/python3.10/site-packages/random_publishers/__init__.py to __init__.cpython-310.pyc
[0.806s] byte-compiling /home/fredrik/dva502_master_thesis/Workspace/install/random_publishers/lib/python3.10/site-packages/random_publishers/agentData_pub.py to agentData_pub.cpython-310.pyc
[0.806s] running install_data
[0.806s] creating /home/fredrik/dva502_master_thesis/Workspace/install/random_publishers/share/ament_index
[0.807s] creating /home/fredrik/dva502_master_thesis/Workspace/install/random_publishers/share/ament_index/resource_index
[0.807s] creating /home/fredrik/dva502_master_thesis/Workspace/install/random_publishers/share/ament_index/resource_index/packages
[0.807s] copying resource/random_publishers -> /home/fredrik/dva502_master_thesis/Workspace/install/random_publishers/share/ament_index/resource_index/packages
[0.807s] copying package.xml -> /home/fredrik/dva502_master_thesis/Workspace/install/random_publishers/share/random_publishers
[0.807s] running install_egg_info
[0.809s] Copying ../../build/random_publishers/random_publishers.egg-info to /home/fredrik/dva502_master_thesis/Workspace/install/random_publishers/lib/python3.10/site-packages/random_publishers-0.0.0-py3.10.egg-info
[0.809s] running install_scripts
[0.831s] Installing agentData_pub script to /home/fredrik/dva502_master_thesis/Workspace/install/random_publishers/lib/random_publishers
[0.832s] writing list of installed files to '/home/fredrik/dva502_master_thesis/Workspace/build/random_publishers/install.log'
[0.859s] Invoked command in '/home/fredrik/dva502_master_thesis/Workspace/src/random_publishers' returned '0': PYTHONPATH=/home/fredrik/dva502_master_thesis/Workspace/build/random_publishers/prefix_override:/usr/lib/python3/dist-packages/colcon_core/task/python/colcon_distutils_commands:/home/fredrik/dva502_master_thesis/Workspace/install/random_publishers/lib/python3.10/site-packages:${PYTHONPATH} /usr/bin/python3 -W ignore:setup.py install is deprecated -W ignore:easy_install command is deprecated setup.py egg_info --egg-base ../../build/random_publishers build --build-base /home/fredrik/dva502_master_thesis/Workspace/build/random_publishers/build install --record /home/fredrik/dva502_master_thesis/Workspace/build/random_publishers/install.log --single-version-externally-managed install_data
