[0.531s] Invoking command in '/home/viktor/dva502_master_thesis/Workspace/src 1/src/drone_com': AMENT_PREFIX_PATH=/home/viktor/dva502_master_thesis/Workspace/install/custom_drone_interfaces:${AMENT_PREFIX_PATH} CMAKE_PREFIX_PATH=/home/viktor/dva502_master_thesis/Workspace/install/custom_drone_interfaces LD_LIBRARY_PATH=/home/viktor/dva502_master_thesis/Workspace/install/custom_drone_interfaces/lib:${LD_LIBRARY_PATH} PYTHONPATH=/home/viktor/dva502_master_thesis/Workspace/build/drone_com/prefix_override:/usr/lib/python3/dist-packages/colcon_core/task/python/colcon_distutils_commands:/home/viktor/dva502_master_thesis/Workspace/install/drone_com/lib/python3.10/site-packages:/home/viktor/dva502_master_thesis/Workspace/install/custom_drone_interfaces/local/lib/python3.10/dist-packages:${PYTHONPATH} /usr/bin/python3 -W ignore:setup.py install is deprecated -W ignore:easy_install command is deprecated setup.py egg_info --egg-base ../../../build/drone_com build --build-base /home/viktor/dva502_master_thesis/Workspace/build/drone_com/build install --record /home/viktor/dva502_master_thesis/Workspace/build/drone_com/install.log --single-version-externally-managed install_data
[0.739s] running egg_info
[0.739s] creating ../../../build/drone_com/drone_com.egg-info
[0.740s] writing ../../../build/drone_com/drone_com.egg-info/PKG-INFO
[0.740s] writing dependency_links to ../../../build/drone_com/drone_com.egg-info/dependency_links.txt
[0.740s] writing entry points to ../../../build/drone_com/drone_com.egg-info/entry_points.txt
[0.740s] writing requirements to ../../../build/drone_com/drone_com.egg-info/requires.txt
[0.740s] writing top-level names to ../../../build/drone_com/drone_com.egg-info/top_level.txt
[0.740s] writing manifest file '../../../build/drone_com/drone_com.egg-info/SOURCES.txt'
[0.742s] reading manifest file '../../../build/drone_com/drone_com.egg-info/SOURCES.txt'
[0.742s] writing manifest file '../../../build/drone_com/drone_com.egg-info/SOURCES.txt'
[0.742s] running build
[0.742s] running build_py
[0.742s] creating /home/viktor/dva502_master_thesis/Workspace/build/drone_com/build
[0.743s] creating /home/viktor/dva502_master_thesis/Workspace/build/drone_com/build/lib
[0.743s] creating /home/viktor/dva502_master_thesis/Workspace/build/drone_com/build/lib/drone_com
[0.743s] copying drone_com/__init__.py -> /home/viktor/dva502_master_thesis/Workspace/build/drone_com/build/lib/drone_com
[0.743s] copying drone_com/drone2drone.py -> /home/viktor/dva502_master_thesis/Workspace/build/drone_com/build/lib/drone_com
[0.743s] running install
[0.743s] running install_lib
[0.744s] creating /home/viktor/dva502_master_thesis/Workspace/install/drone_com/lib/python3.10/site-packages/drone_com
[0.744s] copying /home/viktor/dva502_master_thesis/Workspace/build/drone_com/build/lib/drone_com/__init__.py -> /home/viktor/dva502_master_thesis/Workspace/install/drone_com/lib/python3.10/site-packages/drone_com
[0.744s] copying /home/viktor/dva502_master_thesis/Workspace/build/drone_com/build/lib/drone_com/drone2drone.py -> /home/viktor/dva502_master_thesis/Workspace/install/drone_com/lib/python3.10/site-packages/drone_com
[0.744s] byte-compiling /home/viktor/dva502_master_thesis/Workspace/install/drone_com/lib/python3.10/site-packages/drone_com/__init__.py to __init__.cpython-310.pyc
[0.744s] byte-compiling /home/viktor/dva502_master_thesis/Workspace/install/drone_com/lib/python3.10/site-packages/drone_com/drone2drone.py to drone2drone.cpython-310.pyc
[0.745s] running install_data
[0.745s] creating /home/viktor/dva502_master_thesis/Workspace/install/drone_com/share/ament_index
[0.745s] creating /home/viktor/dva502_master_thesis/Workspace/install/drone_com/share/ament_index/resource_index
[0.745s] creating /home/viktor/dva502_master_thesis/Workspace/install/drone_com/share/ament_index/resource_index/packages
[0.745s] copying resource/drone_com -> /home/viktor/dva502_master_thesis/Workspace/install/drone_com/share/ament_index/resource_index/packages
[0.745s] copying package.xml -> /home/viktor/dva502_master_thesis/Workspace/install/drone_com/share/drone_com
[0.746s] running install_egg_info
[0.747s] Copying ../../../build/drone_com/drone_com.egg-info to /home/viktor/dva502_master_thesis/Workspace/install/drone_com/lib/python3.10/site-packages/drone_com-0.0.0-py3.10.egg-info
[0.748s] running install_scripts
[0.766s] Installing drone2drone script to /home/viktor/dva502_master_thesis/Workspace/install/drone_com/lib/drone_com
[0.766s] writing list of installed files to '/home/viktor/dva502_master_thesis/Workspace/build/drone_com/install.log'
[0.784s] Invoked command in '/home/viktor/dva502_master_thesis/Workspace/src 1/src/drone_com' returned '0': AMENT_PREFIX_PATH=/home/viktor/dva502_master_thesis/Workspace/install/custom_drone_interfaces:${AMENT_PREFIX_PATH} CMAKE_PREFIX_PATH=/home/viktor/dva502_master_thesis/Workspace/install/custom_drone_interfaces LD_LIBRARY_PATH=/home/viktor/dva502_master_thesis/Workspace/install/custom_drone_interfaces/lib:${LD_LIBRARY_PATH} PYTHONPATH=/home/viktor/dva502_master_thesis/Workspace/build/drone_com/prefix_override:/usr/lib/python3/dist-packages/colcon_core/task/python/colcon_distutils_commands:/home/viktor/dva502_master_thesis/Workspace/install/drone_com/lib/python3.10/site-packages:/home/viktor/dva502_master_thesis/Workspace/install/custom_drone_interfaces/local/lib/python3.10/dist-packages:${PYTHONPATH} /usr/bin/python3 -W ignore:setup.py install is deprecated -W ignore:easy_install command is deprecated setup.py egg_info --egg-base ../../../build/drone_com build --build-base /home/viktor/dva502_master_thesis/Workspace/build/drone_com/build install --record /home/viktor/dva502_master_thesis/Workspace/build/drone_com/install.log --single-version-externally-managed install_data
