[0.089s] DEBUG:colcon:Command line arguments: ['/usr/bin/colcon', 'build']
[0.089s] DEBUG:colcon:Parsed command line arguments: Namespace(log_base=None, log_level=None, verb_name='build', build_base='build', install_base='install', merge_install=False, symlink_install=False, test_result_base=None, continue_on_error=False, executor='parallel', parallel_workers=8, event_handlers=None, ignore_user_meta=False, metas=['./colcon.meta'], base_paths=['.'], packages_ignore=None, packages_ignore_regex=None, paths=None, packages_up_to=None, packages_up_to_regex=None, packages_above=None, packages_above_and_dependencies=None, packages_above_depth=None, packages_select_by_dep=None, packages_skip_by_dep=None, packages_skip_up_to=None, packages_select_build_failed=False, packages_skip_build_finished=False, packages_select_test_failures=False, packages_skip_test_passed=False, packages_select=None, packages_skip=None, packages_select_regex=None, packages_skip_regex=None, packages_start=None, packages_end=None, allow_overriding=[], cmake_args=None, cmake_target=None, cmake_target_skip_unavailable=False, cmake_clean_cache=False, cmake_clean_first=False, cmake_force_configure=False, ament_cmake_args=None, catkin_cmake_args=None, catkin_skip_building_tests=False, verb_parser=<colcon_defaults.argument_parser.defaults.DefaultArgumentsDecorator object at 0x7fc2fc0109d0>, verb_extension=<colcon_core.verb.build.BuildVerb object at 0x7fc2fc15dde0>, main=<bound method BuildVerb.main of <colcon_core.verb.build.BuildVerb object at 0x7fc2fc15dde0>>)
[0.228s] Level 1:colcon.colcon_core.package_discovery:discover_packages(colcon_meta) check parameters
[0.228s] Level 1:colcon.colcon_core.package_discovery:discover_packages(recursive) check parameters
[0.228s] Level 1:colcon.colcon_core.package_discovery:discover_packages(ignore) check parameters
[0.228s] Level 1:colcon.colcon_core.package_discovery:discover_packages(path) check parameters
[0.228s] Level 1:colcon.colcon_core.package_discovery:discover_packages(colcon_meta) discover
[0.228s] Level 1:colcon.colcon_core.package_discovery:discover_packages(recursive) discover
[0.228s] INFO:colcon.colcon_core.package_discovery:Crawling recursively for packages in '/home/fredrik/dva502_master_thesis/Workspace'
[0.228s] Level 1:colcon.colcon_core.package_identification:_identify(.) by extensions ['ignore', 'ignore_ament_install']
[0.228s] Level 1:colcon.colcon_core.package_identification:_identify(.) by extension 'ignore'
[0.228s] Level 1:colcon.colcon_core.package_identification:_identify(.) by extension 'ignore_ament_install'
[0.228s] Level 1:colcon.colcon_core.package_identification:_identify(.) by extensions ['colcon_pkg']
[0.229s] Level 1:colcon.colcon_core.package_identification:_identify(.) by extension 'colcon_pkg'
[0.229s] Level 1:colcon.colcon_core.package_identification:_identify(.) by extensions ['colcon_meta']
[0.229s] Level 1:colcon.colcon_core.package_identification:_identify(.) by extension 'colcon_meta'
[0.229s] Level 1:colcon.colcon_core.package_identification:_identify(.) by extensions ['ros']
[0.229s] Level 1:colcon.colcon_core.package_identification:_identify(.) by extension 'ros'
[0.238s] Level 1:colcon.colcon_core.package_identification:_identify(.) by extensions ['cmake', 'python']
[0.238s] Level 1:colcon.colcon_core.package_identification:_identify(.) by extension 'cmake'
[0.238s] Level 1:colcon.colcon_core.package_identification:_identify(.) by extension 'python'
[0.238s] Level 1:colcon.colcon_core.package_identification:_identify(.) by extensions ['python_setup_py']
[0.238s] Level 1:colcon.colcon_core.package_identification:_identify(.) by extension 'python_setup_py'
[0.238s] Level 1:colcon.colcon_core.package_identification:_identify(build) by extensions ['ignore', 'ignore_ament_install']
[0.238s] Level 1:colcon.colcon_core.package_identification:_identify(build) by extension 'ignore'
[0.238s] Level 1:colcon.colcon_core.package_identification:_identify(build) ignored
[0.238s] Level 1:colcon.colcon_core.package_identification:_identify(install) by extensions ['ignore', 'ignore_ament_install']
[0.238s] Level 1:colcon.colcon_core.package_identification:_identify(install) by extension 'ignore'
[0.238s] Level 1:colcon.colcon_core.package_identification:_identify(install) ignored
[0.238s] Level 1:colcon.colcon_core.package_identification:_identify(log) by extensions ['ignore', 'ignore_ament_install']
[0.239s] Level 1:colcon.colcon_core.package_identification:_identify(log) by extension 'ignore'
[0.239s] Level 1:colcon.colcon_core.package_identification:_identify(log) ignored
[0.239s] Level 1:colcon.colcon_core.package_identification:_identify(src) by extensions ['ignore', 'ignore_ament_install']
[0.239s] Level 1:colcon.colcon_core.package_identification:_identify(src) by extension 'ignore'
[0.239s] Level 1:colcon.colcon_core.package_identification:_identify(src) by extension 'ignore_ament_install'
[0.239s] Level 1:colcon.colcon_core.package_identification:_identify(src) by extensions ['colcon_pkg']
[0.239s] Level 1:colcon.colcon_core.package_identification:_identify(src) by extension 'colcon_pkg'
[0.239s] Level 1:colcon.colcon_core.package_identification:_identify(src) by extensions ['colcon_meta']
[0.239s] Level 1:colcon.colcon_core.package_identification:_identify(src) by extension 'colcon_meta'
[0.239s] Level 1:colcon.colcon_core.package_identification:_identify(src) by extensions ['ros']
[0.239s] Level 1:colcon.colcon_core.package_identification:_identify(src) by extension 'ros'
[0.239s] Level 1:colcon.colcon_core.package_identification:_identify(src) by extensions ['cmake', 'python']
[0.239s] Level 1:colcon.colcon_core.package_identification:_identify(src) by extension 'cmake'
[0.239s] Level 1:colcon.colcon_core.package_identification:_identify(src) by extension 'python'
[0.239s] Level 1:colcon.colcon_core.package_identification:_identify(src) by extensions ['python_setup_py']
[0.239s] Level 1:colcon.colcon_core.package_identification:_identify(src) by extension 'python_setup_py'
[0.239s] Level 1:colcon.colcon_core.package_identification:_identify(src/custom_drone_interfaces) by extensions ['ignore', 'ignore_ament_install']
[0.239s] Level 1:colcon.colcon_core.package_identification:_identify(src/custom_drone_interfaces) by extension 'ignore'
[0.239s] Level 1:colcon.colcon_core.package_identification:_identify(src/custom_drone_interfaces) by extension 'ignore_ament_install'
[0.239s] Level 1:colcon.colcon_core.package_identification:_identify(src/custom_drone_interfaces) by extensions ['colcon_pkg']
[0.239s] Level 1:colcon.colcon_core.package_identification:_identify(src/custom_drone_interfaces) by extension 'colcon_pkg'
[0.239s] Level 1:colcon.colcon_core.package_identification:_identify(src/custom_drone_interfaces) by extensions ['colcon_meta']
[0.239s] Level 1:colcon.colcon_core.package_identification:_identify(src/custom_drone_interfaces) by extension 'colcon_meta'
[0.240s] Level 1:colcon.colcon_core.package_identification:_identify(src/custom_drone_interfaces) by extensions ['ros']
[0.240s] Level 1:colcon.colcon_core.package_identification:_identify(src/custom_drone_interfaces) by extension 'ros'
[0.242s] DEBUG:colcon.colcon_core.package_identification:Package 'src/custom_drone_interfaces' with type 'ros.ament_cmake' and name 'custom_drone_interfaces'
[0.242s] Level 1:colcon.colcon_core.package_identification:_identify(src/drone_com) by extensions ['ignore', 'ignore_ament_install']
[0.242s] Level 1:colcon.colcon_core.package_identification:_identify(src/drone_com) by extension 'ignore'
[0.242s] Level 1:colcon.colcon_core.package_identification:_identify(src/drone_com) by extension 'ignore_ament_install'
[0.242s] Level 1:colcon.colcon_core.package_identification:_identify(src/drone_com) by extensions ['colcon_pkg']
[0.242s] Level 1:colcon.colcon_core.package_identification:_identify(src/drone_com) by extension 'colcon_pkg'
[0.242s] Level 1:colcon.colcon_core.package_identification:_identify(src/drone_com) by extensions ['colcon_meta']
[0.242s] Level 1:colcon.colcon_core.package_identification:_identify(src/drone_com) by extension 'colcon_meta'
[0.242s] Level 1:colcon.colcon_core.package_identification:_identify(src/drone_com) by extensions ['ros']
[0.242s] Level 1:colcon.colcon_core.package_identification:_identify(src/drone_com) by extension 'ros'
[0.243s] DEBUG:colcon.colcon_core.package_identification:Package 'src/drone_com' with type 'ros.ament_python' and name 'drone_com'
[0.243s] Level 1:colcon.colcon_core.package_identification:_identify(src/drone_start) by extensions ['ignore', 'ignore_ament_install']
[0.243s] Level 1:colcon.colcon_core.package_identification:_identify(src/drone_start) by extension 'ignore'
[0.243s] Level 1:colcon.colcon_core.package_identification:_identify(src/drone_start) by extension 'ignore_ament_install'
[0.243s] Level 1:colcon.colcon_core.package_identification:_identify(src/drone_start) by extensions ['colcon_pkg']
[0.243s] Level 1:colcon.colcon_core.package_identification:_identify(src/drone_start) by extension 'colcon_pkg'
[0.243s] Level 1:colcon.colcon_core.package_identification:_identify(src/drone_start) by extensions ['colcon_meta']
[0.243s] Level 1:colcon.colcon_core.package_identification:_identify(src/drone_start) by extension 'colcon_meta'
[0.243s] Level 1:colcon.colcon_core.package_identification:_identify(src/drone_start) by extensions ['ros']
[0.243s] Level 1:colcon.colcon_core.package_identification:_identify(src/drone_start) by extension 'ros'
[0.244s] DEBUG:colcon.colcon_core.package_identification:Package 'src/drone_start' with type 'ros.ament_python' and name 'drone_start'
[0.244s] Level 1:colcon.colcon_core.package_identification:_identify(src/random_publishers) by extensions ['ignore', 'ignore_ament_install']
[0.244s] Level 1:colcon.colcon_core.package_identification:_identify(src/random_publishers) by extension 'ignore'
[0.244s] Level 1:colcon.colcon_core.package_identification:_identify(src/random_publishers) by extension 'ignore_ament_install'
[0.244s] Level 1:colcon.colcon_core.package_identification:_identify(src/random_publishers) by extensions ['colcon_pkg']
[0.244s] Level 1:colcon.colcon_core.package_identification:_identify(src/random_publishers) by extension 'colcon_pkg'
[0.244s] Level 1:colcon.colcon_core.package_identification:_identify(src/random_publishers) by extensions ['colcon_meta']
[0.244s] Level 1:colcon.colcon_core.package_identification:_identify(src/random_publishers) by extension 'colcon_meta'
[0.244s] Level 1:colcon.colcon_core.package_identification:_identify(src/random_publishers) by extensions ['ros']
[0.244s] Level 1:colcon.colcon_core.package_identification:_identify(src/random_publishers) by extension 'ros'
[0.245s] DEBUG:colcon.colcon_core.package_identification:Package 'src/random_publishers' with type 'ros.ament_python' and name 'random_publishers'
[0.245s] Level 1:colcon.colcon_core.package_discovery:discover_packages(recursive) using defaults
[0.245s] Level 1:colcon.colcon_core.package_discovery:discover_packages(ignore) discover
[0.245s] Level 1:colcon.colcon_core.package_discovery:discover_packages(ignore) using defaults
[0.245s] Level 1:colcon.colcon_core.package_discovery:discover_packages(path) discover
[0.245s] Level 1:colcon.colcon_core.package_discovery:discover_packages(path) using defaults
[0.283s] Level 1:colcon.colcon_core.package_discovery:discover_packages(prefix_path) check parameters
[0.283s] Level 1:colcon.colcon_core.package_discovery:discover_packages(prefix_path) discover
[0.284s] WARNING:colcon.colcon_ros.prefix_path.ament:The path '/home/fredrik/dva502_master_thesis/Workspace/install/drone_com' in the environment variable AMENT_PREFIX_PATH doesn't exist
[0.284s] WARNING:colcon.colcon_ros.prefix_path.ament:The path '/home/fredrik/dva502_master_thesis/Workspace/install/drone_start' in the environment variable AMENT_PREFIX_PATH doesn't exist
[0.284s] WARNING:colcon.colcon_ros.prefix_path.ament:The path '/home/fredrik/dva502_master_thesis/Workspace/install/random_publishers' in the environment variable AMENT_PREFIX_PATH doesn't exist
[0.284s] WARNING:colcon.colcon_ros.prefix_path.ament:The path '/home/fredrik/dva502_master_thesis/Workspace/install/custom_drone_interfaces' in the environment variable AMENT_PREFIX_PATH doesn't exist
[0.284s] WARNING:colcon.colcon_ros.prefix_path.catkin:The path '/home/fredrik/dva502_master_thesis/Workspace/install/custom_drone_interfaces' in the environment variable CMAKE_PREFIX_PATH doesn't exist
[0.285s] DEBUG:colcon.colcon_installed_package_information.package_discovery:Found 0 installed packages in /home/fredrik/dva502_master_thesis/Workspace/install
[0.286s] DEBUG:colcon.colcon_installed_package_information.package_discovery:Found 271 installed packages in /opt/ros/humble
[0.287s] Level 1:colcon.colcon_core.package_discovery:discover_packages(prefix_path) using defaults
[0.321s] Level 5:colcon.colcon_core.verb:set package 'custom_drone_interfaces' build argument 'cmake_args' from command line to 'None'
[0.321s] Level 5:colcon.colcon_core.verb:set package 'custom_drone_interfaces' build argument 'cmake_target' from command line to 'None'
[0.321s] Level 5:colcon.colcon_core.verb:set package 'custom_drone_interfaces' build argument 'cmake_target_skip_unavailable' from command line to 'False'
[0.321s] Level 5:colcon.colcon_core.verb:set package 'custom_drone_interfaces' build argument 'cmake_clean_cache' from command line to 'False'
[0.321s] Level 5:colcon.colcon_core.verb:set package 'custom_drone_interfaces' build argument 'cmake_clean_first' from command line to 'False'
[0.321s] Level 5:colcon.colcon_core.verb:set package 'custom_drone_interfaces' build argument 'cmake_force_configure' from command line to 'False'
[0.321s] Level 5:colcon.colcon_core.verb:set package 'custom_drone_interfaces' build argument 'ament_cmake_args' from command line to 'None'
[0.321s] Level 5:colcon.colcon_core.verb:set package 'custom_drone_interfaces' build argument 'catkin_cmake_args' from command line to 'None'
[0.321s] Level 5:colcon.colcon_core.verb:set package 'custom_drone_interfaces' build argument 'catkin_skip_building_tests' from command line to 'False'
[0.321s] DEBUG:colcon.colcon_core.verb:Building package 'custom_drone_interfaces' with the following arguments: {'ament_cmake_args': None, 'build_base': '/home/fredrik/dva502_master_thesis/Workspace/build/custom_drone_interfaces', 'catkin_cmake_args': None, 'catkin_skip_building_tests': False, 'cmake_args': None, 'cmake_clean_cache': False, 'cmake_clean_first': False, 'cmake_force_configure': False, 'cmake_target': None, 'cmake_target_skip_unavailable': False, 'install_base': '/home/fredrik/dva502_master_thesis/Workspace/install/custom_drone_interfaces', 'merge_install': False, 'path': '/home/fredrik/dva502_master_thesis/Workspace/src/custom_drone_interfaces', 'symlink_install': False, 'test_result_base': None}
[0.322s] Level 5:colcon.colcon_core.verb:set package 'random_publishers' build argument 'cmake_args' from command line to 'None'
[0.322s] Level 5:colcon.colcon_core.verb:set package 'random_publishers' build argument 'cmake_target' from command line to 'None'
[0.322s] Level 5:colcon.colcon_core.verb:set package 'random_publishers' build argument 'cmake_target_skip_unavailable' from command line to 'False'
[0.322s] Level 5:colcon.colcon_core.verb:set package 'random_publishers' build argument 'cmake_clean_cache' from command line to 'False'
[0.322s] Level 5:colcon.colcon_core.verb:set package 'random_publishers' build argument 'cmake_clean_first' from command line to 'False'
[0.322s] Level 5:colcon.colcon_core.verb:set package 'random_publishers' build argument 'cmake_force_configure' from command line to 'False'
[0.322s] Level 5:colcon.colcon_core.verb:set package 'random_publishers' build argument 'ament_cmake_args' from command line to 'None'
[0.322s] Level 5:colcon.colcon_core.verb:set package 'random_publishers' build argument 'catkin_cmake_args' from command line to 'None'
[0.322s] Level 5:colcon.colcon_core.verb:set package 'random_publishers' build argument 'catkin_skip_building_tests' from command line to 'False'
[0.322s] DEBUG:colcon.colcon_core.verb:Building package 'random_publishers' with the following arguments: {'ament_cmake_args': None, 'build_base': '/home/fredrik/dva502_master_thesis/Workspace/build/random_publishers', 'catkin_cmake_args': None, 'catkin_skip_building_tests': False, 'cmake_args': None, 'cmake_clean_cache': False, 'cmake_clean_first': False, 'cmake_force_configure': False, 'cmake_target': None, 'cmake_target_skip_unavailable': False, 'install_base': '/home/fredrik/dva502_master_thesis/Workspace/install/random_publishers', 'merge_install': False, 'path': '/home/fredrik/dva502_master_thesis/Workspace/src/random_publishers', 'symlink_install': False, 'test_result_base': None}
[0.322s] Level 5:colcon.colcon_core.verb:set package 'drone_com' build argument 'cmake_args' from command line to 'None'
[0.323s] Level 5:colcon.colcon_core.verb:set package 'drone_com' build argument 'cmake_target' from command line to 'None'
[0.323s] Level 5:colcon.colcon_core.verb:set package 'drone_com' build argument 'cmake_target_skip_unavailable' from command line to 'False'
[0.323s] Level 5:colcon.colcon_core.verb:set package 'drone_com' build argument 'cmake_clean_cache' from command line to 'False'
[0.323s] Level 5:colcon.colcon_core.verb:set package 'drone_com' build argument 'cmake_clean_first' from command line to 'False'
[0.323s] Level 5:colcon.colcon_core.verb:set package 'drone_com' build argument 'cmake_force_configure' from command line to 'False'
[0.323s] Level 5:colcon.colcon_core.verb:set package 'drone_com' build argument 'ament_cmake_args' from command line to 'None'
[0.323s] Level 5:colcon.colcon_core.verb:set package 'drone_com' build argument 'catkin_cmake_args' from command line to 'None'
[0.323s] Level 5:colcon.colcon_core.verb:set package 'drone_com' build argument 'catkin_skip_building_tests' from command line to 'False'
[0.323s] DEBUG:colcon.colcon_core.verb:Building package 'drone_com' with the following arguments: {'ament_cmake_args': None, 'build_base': '/home/fredrik/dva502_master_thesis/Workspace/build/drone_com', 'catkin_cmake_args': None, 'catkin_skip_building_tests': False, 'cmake_args': None, 'cmake_clean_cache': False, 'cmake_clean_first': False, 'cmake_force_configure': False, 'cmake_target': None, 'cmake_target_skip_unavailable': False, 'install_base': '/home/fredrik/dva502_master_thesis/Workspace/install/drone_com', 'merge_install': False, 'path': '/home/fredrik/dva502_master_thesis/Workspace/src/drone_com', 'symlink_install': False, 'test_result_base': None}
[0.323s] Level 5:colcon.colcon_core.verb:set package 'drone_start' build argument 'cmake_args' from command line to 'None'
[0.323s] Level 5:colcon.colcon_core.verb:set package 'drone_start' build argument 'cmake_target' from command line to 'None'
[0.323s] Level 5:colcon.colcon_core.verb:set package 'drone_start' build argument 'cmake_target_skip_unavailable' from command line to 'False'
[0.323s] Level 5:colcon.colcon_core.verb:set package 'drone_start' build argument 'cmake_clean_cache' from command line to 'False'
[0.323s] Level 5:colcon.colcon_core.verb:set package 'drone_start' build argument 'cmake_clean_first' from command line to 'False'
[0.323s] Level 5:colcon.colcon_core.verb:set package 'drone_start' build argument 'cmake_force_configure' from command line to 'False'
[0.323s] Level 5:colcon.colcon_core.verb:set package 'drone_start' build argument 'ament_cmake_args' from command line to 'None'
[0.323s] Level 5:colcon.colcon_core.verb:set package 'drone_start' build argument 'catkin_cmake_args' from command line to 'None'
[0.323s] Level 5:colcon.colcon_core.verb:set package 'drone_start' build argument 'catkin_skip_building_tests' from command line to 'False'
[0.323s] DEBUG:colcon.colcon_core.verb:Building package 'drone_start' with the following arguments: {'ament_cmake_args': None, 'build_base': '/home/fredrik/dva502_master_thesis/Workspace/build/drone_start', 'catkin_cmake_args': None, 'catkin_skip_building_tests': False, 'cmake_args': None, 'cmake_clean_cache': False, 'cmake_clean_first': False, 'cmake_force_configure': False, 'cmake_target': None, 'cmake_target_skip_unavailable': False, 'install_base': '/home/fredrik/dva502_master_thesis/Workspace/install/drone_start', 'merge_install': False, 'path': '/home/fredrik/dva502_master_thesis/Workspace/src/drone_start', 'symlink_install': False, 'test_result_base': None}
[0.323s] INFO:colcon.colcon_core.executor:Executing jobs using 'parallel' executor
[0.325s] DEBUG:colcon.colcon_parallel_executor.executor.parallel:run_until_complete
[0.325s] INFO:colcon.colcon_ros.task.ament_cmake.build:Building ROS package in '/home/fredrik/dva502_master_thesis/Workspace/src/custom_drone_interfaces' with build type 'ament_cmake'
[0.325s] INFO:colcon.colcon_cmake.task.cmake.build:Building CMake package in '/home/fredrik/dva502_master_thesis/Workspace/src/custom_drone_interfaces'
[0.328s] INFO:colcon.colcon_core.plugin_system:Skipping extension 'colcon_core.shell.bat': Not used on non-Windows systems
[0.328s] INFO:colcon.colcon_core.shell:Skip shell extension 'powershell' for command environment: Not usable outside of PowerShell
[0.328s] DEBUG:colcon.colcon_core.shell:Skip shell extension 'dsv' for command environment
[0.331s] INFO:colcon.colcon_ros.task.ament_python.build:Building ROS package in '/home/fredrik/dva502_master_thesis/Workspace/src/random_publishers' with build type 'ament_python'
[0.331s] Level 1:colcon.colcon_core.shell:create_environment_hook('random_publishers', 'ament_prefix_path')
[0.331s] INFO:colcon.colcon_core.shell:Creating environment hook '/home/fredrik/dva502_master_thesis/Workspace/install/random_publishers/share/random_publishers/hook/ament_prefix_path.ps1'
[0.332s] INFO:colcon.colcon_core.shell:Creating environment descriptor '/home/fredrik/dva502_master_thesis/Workspace/install/random_publishers/share/random_publishers/hook/ament_prefix_path.dsv'
[0.333s] INFO:colcon.colcon_core.shell:Creating environment hook '/home/fredrik/dva502_master_thesis/Workspace/install/random_publishers/share/random_publishers/hook/ament_prefix_path.sh'
[0.333s] INFO:colcon.colcon_core.shell:Skip shell extension 'powershell' for command environment: Not usable outside of PowerShell
[0.333s] DEBUG:colcon.colcon_core.shell:Skip shell extension 'dsv' for command environment
[0.341s] DEBUG:colcon.colcon_core.event_handler.log_command:Invoking command in '/home/fredrik/dva502_master_thesis/Workspace/build/custom_drone_interfaces': CMAKE_PREFIX_PATH=${CMAKE_PREFIX_PATH}:/home/fredrik/dva502_master_thesis/Workspace/install/drone_com:/home/fredrik/dva502_master_thesis/Workspace/install/drone_start:/home/fredrik/dva502_master_thesis/Workspace/install/random_publishers:/opt/ros/humble /usr/bin/cmake /home/fredrik/dva502_master_thesis/Workspace/src/custom_drone_interfaces -DCMAKE_INSTALL_PREFIX=/home/fredrik/dva502_master_thesis/Workspace/install/custom_drone_interfaces
[0.592s] INFO:colcon.colcon_core.task.python.build:Building Python package in '/home/fredrik/dva502_master_thesis/Workspace/src/random_publishers'
[0.592s] INFO:colcon.colcon_core.shell:Skip shell extension 'powershell' for command environment: Not usable outside of PowerShell
[0.592s] DEBUG:colcon.colcon_core.shell:Skip shell extension 'dsv' for command environment
[0.910s] DEBUG:colcon.colcon_core.event_handler.log_command:Invoking command in '/home/fredrik/dva502_master_thesis/Workspace/src/random_publishers': PYTHONPATH=/home/fredrik/dva502_master_thesis/Workspace/build/random_publishers/prefix_override:/usr/lib/python3/dist-packages/colcon_core/task/python/colcon_distutils_commands:/home/fredrik/dva502_master_thesis/Workspace/install/random_publishers/lib/python3.10/site-packages:${PYTHONPATH} /usr/bin/python3 -W ignore:setup.py install is deprecated -W ignore:easy_install command is deprecated setup.py egg_info --egg-base ../../build/random_publishers build --build-base /home/fredrik/dva502_master_thesis/Workspace/build/random_publishers/build install --record /home/fredrik/dva502_master_thesis/Workspace/build/random_publishers/install.log --single-version-externally-managed install_data
[1.191s] DEBUG:colcon.colcon_core.event_handler.log_command:Invoked command in '/home/fredrik/dva502_master_thesis/Workspace/src/random_publishers' returned '0': PYTHONPATH=/home/fredrik/dva502_master_thesis/Workspace/build/random_publishers/prefix_override:/usr/lib/python3/dist-packages/colcon_core/task/python/colcon_distutils_commands:/home/fredrik/dva502_master_thesis/Workspace/install/random_publishers/lib/python3.10/site-packages:${PYTHONPATH} /usr/bin/python3 -W ignore:setup.py install is deprecated -W ignore:easy_install command is deprecated setup.py egg_info --egg-base ../../build/random_publishers build --build-base /home/fredrik/dva502_master_thesis/Workspace/build/random_publishers/build install --record /home/fredrik/dva502_master_thesis/Workspace/build/random_publishers/install.log --single-version-externally-managed install_data
[1.194s] Level 1:colcon.colcon_core.environment:checking '/home/fredrik/dva502_master_thesis/Workspace/install/random_publishers' for CMake module files
[1.195s] Level 1:colcon.colcon_core.environment:checking '/home/fredrik/dva502_master_thesis/Workspace/install/random_publishers' for CMake config files
[1.195s] Level 1:colcon.colcon_core.environment:checking '/home/fredrik/dva502_master_thesis/Workspace/install/random_publishers/lib'
[1.196s] Level 1:colcon.colcon_core.environment:checking '/home/fredrik/dva502_master_thesis/Workspace/install/random_publishers/bin'
[1.196s] Level 1:colcon.colcon_core.environment:checking '/home/fredrik/dva502_master_thesis/Workspace/install/random_publishers/lib/pkgconfig/random_publishers.pc'
[1.196s] Level 1:colcon.colcon_core.environment:checking '/home/fredrik/dva502_master_thesis/Workspace/install/random_publishers/lib/python3.10/site-packages'
[1.196s] Level 1:colcon.colcon_core.shell:create_environment_hook('random_publishers', 'pythonpath')
[1.196s] INFO:colcon.colcon_core.shell:Creating environment hook '/home/fredrik/dva502_master_thesis/Workspace/install/random_publishers/share/random_publishers/hook/pythonpath.ps1'
[1.197s] INFO:colcon.colcon_core.shell:Creating environment descriptor '/home/fredrik/dva502_master_thesis/Workspace/install/random_publishers/share/random_publishers/hook/pythonpath.dsv'
[1.197s] INFO:colcon.colcon_core.shell:Creating environment hook '/home/fredrik/dva502_master_thesis/Workspace/install/random_publishers/share/random_publishers/hook/pythonpath.sh'
[1.197s] Level 1:colcon.colcon_core.environment:checking '/home/fredrik/dva502_master_thesis/Workspace/install/random_publishers/bin'
[1.197s] Level 1:colcon.colcon_core.environment:create_environment_scripts_only(random_publishers)
[1.198s] INFO:colcon.colcon_core.shell:Creating package script '/home/fredrik/dva502_master_thesis/Workspace/install/random_publishers/share/random_publishers/package.ps1'
[1.199s] INFO:colcon.colcon_core.shell:Creating package descriptor '/home/fredrik/dva502_master_thesis/Workspace/install/random_publishers/share/random_publishers/package.dsv'
[1.200s] INFO:colcon.colcon_core.shell:Creating package script '/home/fredrik/dva502_master_thesis/Workspace/install/random_publishers/share/random_publishers/package.sh'
[1.201s] INFO:colcon.colcon_core.shell:Creating package script '/home/fredrik/dva502_master_thesis/Workspace/install/random_publishers/share/random_publishers/package.bash'
[1.203s] INFO:colcon.colcon_core.shell:Creating package script '/home/fredrik/dva502_master_thesis/Workspace/install/random_publishers/share/random_publishers/package.zsh'
[1.203s] Level 1:colcon.colcon_core.environment:create_file_with_runtime_dependencies(/home/fredrik/dva502_master_thesis/Workspace/install/random_publishers/share/colcon-core/packages/random_publishers)
[2.516s] DEBUG:colcon.colcon_core.event_handler.log_command:Invoked command in '/home/fredrik/dva502_master_thesis/Workspace/build/custom_drone_interfaces' returned '0': CMAKE_PREFIX_PATH=${CMAKE_PREFIX_PATH}:/home/fredrik/dva502_master_thesis/Workspace/install/drone_com:/home/fredrik/dva502_master_thesis/Workspace/install/drone_start:/home/fredrik/dva502_master_thesis/Workspace/install/random_publishers:/opt/ros/humble /usr/bin/cmake /home/fredrik/dva502_master_thesis/Workspace/src/custom_drone_interfaces -DCMAKE_INSTALL_PREFIX=/home/fredrik/dva502_master_thesis/Workspace/install/custom_drone_interfaces
[2.518s] DEBUG:colcon.colcon_core.event_handler.log_command:Invoking command in '/home/fredrik/dva502_master_thesis/Workspace/build/custom_drone_interfaces': CMAKE_PREFIX_PATH=${CMAKE_PREFIX_PATH}:/home/fredrik/dva502_master_thesis/Workspace/install/drone_com:/home/fredrik/dva502_master_thesis/Workspace/install/drone_start:/home/fredrik/dva502_master_thesis/Workspace/install/random_publishers:/opt/ros/humble /usr/bin/cmake --build /home/fredrik/dva502_master_thesis/Workspace/build/custom_drone_interfaces -- -j8 -l8
[20.400s] DEBUG:colcon.colcon_core.event_handler.log_command:Invoked command in '/home/fredrik/dva502_master_thesis/Workspace/build/custom_drone_interfaces' returned '0': CMAKE_PREFIX_PATH=${CMAKE_PREFIX_PATH}:/home/fredrik/dva502_master_thesis/Workspace/install/drone_com:/home/fredrik/dva502_master_thesis/Workspace/install/drone_start:/home/fredrik/dva502_master_thesis/Workspace/install/random_publishers:/opt/ros/humble /usr/bin/cmake --build /home/fredrik/dva502_master_thesis/Workspace/build/custom_drone_interfaces -- -j8 -l8
[20.409s] DEBUG:colcon.colcon_core.event_handler.log_command:Invoking command in '/home/fredrik/dva502_master_thesis/Workspace/build/custom_drone_interfaces': CMAKE_PREFIX_PATH=${CMAKE_PREFIX_PATH}:/home/fredrik/dva502_master_thesis/Workspace/install/drone_com:/home/fredrik/dva502_master_thesis/Workspace/install/drone_start:/home/fredrik/dva502_master_thesis/Workspace/install/random_publishers:/opt/ros/humble /usr/bin/cmake --install /home/fredrik/dva502_master_thesis/Workspace/build/custom_drone_interfaces
[20.552s] Level 1:colcon.colcon_core.environment:create_environment_scripts_only(custom_drone_interfaces)
[20.552s] Level 1:colcon.colcon_core.environment:checking '/home/fredrik/dva502_master_thesis/Workspace/install/custom_drone_interfaces' for CMake module files
[20.553s] DEBUG:colcon.colcon_core.event_handler.log_command:Invoked command in '/home/fredrik/dva502_master_thesis/Workspace/build/custom_drone_interfaces' returned '0': CMAKE_PREFIX_PATH=${CMAKE_PREFIX_PATH}:/home/fredrik/dva502_master_thesis/Workspace/install/drone_com:/home/fredrik/dva502_master_thesis/Workspace/install/drone_start:/home/fredrik/dva502_master_thesis/Workspace/install/random_publishers:/opt/ros/humble /usr/bin/cmake --install /home/fredrik/dva502_master_thesis/Workspace/build/custom_drone_interfaces
[20.553s] Level 1:colcon.colcon_core.environment:checking '/home/fredrik/dva502_master_thesis/Workspace/install/custom_drone_interfaces' for CMake config files
[20.554s] Level 1:colcon.colcon_core.shell:create_environment_hook('custom_drone_interfaces', 'cmake_prefix_path')
[20.554s] INFO:colcon.colcon_core.shell:Creating environment hook '/home/fredrik/dva502_master_thesis/Workspace/install/custom_drone_interfaces/share/custom_drone_interfaces/hook/cmake_prefix_path.ps1'
[20.555s] INFO:colcon.colcon_core.shell:Creating environment descriptor '/home/fredrik/dva502_master_thesis/Workspace/install/custom_drone_interfaces/share/custom_drone_interfaces/hook/cmake_prefix_path.dsv'
[20.555s] INFO:colcon.colcon_core.shell:Creating environment hook '/home/fredrik/dva502_master_thesis/Workspace/install/custom_drone_interfaces/share/custom_drone_interfaces/hook/cmake_prefix_path.sh'
[20.556s] Level 1:colcon.colcon_core.environment:checking '/home/fredrik/dva502_master_thesis/Workspace/install/custom_drone_interfaces/lib'
[20.556s] Level 1:colcon.colcon_core.shell:create_environment_hook('custom_drone_interfaces', 'ld_library_path_lib')
[20.556s] INFO:colcon.colcon_core.shell:Creating environment hook '/home/fredrik/dva502_master_thesis/Workspace/install/custom_drone_interfaces/share/custom_drone_interfaces/hook/ld_library_path_lib.ps1'
[20.556s] INFO:colcon.colcon_core.shell:Creating environment descriptor '/home/fredrik/dva502_master_thesis/Workspace/install/custom_drone_interfaces/share/custom_drone_interfaces/hook/ld_library_path_lib.dsv'
[20.557s] INFO:colcon.colcon_core.shell:Creating environment hook '/home/fredrik/dva502_master_thesis/Workspace/install/custom_drone_interfaces/share/custom_drone_interfaces/hook/ld_library_path_lib.sh'
[20.557s] Level 1:colcon.colcon_core.environment:checking '/home/fredrik/dva502_master_thesis/Workspace/install/custom_drone_interfaces/bin'
[20.557s] Level 1:colcon.colcon_core.environment:checking '/home/fredrik/dva502_master_thesis/Workspace/install/custom_drone_interfaces/lib/pkgconfig/custom_drone_interfaces.pc'
[20.557s] Level 1:colcon.colcon_core.environment:checking '/home/fredrik/dva502_master_thesis/Workspace/install/custom_drone_interfaces/lib/python3.10/site-packages'
[20.557s] Level 1:colcon.colcon_core.environment:checking '/home/fredrik/dva502_master_thesis/Workspace/install/custom_drone_interfaces/bin'
[20.558s] INFO:colcon.colcon_core.shell:Creating package script '/home/fredrik/dva502_master_thesis/Workspace/install/custom_drone_interfaces/share/custom_drone_interfaces/package.ps1'
[20.558s] INFO:colcon.colcon_core.shell:Creating package descriptor '/home/fredrik/dva502_master_thesis/Workspace/install/custom_drone_interfaces/share/custom_drone_interfaces/package.dsv'
[20.559s] INFO:colcon.colcon_core.shell:Creating package script '/home/fredrik/dva502_master_thesis/Workspace/install/custom_drone_interfaces/share/custom_drone_interfaces/package.sh'
[20.559s] INFO:colcon.colcon_core.shell:Creating package script '/home/fredrik/dva502_master_thesis/Workspace/install/custom_drone_interfaces/share/custom_drone_interfaces/package.bash'
[20.560s] INFO:colcon.colcon_core.shell:Creating package script '/home/fredrik/dva502_master_thesis/Workspace/install/custom_drone_interfaces/share/custom_drone_interfaces/package.zsh'
[20.560s] Level 1:colcon.colcon_core.environment:create_file_with_runtime_dependencies(/home/fredrik/dva502_master_thesis/Workspace/install/custom_drone_interfaces/share/colcon-core/packages/custom_drone_interfaces)
[20.561s] Level 1:colcon.colcon_core.environment:create_environment_scripts_only(custom_drone_interfaces)
[20.561s] Level 1:colcon.colcon_core.environment:checking '/home/fredrik/dva502_master_thesis/Workspace/install/custom_drone_interfaces' for CMake module files
[20.561s] Level 1:colcon.colcon_core.environment:checking '/home/fredrik/dva502_master_thesis/Workspace/install/custom_drone_interfaces' for CMake config files
[20.562s] Level 1:colcon.colcon_core.shell:create_environment_hook('custom_drone_interfaces', 'cmake_prefix_path')
[20.562s] INFO:colcon.colcon_core.shell:Creating environment hook '/home/fredrik/dva502_master_thesis/Workspace/install/custom_drone_interfaces/share/custom_drone_interfaces/hook/cmake_prefix_path.ps1'
[20.563s] INFO:colcon.colcon_core.shell:Creating environment descriptor '/home/fredrik/dva502_master_thesis/Workspace/install/custom_drone_interfaces/share/custom_drone_interfaces/hook/cmake_prefix_path.dsv'
[20.563s] INFO:colcon.colcon_core.shell:Creating environment hook '/home/fredrik/dva502_master_thesis/Workspace/install/custom_drone_interfaces/share/custom_drone_interfaces/hook/cmake_prefix_path.sh'
[20.564s] Level 1:colcon.colcon_core.environment:checking '/home/fredrik/dva502_master_thesis/Workspace/install/custom_drone_interfaces/lib'
[20.564s] Level 1:colcon.colcon_core.shell:create_environment_hook('custom_drone_interfaces', 'ld_library_path_lib')
[20.564s] INFO:colcon.colcon_core.shell:Creating environment hook '/home/fredrik/dva502_master_thesis/Workspace/install/custom_drone_interfaces/share/custom_drone_interfaces/hook/ld_library_path_lib.ps1'
[20.564s] INFO:colcon.colcon_core.shell:Creating environment descriptor '/home/fredrik/dva502_master_thesis/Workspace/install/custom_drone_interfaces/share/custom_drone_interfaces/hook/ld_library_path_lib.dsv'
[20.565s] INFO:colcon.colcon_core.shell:Creating environment hook '/home/fredrik/dva502_master_thesis/Workspace/install/custom_drone_interfaces/share/custom_drone_interfaces/hook/ld_library_path_lib.sh'
[20.565s] Level 1:colcon.colcon_core.environment:checking '/home/fredrik/dva502_master_thesis/Workspace/install/custom_drone_interfaces/bin'
[20.565s] Level 1:colcon.colcon_core.environment:checking '/home/fredrik/dva502_master_thesis/Workspace/install/custom_drone_interfaces/lib/pkgconfig/custom_drone_interfaces.pc'
[20.565s] Level 1:colcon.colcon_core.environment:checking '/home/fredrik/dva502_master_thesis/Workspace/install/custom_drone_interfaces/lib/python3.10/site-packages'
[20.566s] Level 1:colcon.colcon_core.environment:checking '/home/fredrik/dva502_master_thesis/Workspace/install/custom_drone_interfaces/bin'
[20.566s] INFO:colcon.colcon_core.shell:Creating package script '/home/fredrik/dva502_master_thesis/Workspace/install/custom_drone_interfaces/share/custom_drone_interfaces/package.ps1'
[20.567s] INFO:colcon.colcon_core.shell:Creating package descriptor '/home/fredrik/dva502_master_thesis/Workspace/install/custom_drone_interfaces/share/custom_drone_interfaces/package.dsv'
[20.567s] INFO:colcon.colcon_core.shell:Creating package script '/home/fredrik/dva502_master_thesis/Workspace/install/custom_drone_interfaces/share/custom_drone_interfaces/package.sh'
[20.568s] INFO:colcon.colcon_core.shell:Creating package script '/home/fredrik/dva502_master_thesis/Workspace/install/custom_drone_interfaces/share/custom_drone_interfaces/package.bash'
[20.568s] INFO:colcon.colcon_core.shell:Creating package script '/home/fredrik/dva502_master_thesis/Workspace/install/custom_drone_interfaces/share/custom_drone_interfaces/package.zsh'
[20.568s] Level 1:colcon.colcon_core.environment:create_file_with_runtime_dependencies(/home/fredrik/dva502_master_thesis/Workspace/install/custom_drone_interfaces/share/colcon-core/packages/custom_drone_interfaces)
[20.569s] INFO:colcon.colcon_ros.task.ament_python.build:Building ROS package in '/home/fredrik/dva502_master_thesis/Workspace/src/drone_com' with build type 'ament_python'
[20.569s] Level 1:colcon.colcon_core.shell:create_environment_hook('drone_com', 'ament_prefix_path')
[20.569s] INFO:colcon.colcon_core.shell:Creating environment hook '/home/fredrik/dva502_master_thesis/Workspace/install/drone_com/share/drone_com/hook/ament_prefix_path.ps1'
[20.570s] INFO:colcon.colcon_core.shell:Creating environment descriptor '/home/fredrik/dva502_master_thesis/Workspace/install/drone_com/share/drone_com/hook/ament_prefix_path.dsv'
[20.570s] INFO:colcon.colcon_core.shell:Creating environment hook '/home/fredrik/dva502_master_thesis/Workspace/install/drone_com/share/drone_com/hook/ament_prefix_path.sh'
[20.571s] INFO:colcon.colcon_core.shell:Skip shell extension 'powershell' for command environment: Not usable outside of PowerShell
[20.571s] DEBUG:colcon.colcon_core.shell:Skip shell extension 'dsv' for command environment
[20.804s] INFO:colcon.colcon_core.task.python.build:Building Python package in '/home/fredrik/dva502_master_thesis/Workspace/src/drone_com'
[20.805s] INFO:colcon.colcon_core.shell:Skip shell extension 'powershell' for command environment: Not usable outside of PowerShell
[20.805s] DEBUG:colcon.colcon_core.shell:Skip shell extension 'dsv' for command environment
[21.096s] DEBUG:colcon.colcon_core.event_handler.log_command:Invoking command in '/home/fredrik/dva502_master_thesis/Workspace/src/drone_com': PYTHONPATH=/home/fredrik/dva502_master_thesis/Workspace/build/drone_com/prefix_override:/usr/lib/python3/dist-packages/colcon_core/task/python/colcon_distutils_commands:/home/fredrik/dva502_master_thesis/Workspace/install/drone_com/lib/python3.10/site-packages:${PYTHONPATH} /usr/bin/python3 -W ignore:setup.py install is deprecated -W ignore:easy_install command is deprecated setup.py egg_info --egg-base ../../build/drone_com build --build-base /home/fredrik/dva502_master_thesis/Workspace/build/drone_com/build install --record /home/fredrik/dva502_master_thesis/Workspace/build/drone_com/install.log --single-version-externally-managed install_data
[21.362s] Level 1:colcon.colcon_core.environment:checking '/home/fredrik/dva502_master_thesis/Workspace/install/drone_com' for CMake module files
[21.363s] DEBUG:colcon.colcon_core.event_handler.log_command:Invoked command in '/home/fredrik/dva502_master_thesis/Workspace/src/drone_com' returned '0': PYTHONPATH=/home/fredrik/dva502_master_thesis/Workspace/build/drone_com/prefix_override:/usr/lib/python3/dist-packages/colcon_core/task/python/colcon_distutils_commands:/home/fredrik/dva502_master_thesis/Workspace/install/drone_com/lib/python3.10/site-packages:${PYTHONPATH} /usr/bin/python3 -W ignore:setup.py install is deprecated -W ignore:easy_install command is deprecated setup.py egg_info --egg-base ../../build/drone_com build --build-base /home/fredrik/dva502_master_thesis/Workspace/build/drone_com/build install --record /home/fredrik/dva502_master_thesis/Workspace/build/drone_com/install.log --single-version-externally-managed install_data
[21.363s] Level 1:colcon.colcon_core.environment:checking '/home/fredrik/dva502_master_thesis/Workspace/install/drone_com' for CMake config files
[21.364s] Level 1:colcon.colcon_core.environment:checking '/home/fredrik/dva502_master_thesis/Workspace/install/drone_com/lib'
[21.364s] Level 1:colcon.colcon_core.environment:checking '/home/fredrik/dva502_master_thesis/Workspace/install/drone_com/bin'
[21.364s] Level 1:colcon.colcon_core.environment:checking '/home/fredrik/dva502_master_thesis/Workspace/install/drone_com/lib/pkgconfig/drone_com.pc'
[21.364s] Level 1:colcon.colcon_core.environment:checking '/home/fredrik/dva502_master_thesis/Workspace/install/drone_com/lib/python3.10/site-packages'
[21.364s] Level 1:colcon.colcon_core.shell:create_environment_hook('drone_com', 'pythonpath')
[21.364s] INFO:colcon.colcon_core.shell:Creating environment hook '/home/fredrik/dva502_master_thesis/Workspace/install/drone_com/share/drone_com/hook/pythonpath.ps1'
[21.365s] INFO:colcon.colcon_core.shell:Creating environment descriptor '/home/fredrik/dva502_master_thesis/Workspace/install/drone_com/share/drone_com/hook/pythonpath.dsv'
[21.365s] INFO:colcon.colcon_core.shell:Creating environment hook '/home/fredrik/dva502_master_thesis/Workspace/install/drone_com/share/drone_com/hook/pythonpath.sh'
[21.365s] Level 1:colcon.colcon_core.environment:checking '/home/fredrik/dva502_master_thesis/Workspace/install/drone_com/bin'
[21.366s] Level 1:colcon.colcon_core.environment:create_environment_scripts_only(drone_com)
[21.366s] INFO:colcon.colcon_core.shell:Creating package script '/home/fredrik/dva502_master_thesis/Workspace/install/drone_com/share/drone_com/package.ps1'
[21.366s] INFO:colcon.colcon_core.shell:Creating package descriptor '/home/fredrik/dva502_master_thesis/Workspace/install/drone_com/share/drone_com/package.dsv'
[21.367s] INFO:colcon.colcon_core.shell:Creating package script '/home/fredrik/dva502_master_thesis/Workspace/install/drone_com/share/drone_com/package.sh'
[21.367s] INFO:colcon.colcon_core.shell:Creating package script '/home/fredrik/dva502_master_thesis/Workspace/install/drone_com/share/drone_com/package.bash'
[21.367s] INFO:colcon.colcon_core.shell:Creating package script '/home/fredrik/dva502_master_thesis/Workspace/install/drone_com/share/drone_com/package.zsh'
[21.368s] Level 1:colcon.colcon_core.environment:create_file_with_runtime_dependencies(/home/fredrik/dva502_master_thesis/Workspace/install/drone_com/share/colcon-core/packages/drone_com)
[21.368s] INFO:colcon.colcon_ros.task.ament_python.build:Building ROS package in '/home/fredrik/dva502_master_thesis/Workspace/src/drone_start' with build type 'ament_python'
[21.368s] Level 1:colcon.colcon_core.shell:create_environment_hook('drone_start', 'ament_prefix_path')
[21.369s] INFO:colcon.colcon_core.shell:Creating environment hook '/home/fredrik/dva502_master_thesis/Workspace/install/drone_start/share/drone_start/hook/ament_prefix_path.ps1'
[21.370s] INFO:colcon.colcon_core.shell:Creating environment descriptor '/home/fredrik/dva502_master_thesis/Workspace/install/drone_start/share/drone_start/hook/ament_prefix_path.dsv'
[21.370s] INFO:colcon.colcon_core.shell:Creating environment hook '/home/fredrik/dva502_master_thesis/Workspace/install/drone_start/share/drone_start/hook/ament_prefix_path.sh'
[21.371s] INFO:colcon.colcon_core.shell:Skip shell extension 'powershell' for command environment: Not usable outside of PowerShell
[21.371s] DEBUG:colcon.colcon_core.shell:Skip shell extension 'dsv' for command environment
[21.379s] WARNING:colcon.colcon_ros.task.ament_python.build:Package 'drone_start' doesn't explicitly install a marker in the package index (colcon-ros currently does it implicitly but that fallback will be removed in the future)
[21.379s] INFO:colcon.colcon_core.task.python.build:Building Python package in '/home/fredrik/dva502_master_thesis/Workspace/src/drone_start'
[21.380s] INFO:colcon.colcon_core.shell:Skip shell extension 'powershell' for command environment: Not usable outside of PowerShell
[21.380s] DEBUG:colcon.colcon_core.shell:Skip shell extension 'dsv' for command environment
[21.687s] DEBUG:colcon.colcon_core.event_handler.log_command:Invoking command in '/home/fredrik/dva502_master_thesis/Workspace/src/drone_start': AMENT_PREFIX_PATH=/home/fredrik/dva502_master_thesis/Workspace/install/drone_com:/home/fredrik/dva502_master_thesis/Workspace/install/random_publishers:/home/fredrik/dva502_master_thesis/Workspace/install/drone_start:/home/fredrik/dva502_master_thesis/Workspace/install/custom_drone_interfaces:/opt/ros/humble PYTHONPATH=/home/fredrik/dva502_master_thesis/Workspace/build/drone_start/prefix_override:/usr/lib/python3/dist-packages/colcon_core/task/python/colcon_distutils_commands:/home/fredrik/dva502_master_thesis/Workspace/install/drone_start/lib/python3.10/site-packages:/home/fredrik/dva502_master_thesis/Workspace/install/drone_com/lib/python3.10/site-packages:/home/fredrik/dva502_master_thesis/Workspace/install/random_publishers/lib/python3.10/site-packages:/home/fredrik/dva502_master_thesis/Workspace/build/drone_start:/home/fredrik/dva502_master_thesis/Workspace/build/random_publishers:/home/fredrik/dva502_master_thesis/Workspace/build/drone_com:/home/fredrik/dva502_master_thesis/Workspace/install/drone_start/lib/python3.10/site-packages:/home/fredrik/dva502_master_thesis/Workspace/install/custom_drone_interfaces/local/lib/python3.10/dist-packages:/opt/ros/humble/lib/python3.10/site-packages:/opt/ros/humble/local/lib/python3.10/dist-packages /usr/bin/python3 -W ignore:setup.py install is deprecated -W ignore:easy_install command is deprecated setup.py egg_info --egg-base ../../build/drone_start build --build-base /home/fredrik/dva502_master_thesis/Workspace/build/drone_start/build install --record /home/fredrik/dva502_master_thesis/Workspace/build/drone_start/install.log --single-version-externally-managed install_data
[21.950s] Level 1:colcon.colcon_core.environment:checking '/home/fredrik/dva502_master_thesis/Workspace/install/drone_start' for CMake module files
[21.950s] DEBUG:colcon.colcon_core.event_handler.log_command:Invoked command in '/home/fredrik/dva502_master_thesis/Workspace/src/drone_start' returned '0': AMENT_PREFIX_PATH=/home/fredrik/dva502_master_thesis/Workspace/install/drone_com:/home/fredrik/dva502_master_thesis/Workspace/install/random_publishers:/home/fredrik/dva502_master_thesis/Workspace/install/drone_start:/home/fredrik/dva502_master_thesis/Workspace/install/custom_drone_interfaces:/opt/ros/humble PYTHONPATH=/home/fredrik/dva502_master_thesis/Workspace/build/drone_start/prefix_override:/usr/lib/python3/dist-packages/colcon_core/task/python/colcon_distutils_commands:/home/fredrik/dva502_master_thesis/Workspace/install/drone_start/lib/python3.10/site-packages:/home/fredrik/dva502_master_thesis/Workspace/install/drone_com/lib/python3.10/site-packages:/home/fredrik/dva502_master_thesis/Workspace/install/random_publishers/lib/python3.10/site-packages:/home/fredrik/dva502_master_thesis/Workspace/build/drone_start:/home/fredrik/dva502_master_thesis/Workspace/build/random_publishers:/home/fredrik/dva502_master_thesis/Workspace/build/drone_com:/home/fredrik/dva502_master_thesis/Workspace/install/drone_start/lib/python3.10/site-packages:/home/fredrik/dva502_master_thesis/Workspace/install/custom_drone_interfaces/local/lib/python3.10/dist-packages:/opt/ros/humble/lib/python3.10/site-packages:/opt/ros/humble/local/lib/python3.10/dist-packages /usr/bin/python3 -W ignore:setup.py install is deprecated -W ignore:easy_install command is deprecated setup.py egg_info --egg-base ../../build/drone_start build --build-base /home/fredrik/dva502_master_thesis/Workspace/build/drone_start/build install --record /home/fredrik/dva502_master_thesis/Workspace/build/drone_start/install.log --single-version-externally-managed install_data
[21.951s] Level 1:colcon.colcon_core.environment:checking '/home/fredrik/dva502_master_thesis/Workspace/install/drone_start' for CMake config files
[21.951s] Level 1:colcon.colcon_core.environment:checking '/home/fredrik/dva502_master_thesis/Workspace/install/drone_start/lib'
[21.951s] Level 1:colcon.colcon_core.environment:checking '/home/fredrik/dva502_master_thesis/Workspace/install/drone_start/bin'
[21.951s] Level 1:colcon.colcon_core.shell:create_environment_hook('drone_start', 'path')
[21.951s] INFO:colcon.colcon_core.shell:Creating environment hook '/home/fredrik/dva502_master_thesis/Workspace/install/drone_start/share/drone_start/hook/path.ps1'
[21.952s] INFO:colcon.colcon_core.shell:Creating environment descriptor '/home/fredrik/dva502_master_thesis/Workspace/install/drone_start/share/drone_start/hook/path.dsv'
[21.952s] INFO:colcon.colcon_core.shell:Creating environment hook '/home/fredrik/dva502_master_thesis/Workspace/install/drone_start/share/drone_start/hook/path.sh'
[21.953s] Level 1:colcon.colcon_core.environment:checking '/home/fredrik/dva502_master_thesis/Workspace/install/drone_start/lib/pkgconfig/drone_start.pc'
[21.953s] Level 1:colcon.colcon_core.environment:checking '/home/fredrik/dva502_master_thesis/Workspace/install/drone_start/lib/python3.10/site-packages'
[21.953s] Level 1:colcon.colcon_core.shell:create_environment_hook('drone_start', 'pythonpath')
[21.953s] INFO:colcon.colcon_core.shell:Creating environment hook '/home/fredrik/dva502_master_thesis/Workspace/install/drone_start/share/drone_start/hook/pythonpath.ps1'
[21.953s] INFO:colcon.colcon_core.shell:Creating environment descriptor '/home/fredrik/dva502_master_thesis/Workspace/install/drone_start/share/drone_start/hook/pythonpath.dsv'
[21.954s] INFO:colcon.colcon_core.shell:Creating environment hook '/home/fredrik/dva502_master_thesis/Workspace/install/drone_start/share/drone_start/hook/pythonpath.sh'
[21.954s] Level 1:colcon.colcon_core.environment:checking '/home/fredrik/dva502_master_thesis/Workspace/install/drone_start/bin'
[21.954s] Level 1:colcon.colcon_core.shell:create_environment_hook('drone_start', 'pythonscriptspath')
[21.955s] INFO:colcon.colcon_core.shell:Creating environment hook '/home/fredrik/dva502_master_thesis/Workspace/install/drone_start/share/drone_start/hook/pythonscriptspath.ps1'
[21.955s] INFO:colcon.colcon_core.shell:Creating environment descriptor '/home/fredrik/dva502_master_thesis/Workspace/install/drone_start/share/drone_start/hook/pythonscriptspath.dsv'
[21.955s] INFO:colcon.colcon_core.shell:Creating environment hook '/home/fredrik/dva502_master_thesis/Workspace/install/drone_start/share/drone_start/hook/pythonscriptspath.sh'
[21.956s] Level 1:colcon.colcon_core.environment:create_environment_scripts_only(drone_start)
[21.956s] INFO:colcon.colcon_core.shell:Creating package script '/home/fredrik/dva502_master_thesis/Workspace/install/drone_start/share/drone_start/package.ps1'
[21.957s] INFO:colcon.colcon_core.shell:Creating package descriptor '/home/fredrik/dva502_master_thesis/Workspace/install/drone_start/share/drone_start/package.dsv'
[21.957s] INFO:colcon.colcon_core.shell:Creating package script '/home/fredrik/dva502_master_thesis/Workspace/install/drone_start/share/drone_start/package.sh'
[21.957s] INFO:colcon.colcon_core.shell:Creating package script '/home/fredrik/dva502_master_thesis/Workspace/install/drone_start/share/drone_start/package.bash'
[21.958s] INFO:colcon.colcon_core.shell:Creating package script '/home/fredrik/dva502_master_thesis/Workspace/install/drone_start/share/drone_start/package.zsh'
[21.958s] Level 1:colcon.colcon_core.environment:create_file_with_runtime_dependencies(/home/fredrik/dva502_master_thesis/Workspace/install/drone_start/share/colcon-core/packages/drone_start)
[21.958s] DEBUG:colcon.colcon_parallel_executor.executor.parallel:closing loop
[21.959s] DEBUG:colcon.colcon_parallel_executor.executor.parallel:loop closed
[21.959s] DEBUG:colcon.colcon_parallel_executor.executor.parallel:run_until_complete finished with '0'
[21.959s] DEBUG:colcon.colcon_core.event_reactor:joining thread
[21.964s] INFO:colcon.colcon_core.plugin_system:Skipping extension 'colcon_notification.desktop_notification.terminal_notifier': Not used on non-Darwin systems
[21.964s] INFO:colcon.colcon_core.plugin_system:Skipping extension 'colcon_notification.desktop_notification.win32': Not used on non-Windows systems
[21.964s] INFO:colcon.colcon_notification.desktop_notification:Sending desktop notification using 'notify2'
[21.975s] DEBUG:colcon.colcon_core.event_reactor:joined thread
[21.975s] INFO:colcon.colcon_core.shell:Creating prefix script '/home/fredrik/dva502_master_thesis/Workspace/install/local_setup.ps1'
[21.977s] INFO:colcon.colcon_core.shell:Creating prefix util module '/home/fredrik/dva502_master_thesis/Workspace/install/_local_setup_util_ps1.py'
[21.979s] INFO:colcon.colcon_core.shell:Creating prefix chain script '/home/fredrik/dva502_master_thesis/Workspace/install/setup.ps1'
[21.981s] INFO:colcon.colcon_core.shell:Creating prefix script '/home/fredrik/dva502_master_thesis/Workspace/install/local_setup.sh'
[21.982s] INFO:colcon.colcon_core.shell:Creating prefix util module '/home/fredrik/dva502_master_thesis/Workspace/install/_local_setup_util_sh.py'
[21.982s] INFO:colcon.colcon_core.shell:Creating prefix chain script '/home/fredrik/dva502_master_thesis/Workspace/install/setup.sh'
[21.983s] INFO:colcon.colcon_core.shell:Creating prefix script '/home/fredrik/dva502_master_thesis/Workspace/install/local_setup.bash'
[21.984s] INFO:colcon.colcon_core.shell:Creating prefix chain script '/home/fredrik/dva502_master_thesis/Workspace/install/setup.bash'
[21.985s] INFO:colcon.colcon_core.shell:Creating prefix script '/home/fredrik/dva502_master_thesis/Workspace/install/local_setup.zsh'
[21.986s] INFO:colcon.colcon_core.shell:Creating prefix chain script '/home/fredrik/dva502_master_thesis/Workspace/install/setup.zsh'
