[0.520s] Invoking command in '/home/viktor/dva502_master_thesis/Workspace/src/drone_com': PYTHONPATH=/home/viktor/dva502_master_thesis/Workspace/build/drone_com/prefix_override:/usr/lib/python3/dist-packages/colcon_core/task/python/colcon_distutils_commands:/home/viktor/dva502_master_thesis/Workspace/install/drone_com/lib/python3.10/site-packages:${PYTHONPATH} /usr/bin/python3 -W ignore:setup.py install is deprecated -W ignore:easy_install command is deprecated setup.py egg_info --egg-base ../../build/drone_com build --build-base /home/viktor/dva502_master_thesis/Workspace/build/drone_com/build install --record /home/viktor/dva502_master_thesis/Workspace/build/drone_com/install.log --single-version-externally-managed install_data
[0.735s] running egg_info
[0.735s] creating ../../build/drone_com/drone_com.egg-info
[0.735s] writing ../../build/drone_com/drone_com.egg-info/PKG-INFO
[0.735s] writing dependency_links to ../../build/drone_com/drone_com.egg-info/dependency_links.txt
[0.736s] writing entry points to ../../build/drone_com/drone_com.egg-info/entry_points.txt
[0.736s] writing requirements to ../../build/drone_com/drone_com.egg-info/requires.txt
[0.736s] writing top-level names to ../../build/drone_com/drone_com.egg-info/top_level.txt
[0.736s] writing manifest file '../../build/drone_com/drone_com.egg-info/SOURCES.txt'
[0.737s] reading manifest file '../../build/drone_com/drone_com.egg-info/SOURCES.txt'
[0.738s] writing manifest file '../../build/drone_com/drone_com.egg-info/SOURCES.txt'
[0.738s] running build
[0.738s] running build_py
[0.738s] creating /home/viktor/dva502_master_thesis/Workspace/build/drone_com/build
[0.738s] creating /home/viktor/dva502_master_thesis/Workspace/build/drone_com/build/lib
[0.738s] creating /home/viktor/dva502_master_thesis/Workspace/build/drone_com/build/lib/drone_com
[0.738s] copying drone_com/__init__.py -> /home/viktor/dva502_master_thesis/Workspace/build/drone_com/build/lib/drone_com
[0.738s] copying drone_com/drone2drone.py -> /home/viktor/dva502_master_thesis/Workspace/build/drone_com/build/lib/drone_com
[0.743s] running install
[0.743s] running install_lib
[0.744s] creating /home/viktor/dva502_master_thesis/Workspace/install/drone_com/lib/python3.10/site-packages/drone_com
[0.744s] copying /home/viktor/dva502_master_thesis/Workspace/build/drone_com/build/lib/drone_com/__init__.py -> /home/viktor/dva502_master_thesis/Workspace/install/drone_com/lib/python3.10/site-packages/drone_com
[0.744s] copying /home/viktor/dva502_master_thesis/Workspace/build/drone_com/build/lib/drone_com/drone2drone.py -> /home/viktor/dva502_master_thesis/Workspace/install/drone_com/lib/python3.10/site-packages/drone_com
[0.745s] byte-compiling /home/viktor/dva502_master_thesis/Workspace/install/drone_com/lib/python3.10/site-packages/drone_com/__init__.py to __init__.cpython-310.pyc
[0.745s] byte-compiling /home/viktor/dva502_master_thesis/Workspace/install/drone_com/lib/python3.10/site-packages/drone_com/drone2drone.py to drone2drone.cpython-310.pyc
[0.746s] running install_data
[0.746s] creating /home/viktor/dva502_master_thesis/Workspace/install/drone_com/share/ament_index
[0.746s] creating /home/viktor/dva502_master_thesis/Workspace/install/drone_com/share/ament_index/resource_index
[0.746s] creating /home/viktor/dva502_master_thesis/Workspace/install/drone_com/share/ament_index/resource_index/packages
[0.746s] copying resource/drone_com -> /home/viktor/dva502_master_thesis/Workspace/install/drone_com/share/ament_index/resource_index/packages
[0.746s] copying package.xml -> /home/viktor/dva502_master_thesis/Workspace/install/drone_com/share/drone_com
[0.746s] running install_egg_info
[0.747s] Copying ../../build/drone_com/drone_com.egg-info to /home/viktor/dva502_master_thesis/Workspace/install/drone_com/lib/python3.10/site-packages/drone_com-0.0.0-py3.10.egg-info
[0.748s] running install_scripts
[0.767s] Installing drone2drone script to /home/viktor/dva502_master_thesis/Workspace/install/drone_com/lib/drone_com
[0.767s] writing list of installed files to '/home/viktor/dva502_master_thesis/Workspace/build/drone_com/install.log'
[0.787s] Invoked command in '/home/viktor/dva502_master_thesis/Workspace/src/drone_com' returned '0': PYTHONPATH=/home/viktor/dva502_master_thesis/Workspace/build/drone_com/prefix_override:/usr/lib/python3/dist-packages/colcon_core/task/python/colcon_distutils_commands:/home/viktor/dva502_master_thesis/Workspace/install/drone_com/lib/python3.10/site-packages:${PYTHONPATH} /usr/bin/python3 -W ignore:setup.py install is deprecated -W ignore:easy_install command is deprecated setup.py egg_info --egg-base ../../build/drone_com build --build-base /home/viktor/dva502_master_thesis/Workspace/build/drone_com/build install --record /home/viktor/dva502_master_thesis/Workspace/build/drone_com/install.log --single-version-externally-managed install_data
