/home/fredrik/dva502_master_thesis/Workspace/install/drone_com/lib/python3.10/site-packages/drone_com/trust_manager.py
/home/fredrik/dva502_master_thesis/Workspace/install/drone_com/lib/python3.10/site-packages/drone_com/__init__.py
/home/fredrik/dva502_master_thesis/Workspace/install/drone_com/lib/python3.10/site-packages/drone_com/discovery.py
/home/fredrik/dva502_master_thesis/Workspace/install/drone_com/lib/python3.10/site-packages/drone_com/drone2drone.py
/home/fredrik/dva502_master_thesis/Workspace/install/drone_com/lib/python3.10/site-packages/drone_com/connection_manager.py
/home/fredrik/dva502_master_thesis/Workspace/install/drone_com/lib/python3.10/site-packages/drone_com/__pycache__/trust_manager.cpython-310.pyc
/home/fredrik/dva502_master_thesis/Workspace/install/drone_com/lib/python3.10/site-packages/drone_com/__pycache__/__init__.cpython-310.pyc
/home/fredrik/dva502_master_thesis/Workspace/install/drone_com/lib/python3.10/site-packages/drone_com/__pycache__/discovery.cpython-310.pyc
/home/fredrik/dva502_master_thesis/Workspace/install/drone_com/lib/python3.10/site-packages/drone_com/__pycache__/drone2drone.cpython-310.pyc
/home/fredrik/dva502_master_thesis/Workspace/install/drone_com/lib/python3.10/site-packages/drone_com/__pycache__/connection_manager.cpython-310.pyc
/home/fredrik/dva502_master_thesis/Workspace/install/drone_com/share/ament_index/resource_index/packages/drone_com
/home/fredrik/dva502_master_thesis/Workspace/install/drone_com/share/drone_com/package.xml
/home/fredrik/dva502_master_thesis/Workspace/install/drone_com/lib/python3.10/site-packages/drone_com-0.0.0-py3.10.egg-info/zip-safe
/home/fredrik/dva502_master_thesis/Workspace/install/drone_com/lib/python3.10/site-packages/drone_com-0.0.0-py3.10.egg-info/dependency_links.txt
/home/fredrik/dva502_master_thesis/Workspace/install/drone_com/lib/python3.10/site-packages/drone_com-0.0.0-py3.10.egg-info/entry_points.txt
/home/fredrik/dva502_master_thesis/Workspace/install/drone_com/lib/python3.10/site-packages/drone_com-0.0.0-py3.10.egg-info/requires.txt
/home/fredrik/dva502_master_thesis/Workspace/install/drone_com/lib/python3.10/site-packages/drone_com-0.0.0-py3.10.egg-info/top_level.txt
/home/fredrik/dva502_master_thesis/Workspace/install/drone_com/lib/python3.10/site-packages/drone_com-0.0.0-py3.10.egg-info/PKG-INFO
/home/fredrik/dva502_master_thesis/Workspace/install/drone_com/lib/python3.10/site-packages/drone_com-0.0.0-py3.10.egg-info/SOURCES.txt
/home/fredrik/dva502_master_thesis/Workspace/install/drone_com/lib/drone_com/drone2drone
