[0.529s] Invoking command in '/home/viktor/dva502_master_thesis/Workspace/src 1/src/random_publishers': PYTHONPATH=/home/viktor/dva502_master_thesis/Workspace/build/random_publishers/prefix_override:/usr/lib/python3/dist-packages/colcon_core/task/python/colcon_distutils_commands:/home/viktor/dva502_master_thesis/Workspace/install/random_publishers/lib/python3.10/site-packages:${PYTHONPATH} /usr/bin/python3 -W ignore:setup.py install is deprecated -W ignore:easy_install command is deprecated setup.py egg_info --egg-base ../../../build/random_publishers build --build-base /home/viktor/dva502_master_thesis/Workspace/build/random_publishers/build install --record /home/viktor/dva502_master_thesis/Workspace/build/random_publishers/install.log --single-version-externally-managed install_data
[0.741s] running egg_info
[0.741s] writing ../../../build/random_publishers/random_publishers.egg-info/PKG-INFO
[0.741s] writing dependency_links to ../../../build/random_publishers/random_publishers.egg-info/dependency_links.txt
[0.741s] writing entry points to ../../../build/random_publishers/random_publishers.egg-info/entry_points.txt
[0.741s] writing requirements to ../../../build/random_publishers/random_publishers.egg-info/requires.txt
[0.742s] writing top-level names to ../../../build/random_publishers/random_publishers.egg-info/top_level.txt
[0.743s] reading manifest file '../../../build/random_publishers/random_publishers.egg-info/SOURCES.txt'
[0.744s] writing manifest file '../../../build/random_publishers/random_publishers.egg-info/SOURCES.txt'
[0.744s] running build
[0.744s] running build_py
[0.744s] running install
[0.744s] running install_lib
[0.745s] running install_data
[0.745s] running install_egg_info
[0.747s] removing '/home/viktor/dva502_master_thesis/Workspace/install/random_publishers/lib/python3.10/site-packages/random_publishers-0.0.0-py3.10.egg-info' (and everything under it)
[0.747s] Copying ../../../build/random_publishers/random_publishers.egg-info to /home/viktor/dva502_master_thesis/Workspace/install/random_publishers/lib/python3.10/site-packages/random_publishers-0.0.0-py3.10.egg-info
[0.748s] running install_scripts
[0.766s] Installing agentData_pub script to /home/viktor/dva502_master_thesis/Workspace/install/random_publishers/lib/random_publishers
[0.766s] writing list of installed files to '/home/viktor/dva502_master_thesis/Workspace/build/random_publishers/install.log'
[0.786s] Invoked command in '/home/viktor/dva502_master_thesis/Workspace/src 1/src/random_publishers' returned '0': PYTHONPATH=/home/viktor/dva502_master_thesis/Workspace/build/random_publishers/prefix_override:/usr/lib/python3/dist-packages/colcon_core/task/python/colcon_distutils_commands:/home/viktor/dva502_master_thesis/Workspace/install/random_publishers/lib/python3.10/site-packages:${PYTHONPATH} /usr/bin/python3 -W ignore:setup.py install is deprecated -W ignore:easy_install command is deprecated setup.py egg_info --egg-base ../../../build/random_publishers build --build-base /home/viktor/dva502_master_thesis/Workspace/build/random_publishers/build install --record /home/viktor/dva502_master_thesis/Workspace/build/random_publishers/install.log --single-version-externally-managed install_data
