[0.310s] Invoking command in '/home/viktor/dva502_master_thesis/Workspace/src 1/src/drone_start': AMENT_PREFIX_PATH=/home/viktor/dva502_master_thesis/Workspace/install/drone_com:/home/viktor/dva502_master_thesis/Workspace/install/random_publishers:/home/viktor/dva502_master_thesis/Workspace/install/custom_drone_interfaces:${AMENT_PREFIX_PATH} CMAKE_PREFIX_PATH=/home/viktor/dva502_master_thesis/Workspace/install/custom_drone_interfaces LD_LIBRARY_PATH=/home/viktor/dva502_master_thesis/Workspace/install/custom_drone_interfaces/lib:${LD_LIBRARY_PATH} PYTHONPATH=/home/viktor/dva502_master_thesis/Workspace/build/drone_start/prefix_override:/usr/lib/python3/dist-packages/colcon_core/task/python/colcon_distutils_commands:/home/viktor/dva502_master_thesis/Workspace/install/drone_start/lib/python3.10/site-packages:/home/viktor/dva502_master_thesis/Workspace/install/drone_com/lib/python3.10/site-packages:/home/viktor/dva502_master_thesis/Workspace/install/random_publishers/lib/python3.10/site-packages:/home/viktor/dva502_master_thesis/Workspace/install/custom_drone_interfaces/local/lib/python3.10/dist-packages:${PYTHONPATH} /usr/bin/python3 -W ignore:setup.py install is deprecated -W ignore:easy_install command is deprecated setup.py egg_info --egg-base ../../../build/drone_start build --build-base /home/viktor/dva502_master_thesis/Workspace/build/drone_start/build install --record /home/viktor/dva502_master_thesis/Workspace/build/drone_start/install.log --single-version-externally-managed install_data
[0.536s] running egg_info
[0.536s] creating ../../../build/drone_start/drone_start.egg-info
[0.537s] writing ../../../build/drone_start/drone_start.egg-info/PKG-INFO
[0.537s] writing dependency_links to ../../../build/drone_start/drone_start.egg-info/dependency_links.txt
[0.537s] writing entry points to ../../../build/drone_start/drone_start.egg-info/entry_points.txt
[0.537s] writing requirements to ../../../build/drone_start/drone_start.egg-info/requires.txt
[0.537s] writing top-level names to ../../../build/drone_start/drone_start.egg-info/top_level.txt
[0.537s] writing manifest file '../../../build/drone_start/drone_start.egg-info/SOURCES.txt'
[0.538s] reading manifest file '../../../build/drone_start/drone_start.egg-info/SOURCES.txt'
[0.538s] writing manifest file '../../../build/drone_start/drone_start.egg-info/SOURCES.txt'
[0.538s] running build
[0.538s] running install
[0.539s] running install_data
[0.539s] copying package.xml -> /home/viktor/dva502_master_thesis/Workspace/install/drone_start/share/drone_start
[0.539s] creating /home/viktor/dva502_master_thesis/Workspace/install/drone_start/share/drone_start/launch
[0.539s] copying launch/drone_wrapper.launch.py -> /home/viktor/dva502_master_thesis/Workspace/install/drone_start/share/drone_start/launch
[0.539s] running install_egg_info
[0.541s] Copying ../../../build/drone_start/drone_start.egg-info to /home/viktor/dva502_master_thesis/Workspace/install/drone_start/lib/python3.10/site-packages/drone_start-0.0.0-py3.10.egg-info
[0.541s] running install_scripts
[0.560s] Installing mission_control script to /home/viktor/dva502_master_thesis/Workspace/install/drone_start/bin
[0.560s] writing list of installed files to '/home/viktor/dva502_master_thesis/Workspace/build/drone_start/install.log'
[0.579s] Invoked command in '/home/viktor/dva502_master_thesis/Workspace/src 1/src/drone_start' returned '0': AMENT_PREFIX_PATH=/home/viktor/dva502_master_thesis/Workspace/install/drone_com:/home/viktor/dva502_master_thesis/Workspace/install/random_publishers:/home/viktor/dva502_master_thesis/Workspace/install/custom_drone_interfaces:${AMENT_PREFIX_PATH} CMAKE_PREFIX_PATH=/home/viktor/dva502_master_thesis/Workspace/install/custom_drone_interfaces LD_LIBRARY_PATH=/home/viktor/dva502_master_thesis/Workspace/install/custom_drone_interfaces/lib:${LD_LIBRARY_PATH} PYTHONPATH=/home/viktor/dva502_master_thesis/Workspace/build/drone_start/prefix_override:/usr/lib/python3/dist-packages/colcon_core/task/python/colcon_distutils_commands:/home/viktor/dva502_master_thesis/Workspace/install/drone_start/lib/python3.10/site-packages:/home/viktor/dva502_master_thesis/Workspace/install/drone_com/lib/python3.10/site-packages:/home/viktor/dva502_master_thesis/Workspace/install/random_publishers/lib/python3.10/site-packages:/home/viktor/dva502_master_thesis/Workspace/install/custom_drone_interfaces/local/lib/python3.10/dist-packages:${PYTHONPATH} /usr/bin/python3 -W ignore:setup.py install is deprecated -W ignore:easy_install command is deprecated setup.py egg_info --egg-base ../../../build/drone_start build --build-base /home/viktor/dva502_master_thesis/Workspace/build/drone_start/build install --record /home/viktor/dva502_master_thesis/Workspace/build/drone_start/install.log --single-version-externally-managed install_data
