running egg_info
creating ../../../build/random_publishers/random_publishers.egg-info
writing ../../../build/random_publishers/random_publishers.egg-info/PKG-INFO
writing dependency_links to ../../../build/random_publishers/random_publishers.egg-info/dependency_links.txt
writing entry points to ../../../build/random_publishers/random_publishers.egg-info/entry_points.txt
writing requirements to ../../../build/random_publishers/random_publishers.egg-info/requires.txt
writing top-level names to ../../../build/random_publishers/random_publishers.egg-info/top_level.txt
writing manifest file '../../../build/random_publishers/random_publishers.egg-info/SOURCES.txt'
reading manifest file '../../../build/random_publishers/random_publishers.egg-info/SOURCES.txt'
writing manifest file '../../../build/random_publishers/random_publishers.egg-info/SOURCES.txt'
running build
running build_py
creating /home/viktor/dva502_master_thesis/Workspace/build/random_publishers/build
creating /home/viktor/dva502_master_thesis/Workspace/build/random_publishers/build/lib
creating /home/viktor/dva502_master_thesis/Workspace/build/random_publishers/build/lib/random_publishers
copying random_publishers/__init__.py -> /home/viktor/dva502_master_thesis/Workspace/build/random_publishers/build/lib/random_publishers
copying random_publishers/agentData_pub.py -> /home/viktor/dva502_master_thesis/Workspace/build/random_publishers/build/lib/random_publishers
running install
running install_lib
creating /home/viktor/dva502_master_thesis/Workspace/install/random_publishers/lib/python3.10/site-packages/random_publishers
copying /home/viktor/dva502_master_thesis/Workspace/build/random_publishers/build/lib/random_publishers/__init__.py -> /home/viktor/dva502_master_thesis/Workspace/install/random_publishers/lib/python3.10/site-packages/random_publishers
copying /home/viktor/dva502_master_thesis/Workspace/build/random_publishers/build/lib/random_publishers/agentData_pub.py -> /home/viktor/dva502_master_thesis/Workspace/install/random_publishers/lib/python3.10/site-packages/random_publishers
byte-compiling /home/viktor/dva502_master_thesis/Workspace/install/random_publishers/lib/python3.10/site-packages/random_publishers/__init__.py to __init__.cpython-310.pyc
byte-compiling /home/viktor/dva502_master_thesis/Workspace/install/random_publishers/lib/python3.10/site-packages/random_publishers/agentData_pub.py to agentData_pub.cpython-310.pyc
running install_data
creating /home/viktor/dva502_master_thesis/Workspace/install/random_publishers/share/ament_index
creating /home/viktor/dva502_master_thesis/Workspace/install/random_publishers/share/ament_index/resource_index
creating /home/viktor/dva502_master_thesis/Workspace/install/random_publishers/share/ament_index/resource_index/packages
copying resource/random_publishers -> /home/viktor/dva502_master_thesis/Workspace/install/random_publishers/share/ament_index/resource_index/packages
copying package.xml -> /home/viktor/dva502_master_thesis/Workspace/install/random_publishers/share/random_publishers
running install_egg_info
Copying ../../../build/random_publishers/random_publishers.egg-info to /home/viktor/dva502_master_thesis/Workspace/install/random_publishers/lib/python3.10/site-packages/random_publishers-0.0.0-py3.10.egg-info
running install_scripts
Installing agentData_pub script to /home/viktor/dva502_master_thesis/Workspace/install/random_publishers/lib/random_publishers
writing list of installed files to '/home/viktor/dva502_master_thesis/Workspace/build/random_publishers/install.log'
