[0.308s] Invoking command in '/home/viktor/dva502_master_thesis/Workspace/src/drone_start': AMENT_PREFIX_PATH=/home/viktor/dva502_master_thesis/Workspace/install/drone_com:/home/viktor/dva502_master_thesis/Workspace/install/random_publishers:/home/viktor/dva502_master_thesis/Workspace/install/drone_start:/home/viktor/dva502_master_thesis/Workspace/install/custom_drone_interfaces:/opt/ros/humble PYTHONPATH=/home/viktor/dva502_master_thesis/Workspace/build/drone_start/prefix_override:/usr/lib/python3/dist-packages/colcon_core/task/python/colcon_distutils_commands:/home/viktor/dva502_master_thesis/Workspace/install/drone_start/lib/python3.10/site-packages:/home/viktor/dva502_master_thesis/Workspace/install/drone_com/lib/python3.10/site-packages:/home/viktor/dva502_master_thesis/Workspace/install/random_publishers/lib/python3.10/site-packages:/home/viktor/dva502_master_thesis/Workspace/install/drone_start/lib/python3.10/site-packages:/home/viktor/dva502_master_thesis/Workspace/install/custom_drone_interfaces/local/lib/python3.10/dist-packages:/opt/ros/humble/lib/python3.10/site-packages:/opt/ros/humble/local/lib/python3.10/dist-packages /usr/bin/python3 -W ignore:setup.py install is deprecated -W ignore:easy_install command is deprecated setup.py egg_info --egg-base ../../build/drone_start build --build-base /home/viktor/dva502_master_thesis/Workspace/build/drone_start/build install --record /home/viktor/dva502_master_thesis/Workspace/build/drone_start/install.log --single-version-externally-managed install_data
[0.525s] running egg_info
[0.526s] creating ../../build/drone_start/drone_start.egg-info
[0.526s] writing ../../build/drone_start/drone_start.egg-info/PKG-INFO
[0.526s] writing dependency_links to ../../build/drone_start/drone_start.egg-info/dependency_links.txt
[0.526s] writing entry points to ../../build/drone_start/drone_start.egg-info/entry_points.txt
[0.526s] writing requirements to ../../build/drone_start/drone_start.egg-info/requires.txt
[0.526s] writing top-level names to ../../build/drone_start/drone_start.egg-info/top_level.txt
[0.526s] writing manifest file '../../build/drone_start/drone_start.egg-info/SOURCES.txt'
[0.527s] reading manifest file '../../build/drone_start/drone_start.egg-info/SOURCES.txt'
[0.528s] writing manifest file '../../build/drone_start/drone_start.egg-info/SOURCES.txt'
[0.528s] running build
[0.528s] running install
[0.528s] running install_data
[0.528s] copying package.xml -> /home/viktor/dva502_master_thesis/Workspace/install/drone_start/share/drone_start
[0.528s] creating /home/viktor/dva502_master_thesis/Workspace/install/drone_start/share/drone_start/launch
[0.528s] copying launch/drone_wrapper.launch.py -> /home/viktor/dva502_master_thesis/Workspace/install/drone_start/share/drone_start/launch
[0.528s] running install_egg_info
[0.530s] Copying ../../build/drone_start/drone_start.egg-info to /home/viktor/dva502_master_thesis/Workspace/install/drone_start/lib/python3.10/site-packages/drone_start-0.0.0-py3.10.egg-info
[0.531s] running install_scripts
[0.549s] Installing mission_control script to /home/viktor/dva502_master_thesis/Workspace/install/drone_start/bin
[0.549s] writing list of installed files to '/home/viktor/dva502_master_thesis/Workspace/build/drone_start/install.log'
[0.567s] Invoked command in '/home/viktor/dva502_master_thesis/Workspace/src/drone_start' returned '0': AMENT_PREFIX_PATH=/home/viktor/dva502_master_thesis/Workspace/install/drone_com:/home/viktor/dva502_master_thesis/Workspace/install/random_publishers:/home/viktor/dva502_master_thesis/Workspace/install/drone_start:/home/viktor/dva502_master_thesis/Workspace/install/custom_drone_interfaces:/opt/ros/humble PYTHONPATH=/home/viktor/dva502_master_thesis/Workspace/build/drone_start/prefix_override:/usr/lib/python3/dist-packages/colcon_core/task/python/colcon_distutils_commands:/home/viktor/dva502_master_thesis/Workspace/install/drone_start/lib/python3.10/site-packages:/home/viktor/dva502_master_thesis/Workspace/install/drone_com/lib/python3.10/site-packages:/home/viktor/dva502_master_thesis/Workspace/install/random_publishers/lib/python3.10/site-packages:/home/viktor/dva502_master_thesis/Workspace/install/drone_start/lib/python3.10/site-packages:/home/viktor/dva502_master_thesis/Workspace/install/custom_drone_interfaces/local/lib/python3.10/dist-packages:/opt/ros/humble/lib/python3.10/site-packages:/opt/ros/humble/local/lib/python3.10/dist-packages /usr/bin/python3 -W ignore:setup.py install is deprecated -W ignore:easy_install command is deprecated setup.py egg_info --egg-base ../../build/drone_start build --build-base /home/viktor/dva502_master_thesis/Workspace/build/drone_start/build install --record /home/viktor/dva502_master_thesis/Workspace/build/drone_start/install.log --single-version-externally-managed install_data
