[0.511s] Invoking command in '/home/viktor/dva502_master_thesis/Workspace/src 1/src/drone_com': PYTHONPATH=/home/viktor/dva502_master_thesis/Workspace/build/drone_com/prefix_override:/usr/lib/python3/dist-packages/colcon_core/task/python/colcon_distutils_commands:/home/viktor/dva502_master_thesis/Workspace/install/drone_com/lib/python3.10/site-packages:${PYTHONPATH} /usr/bin/python3 -W ignore:setup.py install is deprecated -W ignore:easy_install command is deprecated setup.py egg_info --egg-base ../../../build/drone_com build --build-base /home/viktor/dva502_master_thesis/Workspace/build/drone_com/build install --record /home/viktor/dva502_master_thesis/Workspace/build/drone_com/install.log --single-version-externally-managed install_data
[0.723s] running egg_info
[0.723s] writing ../../../build/drone_com/drone_com.egg-info/PKG-INFO
[0.723s] writing dependency_links to ../../../build/drone_com/drone_com.egg-info/dependency_links.txt
[0.723s] writing entry points to ../../../build/drone_com/drone_com.egg-info/entry_points.txt
[0.723s] writing requirements to ../../../build/drone_com/drone_com.egg-info/requires.txt
[0.723s] writing top-level names to ../../../build/drone_com/drone_com.egg-info/top_level.txt
[0.725s] reading manifest file '../../../build/drone_com/drone_com.egg-info/SOURCES.txt'
[0.726s] writing manifest file '../../../build/drone_com/drone_com.egg-info/SOURCES.txt'
[0.726s] running build
[0.726s] running build_py
[0.726s] running install
[0.726s] running install_lib
[0.727s] running install_data
[0.728s] running install_egg_info
[0.729s] removing '/home/viktor/dva502_master_thesis/Workspace/install/drone_com/lib/python3.10/site-packages/drone_com-0.0.0-py3.10.egg-info' (and everything under it)
[0.729s] Copying ../../../build/drone_com/drone_com.egg-info to /home/viktor/dva502_master_thesis/Workspace/install/drone_com/lib/python3.10/site-packages/drone_com-0.0.0-py3.10.egg-info
[0.730s] running install_scripts
[0.748s] Installing drone2drone script to /home/viktor/dva502_master_thesis/Workspace/install/drone_com/lib/drone_com
[0.748s] writing list of installed files to '/home/viktor/dva502_master_thesis/Workspace/build/drone_com/install.log'
[0.766s] Invoked command in '/home/viktor/dva502_master_thesis/Workspace/src 1/src/drone_com' returned '0': PYTHONPATH=/home/viktor/dva502_master_thesis/Workspace/build/drone_com/prefix_override:/usr/lib/python3/dist-packages/colcon_core/task/python/colcon_distutils_commands:/home/viktor/dva502_master_thesis/Workspace/install/drone_com/lib/python3.10/site-packages:${PYTHONPATH} /usr/bin/python3 -W ignore:setup.py install is deprecated -W ignore:easy_install command is deprecated setup.py egg_info --egg-base ../../../build/drone_com build --build-base /home/viktor/dva502_master_thesis/Workspace/build/drone_com/build install --record /home/viktor/dva502_master_thesis/Workspace/build/drone_com/install.log --single-version-externally-managed install_data
