[0.095s] DEBUG:colcon:Command line arguments: ['/usr/bin/colcon', 'build']
[0.095s] DEBUG:colcon:Parsed command line arguments: Namespace(log_base=None, log_level=None, verb_name='build', build_base='build', install_base='install', merge_install=False, symlink_install=False, test_result_base=None, continue_on_error=False, executor='parallel', parallel_workers=12, event_handlers=None, ignore_user_meta=False, metas=['./colcon.meta'], base_paths=['.'], packages_ignore=None, packages_ignore_regex=None, paths=None, packages_up_to=None, packages_up_to_regex=None, packages_above=None, packages_above_and_dependencies=None, packages_above_depth=None, packages_select_by_dep=None, packages_skip_by_dep=None, packages_skip_up_to=None, packages_select_build_failed=False, packages_skip_build_finished=False, packages_select_test_failures=False, packages_skip_test_passed=False, packages_select=None, packages_skip=None, packages_select_regex=None, packages_skip_regex=None, packages_start=None, packages_end=None, allow_overriding=[], cmake_args=None, cmake_target=None, cmake_target_skip_unavailable=False, cmake_clean_cache=False, cmake_clean_first=False, cmake_force_configure=False, ament_cmake_args=None, catkin_cmake_args=None, catkin_skip_building_tests=False, verb_parser=<colcon_defaults.argument_parser.defaults.DefaultArgumentsDecorator object at 0x71d4cd723100>, verb_extension=<colcon_core.verb.build.BuildVerb object at 0x71d4cd8785b0>, main=<bound method BuildVerb.main of <colcon_core.verb.build.BuildVerb object at 0x71d4cd8785b0>>)
[0.284s] Level 1:colcon.colcon_core.package_discovery:discover_packages(colcon_meta) check parameters
[0.285s] Level 1:colcon.colcon_core.package_discovery:discover_packages(recursive) check parameters
[0.285s] Level 1:colcon.colcon_core.package_discovery:discover_packages(ignore) check parameters
[0.285s] Level 1:colcon.colcon_core.package_discovery:discover_packages(path) check parameters
[0.285s] Level 1:colcon.colcon_core.package_discovery:discover_packages(colcon_meta) discover
[0.285s] Level 1:colcon.colcon_core.package_discovery:discover_packages(recursive) discover
[0.285s] INFO:colcon.colcon_core.package_discovery:Crawling recursively for packages in '/home/viktor/dva502_master_thesis/Workspace'
[0.285s] Level 1:colcon.colcon_core.package_identification:_identify(.) by extensions ['ignore', 'ignore_ament_install']
[0.285s] Level 1:colcon.colcon_core.package_identification:_identify(.) by extension 'ignore'
[0.285s] Level 1:colcon.colcon_core.package_identification:_identify(.) by extension 'ignore_ament_install'
[0.285s] Level 1:colcon.colcon_core.package_identification:_identify(.) by extensions ['colcon_pkg']
[0.285s] Level 1:colcon.colcon_core.package_identification:_identify(.) by extension 'colcon_pkg'
[0.285s] Level 1:colcon.colcon_core.package_identification:_identify(.) by extensions ['colcon_meta']
[0.285s] Level 1:colcon.colcon_core.package_identification:_identify(.) by extension 'colcon_meta'
[0.285s] Level 1:colcon.colcon_core.package_identification:_identify(.) by extensions ['ros']
[0.285s] Level 1:colcon.colcon_core.package_identification:_identify(.) by extension 'ros'
[0.297s] Level 1:colcon.colcon_core.package_identification:_identify(.) by extensions ['cmake', 'python']
[0.297s] Level 1:colcon.colcon_core.package_identification:_identify(.) by extension 'cmake'
[0.297s] Level 1:colcon.colcon_core.package_identification:_identify(.) by extension 'python'
[0.297s] Level 1:colcon.colcon_core.package_identification:_identify(.) by extensions ['python_setup_py']
[0.297s] Level 1:colcon.colcon_core.package_identification:_identify(.) by extension 'python_setup_py'
[0.297s] Level 1:colcon.colcon_core.package_identification:_identify(build) by extensions ['ignore', 'ignore_ament_install']
[0.297s] Level 1:colcon.colcon_core.package_identification:_identify(build) by extension 'ignore'
[0.297s] Level 1:colcon.colcon_core.package_identification:_identify(build) ignored
[0.297s] Level 1:colcon.colcon_core.package_identification:_identify(config_files) by extensions ['ignore', 'ignore_ament_install']
[0.297s] Level 1:colcon.colcon_core.package_identification:_identify(config_files) by extension 'ignore'
[0.297s] Level 1:colcon.colcon_core.package_identification:_identify(config_files) by extension 'ignore_ament_install'
[0.297s] Level 1:colcon.colcon_core.package_identification:_identify(config_files) by extensions ['colcon_pkg']
[0.297s] Level 1:colcon.colcon_core.package_identification:_identify(config_files) by extension 'colcon_pkg'
[0.298s] Level 1:colcon.colcon_core.package_identification:_identify(config_files) by extensions ['colcon_meta']
[0.298s] Level 1:colcon.colcon_core.package_identification:_identify(config_files) by extension 'colcon_meta'
[0.298s] Level 1:colcon.colcon_core.package_identification:_identify(config_files) by extensions ['ros']
[0.298s] Level 1:colcon.colcon_core.package_identification:_identify(config_files) by extension 'ros'
[0.298s] Level 1:colcon.colcon_core.package_identification:_identify(config_files) by extensions ['cmake', 'python']
[0.298s] Level 1:colcon.colcon_core.package_identification:_identify(config_files) by extension 'cmake'
[0.298s] Level 1:colcon.colcon_core.package_identification:_identify(config_files) by extension 'python'
[0.298s] Level 1:colcon.colcon_core.package_identification:_identify(config_files) by extensions ['python_setup_py']
[0.298s] Level 1:colcon.colcon_core.package_identification:_identify(config_files) by extension 'python_setup_py'
[0.298s] Level 1:colcon.colcon_core.package_identification:_identify(install) by extensions ['ignore', 'ignore_ament_install']
[0.298s] Level 1:colcon.colcon_core.package_identification:_identify(install) by extension 'ignore'
[0.298s] Level 1:colcon.colcon_core.package_identification:_identify(install) ignored
[0.298s] Level 1:colcon.colcon_core.package_identification:_identify(log) by extensions ['ignore', 'ignore_ament_install']
[0.298s] Level 1:colcon.colcon_core.package_identification:_identify(log) by extension 'ignore'
[0.298s] Level 1:colcon.colcon_core.package_identification:_identify(log) ignored
[0.298s] Level 1:colcon.colcon_core.package_identification:_identify(src 1) by extensions ['ignore', 'ignore_ament_install']
[0.298s] Level 1:colcon.colcon_core.package_identification:_identify(src 1) by extension 'ignore'
[0.299s] Level 1:colcon.colcon_core.package_identification:_identify(src 1) by extension 'ignore_ament_install'
[0.299s] Level 1:colcon.colcon_core.package_identification:_identify(src 1) by extensions ['colcon_pkg']
[0.299s] Level 1:colcon.colcon_core.package_identification:_identify(src 1) by extension 'colcon_pkg'
[0.299s] Level 1:colcon.colcon_core.package_identification:_identify(src 1) by extensions ['colcon_meta']
[0.299s] Level 1:colcon.colcon_core.package_identification:_identify(src 1) by extension 'colcon_meta'
[0.299s] Level 1:colcon.colcon_core.package_identification:_identify(src 1) by extensions ['ros']
[0.299s] Level 1:colcon.colcon_core.package_identification:_identify(src 1) by extension 'ros'
[0.299s] Level 1:colcon.colcon_core.package_identification:_identify(src 1) by extensions ['cmake', 'python']
[0.299s] Level 1:colcon.colcon_core.package_identification:_identify(src 1) by extension 'cmake'
[0.299s] Level 1:colcon.colcon_core.package_identification:_identify(src 1) by extension 'python'
[0.299s] Level 1:colcon.colcon_core.package_identification:_identify(src 1) by extensions ['python_setup_py']
[0.299s] Level 1:colcon.colcon_core.package_identification:_identify(src 1) by extension 'python_setup_py'
[0.299s] Level 1:colcon.colcon_core.package_identification:_identify(src 1/src) by extensions ['ignore', 'ignore_ament_install']
[0.299s] Level 1:colcon.colcon_core.package_identification:_identify(src 1/src) by extension 'ignore'
[0.299s] Level 1:colcon.colcon_core.package_identification:_identify(src 1/src) by extension 'ignore_ament_install'
[0.299s] Level 1:colcon.colcon_core.package_identification:_identify(src 1/src) by extensions ['colcon_pkg']
[0.299s] Level 1:colcon.colcon_core.package_identification:_identify(src 1/src) by extension 'colcon_pkg'
[0.299s] Level 1:colcon.colcon_core.package_identification:_identify(src 1/src) by extensions ['colcon_meta']
[0.299s] Level 1:colcon.colcon_core.package_identification:_identify(src 1/src) by extension 'colcon_meta'
[0.299s] Level 1:colcon.colcon_core.package_identification:_identify(src 1/src) by extensions ['ros']
[0.299s] Level 1:colcon.colcon_core.package_identification:_identify(src 1/src) by extension 'ros'
[0.300s] Level 1:colcon.colcon_core.package_identification:_identify(src 1/src) by extensions ['cmake', 'python']
[0.300s] Level 1:colcon.colcon_core.package_identification:_identify(src 1/src) by extension 'cmake'
[0.300s] Level 1:colcon.colcon_core.package_identification:_identify(src 1/src) by extension 'python'
[0.300s] Level 1:colcon.colcon_core.package_identification:_identify(src 1/src) by extensions ['python_setup_py']
[0.300s] Level 1:colcon.colcon_core.package_identification:_identify(src 1/src) by extension 'python_setup_py'
[0.300s] Level 1:colcon.colcon_core.package_identification:_identify(src 1/src/custom_drone_interfaces) by extensions ['ignore', 'ignore_ament_install']
[0.300s] Level 1:colcon.colcon_core.package_identification:_identify(src 1/src/custom_drone_interfaces) by extension 'ignore'
[0.300s] Level 1:colcon.colcon_core.package_identification:_identify(src 1/src/custom_drone_interfaces) by extension 'ignore_ament_install'
[0.300s] Level 1:colcon.colcon_core.package_identification:_identify(src 1/src/custom_drone_interfaces) by extensions ['colcon_pkg']
[0.300s] Level 1:colcon.colcon_core.package_identification:_identify(src 1/src/custom_drone_interfaces) by extension 'colcon_pkg'
[0.300s] Level 1:colcon.colcon_core.package_identification:_identify(src 1/src/custom_drone_interfaces) by extensions ['colcon_meta']
[0.300s] Level 1:colcon.colcon_core.package_identification:_identify(src 1/src/custom_drone_interfaces) by extension 'colcon_meta'
[0.300s] Level 1:colcon.colcon_core.package_identification:_identify(src 1/src/custom_drone_interfaces) by extensions ['ros']
[0.300s] Level 1:colcon.colcon_core.package_identification:_identify(src 1/src/custom_drone_interfaces) by extension 'ros'
[0.303s] DEBUG:colcon.colcon_core.package_identification:Package 'src 1/src/custom_drone_interfaces' with type 'ros.ament_cmake' and name 'custom_drone_interfaces'
[0.303s] Level 1:colcon.colcon_core.package_identification:_identify(src 1/src/drone_com) by extensions ['ignore', 'ignore_ament_install']
[0.303s] Level 1:colcon.colcon_core.package_identification:_identify(src 1/src/drone_com) by extension 'ignore'
[0.303s] Level 1:colcon.colcon_core.package_identification:_identify(src 1/src/drone_com) by extension 'ignore_ament_install'
[0.303s] Level 1:colcon.colcon_core.package_identification:_identify(src 1/src/drone_com) by extensions ['colcon_pkg']
[0.303s] Level 1:colcon.colcon_core.package_identification:_identify(src 1/src/drone_com) by extension 'colcon_pkg'
[0.303s] Level 1:colcon.colcon_core.package_identification:_identify(src 1/src/drone_com) by extensions ['colcon_meta']
[0.304s] Level 1:colcon.colcon_core.package_identification:_identify(src 1/src/drone_com) by extension 'colcon_meta'
[0.304s] Level 1:colcon.colcon_core.package_identification:_identify(src 1/src/drone_com) by extensions ['ros']
[0.304s] Level 1:colcon.colcon_core.package_identification:_identify(src 1/src/drone_com) by extension 'ros'
[0.304s] DEBUG:colcon.colcon_core.package_identification:Package 'src 1/src/drone_com' with type 'ros.ament_python' and name 'drone_com'
[0.304s] Level 1:colcon.colcon_core.package_identification:_identify(src 1/src/drone_start) by extensions ['ignore', 'ignore_ament_install']
[0.304s] Level 1:colcon.colcon_core.package_identification:_identify(src 1/src/drone_start) by extension 'ignore'
[0.304s] Level 1:colcon.colcon_core.package_identification:_identify(src 1/src/drone_start) by extension 'ignore_ament_install'
[0.305s] Level 1:colcon.colcon_core.package_identification:_identify(src 1/src/drone_start) by extensions ['colcon_pkg']
[0.305s] Level 1:colcon.colcon_core.package_identification:_identify(src 1/src/drone_start) by extension 'colcon_pkg'
[0.305s] Level 1:colcon.colcon_core.package_identification:_identify(src 1/src/drone_start) by extensions ['colcon_meta']
[0.305s] Level 1:colcon.colcon_core.package_identification:_identify(src 1/src/drone_start) by extension 'colcon_meta'
[0.305s] Level 1:colcon.colcon_core.package_identification:_identify(src 1/src/drone_start) by extensions ['ros']
[0.305s] Level 1:colcon.colcon_core.package_identification:_identify(src 1/src/drone_start) by extension 'ros'
[0.306s] DEBUG:colcon.colcon_core.package_identification:Package 'src 1/src/drone_start' with type 'ros.ament_python' and name 'drone_start'
[0.306s] Level 1:colcon.colcon_core.package_identification:_identify(src 1/src/random_publishers) by extensions ['ignore', 'ignore_ament_install']
[0.306s] Level 1:colcon.colcon_core.package_identification:_identify(src 1/src/random_publishers) by extension 'ignore'
[0.306s] Level 1:colcon.colcon_core.package_identification:_identify(src 1/src/random_publishers) by extension 'ignore_ament_install'
[0.306s] Level 1:colcon.colcon_core.package_identification:_identify(src 1/src/random_publishers) by extensions ['colcon_pkg']
[0.306s] Level 1:colcon.colcon_core.package_identification:_identify(src 1/src/random_publishers) by extension 'colcon_pkg'
[0.306s] Level 1:colcon.colcon_core.package_identification:_identify(src 1/src/random_publishers) by extensions ['colcon_meta']
[0.306s] Level 1:colcon.colcon_core.package_identification:_identify(src 1/src/random_publishers) by extension 'colcon_meta'
[0.306s] Level 1:colcon.colcon_core.package_identification:_identify(src 1/src/random_publishers) by extensions ['ros']
[0.306s] Level 1:colcon.colcon_core.package_identification:_identify(src 1/src/random_publishers) by extension 'ros'
[0.306s] DEBUG:colcon.colcon_core.package_identification:Package 'src 1/src/random_publishers' with type 'ros.ament_python' and name 'random_publishers'
[0.307s] Level 1:colcon.colcon_core.package_discovery:discover_packages(recursive) using defaults
[0.307s] Level 1:colcon.colcon_core.package_discovery:discover_packages(ignore) discover
[0.307s] Level 1:colcon.colcon_core.package_discovery:discover_packages(ignore) using defaults
[0.307s] Level 1:colcon.colcon_core.package_discovery:discover_packages(path) discover
[0.307s] Level 1:colcon.colcon_core.package_discovery:discover_packages(path) using defaults
[0.345s] Level 1:colcon.colcon_core.package_discovery:discover_packages(prefix_path) check parameters
[0.345s] Level 1:colcon.colcon_core.package_discovery:discover_packages(prefix_path) discover
[0.348s] DEBUG:colcon.colcon_installed_package_information.package_discovery:Found 271 installed packages in /opt/ros/humble
[0.349s] Level 1:colcon.colcon_core.package_discovery:discover_packages(prefix_path) using defaults
[0.384s] Level 5:colcon.colcon_core.verb:set package 'custom_drone_interfaces' build argument 'cmake_args' from command line to 'None'
[0.384s] Level 5:colcon.colcon_core.verb:set package 'custom_drone_interfaces' build argument 'cmake_target' from command line to 'None'
[0.384s] Level 5:colcon.colcon_core.verb:set package 'custom_drone_interfaces' build argument 'cmake_target_skip_unavailable' from command line to 'False'
[0.384s] Level 5:colcon.colcon_core.verb:set package 'custom_drone_interfaces' build argument 'cmake_clean_cache' from command line to 'False'
[0.384s] Level 5:colcon.colcon_core.verb:set package 'custom_drone_interfaces' build argument 'cmake_clean_first' from command line to 'False'
[0.384s] Level 5:colcon.colcon_core.verb:set package 'custom_drone_interfaces' build argument 'cmake_force_configure' from command line to 'False'
[0.384s] Level 5:colcon.colcon_core.verb:set package 'custom_drone_interfaces' build argument 'ament_cmake_args' from command line to 'None'
[0.384s] Level 5:colcon.colcon_core.verb:set package 'custom_drone_interfaces' build argument 'catkin_cmake_args' from command line to 'None'
[0.384s] Level 5:colcon.colcon_core.verb:set package 'custom_drone_interfaces' build argument 'catkin_skip_building_tests' from command line to 'False'
[0.384s] DEBUG:colcon.colcon_core.verb:Building package 'custom_drone_interfaces' with the following arguments: {'ament_cmake_args': None, 'build_base': '/home/viktor/dva502_master_thesis/Workspace/build/custom_drone_interfaces', 'catkin_cmake_args': None, 'catkin_skip_building_tests': False, 'cmake_args': None, 'cmake_clean_cache': False, 'cmake_clean_first': False, 'cmake_force_configure': False, 'cmake_target': None, 'cmake_target_skip_unavailable': False, 'install_base': '/home/viktor/dva502_master_thesis/Workspace/install/custom_drone_interfaces', 'merge_install': False, 'path': '/home/viktor/dva502_master_thesis/Workspace/src 1/src/custom_drone_interfaces', 'symlink_install': False, 'test_result_base': None}
[0.384s] Level 5:colcon.colcon_core.verb:set package 'random_publishers' build argument 'cmake_args' from command line to 'None'
[0.384s] Level 5:colcon.colcon_core.verb:set package 'random_publishers' build argument 'cmake_target' from command line to 'None'
[0.384s] Level 5:colcon.colcon_core.verb:set package 'random_publishers' build argument 'cmake_target_skip_unavailable' from command line to 'False'
[0.385s] Level 5:colcon.colcon_core.verb:set package 'random_publishers' build argument 'cmake_clean_cache' from command line to 'False'
[0.385s] Level 5:colcon.colcon_core.verb:set package 'random_publishers' build argument 'cmake_clean_first' from command line to 'False'
[0.385s] Level 5:colcon.colcon_core.verb:set package 'random_publishers' build argument 'cmake_force_configure' from command line to 'False'
[0.385s] Level 5:colcon.colcon_core.verb:set package 'random_publishers' build argument 'ament_cmake_args' from command line to 'None'
[0.385s] Level 5:colcon.colcon_core.verb:set package 'random_publishers' build argument 'catkin_cmake_args' from command line to 'None'
[0.385s] Level 5:colcon.colcon_core.verb:set package 'random_publishers' build argument 'catkin_skip_building_tests' from command line to 'False'
[0.385s] DEBUG:colcon.colcon_core.verb:Building package 'random_publishers' with the following arguments: {'ament_cmake_args': None, 'build_base': '/home/viktor/dva502_master_thesis/Workspace/build/random_publishers', 'catkin_cmake_args': None, 'catkin_skip_building_tests': False, 'cmake_args': None, 'cmake_clean_cache': False, 'cmake_clean_first': False, 'cmake_force_configure': False, 'cmake_target': None, 'cmake_target_skip_unavailable': False, 'install_base': '/home/viktor/dva502_master_thesis/Workspace/install/random_publishers', 'merge_install': False, 'path': '/home/viktor/dva502_master_thesis/Workspace/src 1/src/random_publishers', 'symlink_install': False, 'test_result_base': None}
[0.385s] Level 5:colcon.colcon_core.verb:set package 'drone_com' build argument 'cmake_args' from command line to 'None'
[0.385s] Level 5:colcon.colcon_core.verb:set package 'drone_com' build argument 'cmake_target' from command line to 'None'
[0.385s] Level 5:colcon.colcon_core.verb:set package 'drone_com' build argument 'cmake_target_skip_unavailable' from command line to 'False'
[0.385s] Level 5:colcon.colcon_core.verb:set package 'drone_com' build argument 'cmake_clean_cache' from command line to 'False'
[0.385s] Level 5:colcon.colcon_core.verb:set package 'drone_com' build argument 'cmake_clean_first' from command line to 'False'
[0.385s] Level 5:colcon.colcon_core.verb:set package 'drone_com' build argument 'cmake_force_configure' from command line to 'False'
[0.385s] Level 5:colcon.colcon_core.verb:set package 'drone_com' build argument 'ament_cmake_args' from command line to 'None'
[0.385s] Level 5:colcon.colcon_core.verb:set package 'drone_com' build argument 'catkin_cmake_args' from command line to 'None'
[0.385s] Level 5:colcon.colcon_core.verb:set package 'drone_com' build argument 'catkin_skip_building_tests' from command line to 'False'
[0.385s] DEBUG:colcon.colcon_core.verb:Building package 'drone_com' with the following arguments: {'ament_cmake_args': None, 'build_base': '/home/viktor/dva502_master_thesis/Workspace/build/drone_com', 'catkin_cmake_args': None, 'catkin_skip_building_tests': False, 'cmake_args': None, 'cmake_clean_cache': False, 'cmake_clean_first': False, 'cmake_force_configure': False, 'cmake_target': None, 'cmake_target_skip_unavailable': False, 'install_base': '/home/viktor/dva502_master_thesis/Workspace/install/drone_com', 'merge_install': False, 'path': '/home/viktor/dva502_master_thesis/Workspace/src 1/src/drone_com', 'symlink_install': False, 'test_result_base': None}
[0.386s] Level 5:colcon.colcon_core.verb:set package 'drone_start' build argument 'cmake_args' from command line to 'None'
[0.386s] Level 5:colcon.colcon_core.verb:set package 'drone_start' build argument 'cmake_target' from command line to 'None'
[0.386s] Level 5:colcon.colcon_core.verb:set package 'drone_start' build argument 'cmake_target_skip_unavailable' from command line to 'False'
[0.386s] Level 5:colcon.colcon_core.verb:set package 'drone_start' build argument 'cmake_clean_cache' from command line to 'False'
[0.386s] Level 5:colcon.colcon_core.verb:set package 'drone_start' build argument 'cmake_clean_first' from command line to 'False'
[0.386s] Level 5:colcon.colcon_core.verb:set package 'drone_start' build argument 'cmake_force_configure' from command line to 'False'
[0.386s] Level 5:colcon.colcon_core.verb:set package 'drone_start' build argument 'ament_cmake_args' from command line to 'None'
[0.386s] Level 5:colcon.colcon_core.verb:set package 'drone_start' build argument 'catkin_cmake_args' from command line to 'None'
[0.386s] Level 5:colcon.colcon_core.verb:set package 'drone_start' build argument 'catkin_skip_building_tests' from command line to 'False'
[0.386s] DEBUG:colcon.colcon_core.verb:Building package 'drone_start' with the following arguments: {'ament_cmake_args': None, 'build_base': '/home/viktor/dva502_master_thesis/Workspace/build/drone_start', 'catkin_cmake_args': None, 'catkin_skip_building_tests': False, 'cmake_args': None, 'cmake_clean_cache': False, 'cmake_clean_first': False, 'cmake_force_configure': False, 'cmake_target': None, 'cmake_target_skip_unavailable': False, 'install_base': '/home/viktor/dva502_master_thesis/Workspace/install/drone_start', 'merge_install': False, 'path': '/home/viktor/dva502_master_thesis/Workspace/src 1/src/drone_start', 'symlink_install': False, 'test_result_base': None}
[0.386s] INFO:colcon.colcon_core.executor:Executing jobs using 'parallel' executor
[0.387s] DEBUG:colcon.colcon_parallel_executor.executor.parallel:run_until_complete
[0.387s] INFO:colcon.colcon_ros.task.ament_cmake.build:Building ROS package in '/home/viktor/dva502_master_thesis/Workspace/src 1/src/custom_drone_interfaces' with build type 'ament_cmake'
[0.387s] INFO:colcon.colcon_cmake.task.cmake.build:Building CMake package in '/home/viktor/dva502_master_thesis/Workspace/src 1/src/custom_drone_interfaces'
[0.389s] INFO:colcon.colcon_core.plugin_system:Skipping extension 'colcon_core.shell.bat': Not used on non-Windows systems
[0.389s] INFO:colcon.colcon_core.shell:Skip shell extension 'powershell' for command environment: Not usable outside of PowerShell
[0.389s] DEBUG:colcon.colcon_core.shell:Skip shell extension 'dsv' for command environment
[0.391s] INFO:colcon.colcon_ros.task.ament_python.build:Building ROS package in '/home/viktor/dva502_master_thesis/Workspace/src 1/src/random_publishers' with build type 'ament_python'
[0.391s] Level 1:colcon.colcon_core.shell:create_environment_hook('random_publishers', 'ament_prefix_path')
[0.392s] INFO:colcon.colcon_core.shell:Creating environment hook '/home/viktor/dva502_master_thesis/Workspace/install/random_publishers/share/random_publishers/hook/ament_prefix_path.ps1'
[0.392s] INFO:colcon.colcon_core.shell:Creating environment descriptor '/home/viktor/dva502_master_thesis/Workspace/install/random_publishers/share/random_publishers/hook/ament_prefix_path.dsv'
[0.393s] INFO:colcon.colcon_core.shell:Creating environment hook '/home/viktor/dva502_master_thesis/Workspace/install/random_publishers/share/random_publishers/hook/ament_prefix_path.sh'
[0.393s] INFO:colcon.colcon_core.shell:Skip shell extension 'powershell' for command environment: Not usable outside of PowerShell
[0.393s] DEBUG:colcon.colcon_core.shell:Skip shell extension 'dsv' for command environment
[0.399s] DEBUG:colcon.colcon_core.event_handler.log_command:Invoking command in '/home/viktor/dva502_master_thesis/Workspace/build/custom_drone_interfaces': CMAKE_PREFIX_PATH=/opt/ros/humble /usr/bin/cmake /home/viktor/dva502_master_thesis/Workspace/src 1/src/custom_drone_interfaces -DCMAKE_INSTALL_PREFIX=/home/viktor/dva502_master_thesis/Workspace/install/custom_drone_interfaces
[0.625s] INFO:colcon.colcon_core.task.python.build:Building Python package in '/home/viktor/dva502_master_thesis/Workspace/src 1/src/random_publishers'
[0.626s] INFO:colcon.colcon_core.shell:Skip shell extension 'powershell' for command environment: Not usable outside of PowerShell
[0.626s] DEBUG:colcon.colcon_core.shell:Skip shell extension 'dsv' for command environment
[0.927s] DEBUG:colcon.colcon_core.event_handler.log_command:Invoking command in '/home/viktor/dva502_master_thesis/Workspace/src 1/src/random_publishers': PYTHONPATH=/home/viktor/dva502_master_thesis/Workspace/build/random_publishers/prefix_override:/usr/lib/python3/dist-packages/colcon_core/task/python/colcon_distutils_commands:/home/viktor/dva502_master_thesis/Workspace/install/random_publishers/lib/python3.10/site-packages:${PYTHONPATH} /usr/bin/python3 -W ignore:setup.py install is deprecated -W ignore:easy_install command is deprecated setup.py egg_info --egg-base ../../../build/random_publishers build --build-base /home/viktor/dva502_master_thesis/Workspace/build/random_publishers/build install --record /home/viktor/dva502_master_thesis/Workspace/build/random_publishers/install.log --single-version-externally-managed install_data
[1.181s] DEBUG:colcon.colcon_core.event_handler.log_command:Invoked command in '/home/viktor/dva502_master_thesis/Workspace/src 1/src/random_publishers' returned '0': PYTHONPATH=/home/viktor/dva502_master_thesis/Workspace/build/random_publishers/prefix_override:/usr/lib/python3/dist-packages/colcon_core/task/python/colcon_distutils_commands:/home/viktor/dva502_master_thesis/Workspace/install/random_publishers/lib/python3.10/site-packages:${PYTHONPATH} /usr/bin/python3 -W ignore:setup.py install is deprecated -W ignore:easy_install command is deprecated setup.py egg_info --egg-base ../../../build/random_publishers build --build-base /home/viktor/dva502_master_thesis/Workspace/build/random_publishers/build install --record /home/viktor/dva502_master_thesis/Workspace/build/random_publishers/install.log --single-version-externally-managed install_data
[1.183s] Level 1:colcon.colcon_core.environment:checking '/home/viktor/dva502_master_thesis/Workspace/install/random_publishers' for CMake module files
[1.184s] Level 1:colcon.colcon_core.environment:checking '/home/viktor/dva502_master_thesis/Workspace/install/random_publishers' for CMake config files
[1.184s] Level 1:colcon.colcon_core.environment:checking '/home/viktor/dva502_master_thesis/Workspace/install/random_publishers/lib'
[1.184s] Level 1:colcon.colcon_core.environment:checking '/home/viktor/dva502_master_thesis/Workspace/install/random_publishers/bin'
[1.184s] Level 1:colcon.colcon_core.environment:checking '/home/viktor/dva502_master_thesis/Workspace/install/random_publishers/lib/pkgconfig/random_publishers.pc'
[1.185s] Level 1:colcon.colcon_core.environment:checking '/home/viktor/dva502_master_thesis/Workspace/install/random_publishers/lib/python3.10/site-packages'
[1.185s] Level 1:colcon.colcon_core.shell:create_environment_hook('random_publishers', 'pythonpath')
[1.185s] INFO:colcon.colcon_core.shell:Creating environment hook '/home/viktor/dva502_master_thesis/Workspace/install/random_publishers/share/random_publishers/hook/pythonpath.ps1'
[1.185s] INFO:colcon.colcon_core.shell:Creating environment descriptor '/home/viktor/dva502_master_thesis/Workspace/install/random_publishers/share/random_publishers/hook/pythonpath.dsv'
[1.186s] INFO:colcon.colcon_core.shell:Creating environment hook '/home/viktor/dva502_master_thesis/Workspace/install/random_publishers/share/random_publishers/hook/pythonpath.sh'
[1.186s] Level 1:colcon.colcon_core.environment:checking '/home/viktor/dva502_master_thesis/Workspace/install/random_publishers/bin'
[1.186s] Level 1:colcon.colcon_core.environment:create_environment_scripts_only(random_publishers)
[1.186s] INFO:colcon.colcon_core.shell:Creating package script '/home/viktor/dva502_master_thesis/Workspace/install/random_publishers/share/random_publishers/package.ps1'
[1.187s] INFO:colcon.colcon_core.shell:Creating package descriptor '/home/viktor/dva502_master_thesis/Workspace/install/random_publishers/share/random_publishers/package.dsv'
[1.188s] INFO:colcon.colcon_core.shell:Creating package script '/home/viktor/dva502_master_thesis/Workspace/install/random_publishers/share/random_publishers/package.sh'
[1.188s] INFO:colcon.colcon_core.shell:Creating package script '/home/viktor/dva502_master_thesis/Workspace/install/random_publishers/share/random_publishers/package.bash'
[1.189s] INFO:colcon.colcon_core.shell:Creating package script '/home/viktor/dva502_master_thesis/Workspace/install/random_publishers/share/random_publishers/package.zsh'
[1.190s] Level 1:colcon.colcon_core.environment:create_file_with_runtime_dependencies(/home/viktor/dva502_master_thesis/Workspace/install/random_publishers/share/colcon-core/packages/random_publishers)
[2.557s] DEBUG:colcon.colcon_core.event_handler.log_command:Invoked command in '/home/viktor/dva502_master_thesis/Workspace/build/custom_drone_interfaces' returned '0': CMAKE_PREFIX_PATH=/opt/ros/humble /usr/bin/cmake /home/viktor/dva502_master_thesis/Workspace/src 1/src/custom_drone_interfaces -DCMAKE_INSTALL_PREFIX=/home/viktor/dva502_master_thesis/Workspace/install/custom_drone_interfaces
[2.557s] DEBUG:colcon.colcon_core.event_handler.log_command:Invoking command in '/home/viktor/dva502_master_thesis/Workspace/build/custom_drone_interfaces': CMAKE_PREFIX_PATH=/opt/ros/humble /usr/bin/cmake --build /home/viktor/dva502_master_thesis/Workspace/build/custom_drone_interfaces -- -j12 -l12
[15.875s] DEBUG:colcon.colcon_core.event_handler.log_command:Invoked command in '/home/viktor/dva502_master_thesis/Workspace/build/custom_drone_interfaces' returned '0': CMAKE_PREFIX_PATH=/opt/ros/humble /usr/bin/cmake --build /home/viktor/dva502_master_thesis/Workspace/build/custom_drone_interfaces -- -j12 -l12
[15.883s] DEBUG:colcon.colcon_core.event_handler.log_command:Invoking command in '/home/viktor/dva502_master_thesis/Workspace/build/custom_drone_interfaces': CMAKE_PREFIX_PATH=/opt/ros/humble /usr/bin/cmake --install /home/viktor/dva502_master_thesis/Workspace/build/custom_drone_interfaces
[16.000s] Level 1:colcon.colcon_core.environment:create_environment_scripts_only(custom_drone_interfaces)
[16.000s] Level 1:colcon.colcon_core.environment:checking '/home/viktor/dva502_master_thesis/Workspace/install/custom_drone_interfaces' for CMake module files
[16.001s] DEBUG:colcon.colcon_core.event_handler.log_command:Invoked command in '/home/viktor/dva502_master_thesis/Workspace/build/custom_drone_interfaces' returned '0': CMAKE_PREFIX_PATH=/opt/ros/humble /usr/bin/cmake --install /home/viktor/dva502_master_thesis/Workspace/build/custom_drone_interfaces
[16.001s] Level 1:colcon.colcon_core.environment:checking '/home/viktor/dva502_master_thesis/Workspace/install/custom_drone_interfaces' for CMake config files
[16.001s] Level 1:colcon.colcon_core.shell:create_environment_hook('custom_drone_interfaces', 'cmake_prefix_path')
[16.001s] INFO:colcon.colcon_core.shell:Creating environment hook '/home/viktor/dva502_master_thesis/Workspace/install/custom_drone_interfaces/share/custom_drone_interfaces/hook/cmake_prefix_path.ps1'
[16.002s] INFO:colcon.colcon_core.shell:Creating environment descriptor '/home/viktor/dva502_master_thesis/Workspace/install/custom_drone_interfaces/share/custom_drone_interfaces/hook/cmake_prefix_path.dsv'
[16.002s] INFO:colcon.colcon_core.shell:Creating environment hook '/home/viktor/dva502_master_thesis/Workspace/install/custom_drone_interfaces/share/custom_drone_interfaces/hook/cmake_prefix_path.sh'
[16.003s] Level 1:colcon.colcon_core.environment:checking '/home/viktor/dva502_master_thesis/Workspace/install/custom_drone_interfaces/lib'
[16.003s] Level 1:colcon.colcon_core.shell:create_environment_hook('custom_drone_interfaces', 'ld_library_path_lib')
[16.003s] INFO:colcon.colcon_core.shell:Creating environment hook '/home/viktor/dva502_master_thesis/Workspace/install/custom_drone_interfaces/share/custom_drone_interfaces/hook/ld_library_path_lib.ps1'
[16.003s] INFO:colcon.colcon_core.shell:Creating environment descriptor '/home/viktor/dva502_master_thesis/Workspace/install/custom_drone_interfaces/share/custom_drone_interfaces/hook/ld_library_path_lib.dsv'
[16.004s] INFO:colcon.colcon_core.shell:Creating environment hook '/home/viktor/dva502_master_thesis/Workspace/install/custom_drone_interfaces/share/custom_drone_interfaces/hook/ld_library_path_lib.sh'
[16.004s] Level 1:colcon.colcon_core.environment:checking '/home/viktor/dva502_master_thesis/Workspace/install/custom_drone_interfaces/bin'
[16.004s] Level 1:colcon.colcon_core.environment:checking '/home/viktor/dva502_master_thesis/Workspace/install/custom_drone_interfaces/lib/pkgconfig/custom_drone_interfaces.pc'
[16.004s] Level 1:colcon.colcon_core.environment:checking '/home/viktor/dva502_master_thesis/Workspace/install/custom_drone_interfaces/lib/python3.10/site-packages'
[16.004s] Level 1:colcon.colcon_core.environment:checking '/home/viktor/dva502_master_thesis/Workspace/install/custom_drone_interfaces/bin'
[16.005s] INFO:colcon.colcon_core.shell:Creating package script '/home/viktor/dva502_master_thesis/Workspace/install/custom_drone_interfaces/share/custom_drone_interfaces/package.ps1'
[16.005s] INFO:colcon.colcon_core.shell:Creating package descriptor '/home/viktor/dva502_master_thesis/Workspace/install/custom_drone_interfaces/share/custom_drone_interfaces/package.dsv'
[16.005s] INFO:colcon.colcon_core.shell:Creating package script '/home/viktor/dva502_master_thesis/Workspace/install/custom_drone_interfaces/share/custom_drone_interfaces/package.sh'
[16.006s] INFO:colcon.colcon_core.shell:Creating package script '/home/viktor/dva502_master_thesis/Workspace/install/custom_drone_interfaces/share/custom_drone_interfaces/package.bash'
[16.006s] INFO:colcon.colcon_core.shell:Creating package script '/home/viktor/dva502_master_thesis/Workspace/install/custom_drone_interfaces/share/custom_drone_interfaces/package.zsh'
[16.006s] Level 1:colcon.colcon_core.environment:create_file_with_runtime_dependencies(/home/viktor/dva502_master_thesis/Workspace/install/custom_drone_interfaces/share/colcon-core/packages/custom_drone_interfaces)
[16.007s] Level 1:colcon.colcon_core.environment:create_environment_scripts_only(custom_drone_interfaces)
[16.007s] Level 1:colcon.colcon_core.environment:checking '/home/viktor/dva502_master_thesis/Workspace/install/custom_drone_interfaces' for CMake module files
[16.008s] Level 1:colcon.colcon_core.environment:checking '/home/viktor/dva502_master_thesis/Workspace/install/custom_drone_interfaces' for CMake config files
[16.008s] Level 1:colcon.colcon_core.shell:create_environment_hook('custom_drone_interfaces', 'cmake_prefix_path')
[16.008s] INFO:colcon.colcon_core.shell:Creating environment hook '/home/viktor/dva502_master_thesis/Workspace/install/custom_drone_interfaces/share/custom_drone_interfaces/hook/cmake_prefix_path.ps1'
[16.008s] INFO:colcon.colcon_core.shell:Creating environment descriptor '/home/viktor/dva502_master_thesis/Workspace/install/custom_drone_interfaces/share/custom_drone_interfaces/hook/cmake_prefix_path.dsv'
[16.009s] INFO:colcon.colcon_core.shell:Creating environment hook '/home/viktor/dva502_master_thesis/Workspace/install/custom_drone_interfaces/share/custom_drone_interfaces/hook/cmake_prefix_path.sh'
[16.009s] Level 1:colcon.colcon_core.environment:checking '/home/viktor/dva502_master_thesis/Workspace/install/custom_drone_interfaces/lib'
[16.009s] Level 1:colcon.colcon_core.shell:create_environment_hook('custom_drone_interfaces', 'ld_library_path_lib')
[16.010s] INFO:colcon.colcon_core.shell:Creating environment hook '/home/viktor/dva502_master_thesis/Workspace/install/custom_drone_interfaces/share/custom_drone_interfaces/hook/ld_library_path_lib.ps1'
[16.010s] INFO:colcon.colcon_core.shell:Creating environment descriptor '/home/viktor/dva502_master_thesis/Workspace/install/custom_drone_interfaces/share/custom_drone_interfaces/hook/ld_library_path_lib.dsv'
[16.010s] INFO:colcon.colcon_core.shell:Creating environment hook '/home/viktor/dva502_master_thesis/Workspace/install/custom_drone_interfaces/share/custom_drone_interfaces/hook/ld_library_path_lib.sh'
[16.011s] Level 1:colcon.colcon_core.environment:checking '/home/viktor/dva502_master_thesis/Workspace/install/custom_drone_interfaces/bin'
[16.011s] Level 1:colcon.colcon_core.environment:checking '/home/viktor/dva502_master_thesis/Workspace/install/custom_drone_interfaces/lib/pkgconfig/custom_drone_interfaces.pc'
[16.011s] Level 1:colcon.colcon_core.environment:checking '/home/viktor/dva502_master_thesis/Workspace/install/custom_drone_interfaces/lib/python3.10/site-packages'
[16.011s] Level 1:colcon.colcon_core.environment:checking '/home/viktor/dva502_master_thesis/Workspace/install/custom_drone_interfaces/bin'
[16.011s] INFO:colcon.colcon_core.shell:Creating package script '/home/viktor/dva502_master_thesis/Workspace/install/custom_drone_interfaces/share/custom_drone_interfaces/package.ps1'
[16.012s] INFO:colcon.colcon_core.shell:Creating package descriptor '/home/viktor/dva502_master_thesis/Workspace/install/custom_drone_interfaces/share/custom_drone_interfaces/package.dsv'
[16.012s] INFO:colcon.colcon_core.shell:Creating package script '/home/viktor/dva502_master_thesis/Workspace/install/custom_drone_interfaces/share/custom_drone_interfaces/package.sh'
[16.013s] INFO:colcon.colcon_core.shell:Creating package script '/home/viktor/dva502_master_thesis/Workspace/install/custom_drone_interfaces/share/custom_drone_interfaces/package.bash'
[16.013s] INFO:colcon.colcon_core.shell:Creating package script '/home/viktor/dva502_master_thesis/Workspace/install/custom_drone_interfaces/share/custom_drone_interfaces/package.zsh'
[16.013s] Level 1:colcon.colcon_core.environment:create_file_with_runtime_dependencies(/home/viktor/dva502_master_thesis/Workspace/install/custom_drone_interfaces/share/colcon-core/packages/custom_drone_interfaces)
[16.014s] INFO:colcon.colcon_ros.task.ament_python.build:Building ROS package in '/home/viktor/dva502_master_thesis/Workspace/src 1/src/drone_com' with build type 'ament_python'
[16.014s] Level 1:colcon.colcon_core.shell:create_environment_hook('drone_com', 'ament_prefix_path')
[16.014s] INFO:colcon.colcon_core.shell:Creating environment hook '/home/viktor/dva502_master_thesis/Workspace/install/drone_com/share/drone_com/hook/ament_prefix_path.ps1'
[16.015s] INFO:colcon.colcon_core.shell:Creating environment descriptor '/home/viktor/dva502_master_thesis/Workspace/install/drone_com/share/drone_com/hook/ament_prefix_path.dsv'
[16.015s] INFO:colcon.colcon_core.shell:Creating environment hook '/home/viktor/dva502_master_thesis/Workspace/install/drone_com/share/drone_com/hook/ament_prefix_path.sh'
[16.016s] INFO:colcon.colcon_core.shell:Skip shell extension 'powershell' for command environment: Not usable outside of PowerShell
[16.016s] DEBUG:colcon.colcon_core.shell:Skip shell extension 'dsv' for command environment
[16.240s] INFO:colcon.colcon_core.task.python.build:Building Python package in '/home/viktor/dva502_master_thesis/Workspace/src 1/src/drone_com'
[16.240s] INFO:colcon.colcon_core.shell:Skip shell extension 'powershell' for command environment: Not usable outside of PowerShell
[16.240s] DEBUG:colcon.colcon_core.shell:Skip shell extension 'dsv' for command environment
[16.546s] DEBUG:colcon.colcon_core.event_handler.log_command:Invoking command in '/home/viktor/dva502_master_thesis/Workspace/src 1/src/drone_com': AMENT_PREFIX_PATH=/home/viktor/dva502_master_thesis/Workspace/install/custom_drone_interfaces:${AMENT_PREFIX_PATH} CMAKE_PREFIX_PATH=/home/viktor/dva502_master_thesis/Workspace/install/custom_drone_interfaces LD_LIBRARY_PATH=/home/viktor/dva502_master_thesis/Workspace/install/custom_drone_interfaces/lib:${LD_LIBRARY_PATH} PYTHONPATH=/home/viktor/dva502_master_thesis/Workspace/build/drone_com/prefix_override:/usr/lib/python3/dist-packages/colcon_core/task/python/colcon_distutils_commands:/home/viktor/dva502_master_thesis/Workspace/install/drone_com/lib/python3.10/site-packages:/home/viktor/dva502_master_thesis/Workspace/install/custom_drone_interfaces/local/lib/python3.10/dist-packages:${PYTHONPATH} /usr/bin/python3 -W ignore:setup.py install is deprecated -W ignore:easy_install command is deprecated setup.py egg_info --egg-base ../../../build/drone_com build --build-base /home/viktor/dva502_master_thesis/Workspace/build/drone_com/build install --record /home/viktor/dva502_master_thesis/Workspace/build/drone_com/install.log --single-version-externally-managed install_data
[16.798s] Level 1:colcon.colcon_core.environment:checking '/home/viktor/dva502_master_thesis/Workspace/install/drone_com' for CMake module files
[16.799s] DEBUG:colcon.colcon_core.event_handler.log_command:Invoked command in '/home/viktor/dva502_master_thesis/Workspace/src 1/src/drone_com' returned '0': AMENT_PREFIX_PATH=/home/viktor/dva502_master_thesis/Workspace/install/custom_drone_interfaces:${AMENT_PREFIX_PATH} CMAKE_PREFIX_PATH=/home/viktor/dva502_master_thesis/Workspace/install/custom_drone_interfaces LD_LIBRARY_PATH=/home/viktor/dva502_master_thesis/Workspace/install/custom_drone_interfaces/lib:${LD_LIBRARY_PATH} PYTHONPATH=/home/viktor/dva502_master_thesis/Workspace/build/drone_com/prefix_override:/usr/lib/python3/dist-packages/colcon_core/task/python/colcon_distutils_commands:/home/viktor/dva502_master_thesis/Workspace/install/drone_com/lib/python3.10/site-packages:/home/viktor/dva502_master_thesis/Workspace/install/custom_drone_interfaces/local/lib/python3.10/dist-packages:${PYTHONPATH} /usr/bin/python3 -W ignore:setup.py install is deprecated -W ignore:easy_install command is deprecated setup.py egg_info --egg-base ../../../build/drone_com build --build-base /home/viktor/dva502_master_thesis/Workspace/build/drone_com/build install --record /home/viktor/dva502_master_thesis/Workspace/build/drone_com/install.log --single-version-externally-managed install_data
[16.799s] Level 1:colcon.colcon_core.environment:checking '/home/viktor/dva502_master_thesis/Workspace/install/drone_com' for CMake config files
[16.799s] Level 1:colcon.colcon_core.environment:checking '/home/viktor/dva502_master_thesis/Workspace/install/drone_com/lib'
[16.799s] Level 1:colcon.colcon_core.environment:checking '/home/viktor/dva502_master_thesis/Workspace/install/drone_com/bin'
[16.799s] Level 1:colcon.colcon_core.environment:checking '/home/viktor/dva502_master_thesis/Workspace/install/drone_com/lib/pkgconfig/drone_com.pc'
[16.800s] Level 1:colcon.colcon_core.environment:checking '/home/viktor/dva502_master_thesis/Workspace/install/drone_com/lib/python3.10/site-packages'
[16.800s] Level 1:colcon.colcon_core.shell:create_environment_hook('drone_com', 'pythonpath')
[16.800s] INFO:colcon.colcon_core.shell:Creating environment hook '/home/viktor/dva502_master_thesis/Workspace/install/drone_com/share/drone_com/hook/pythonpath.ps1'
[16.800s] INFO:colcon.colcon_core.shell:Creating environment descriptor '/home/viktor/dva502_master_thesis/Workspace/install/drone_com/share/drone_com/hook/pythonpath.dsv'
[16.801s] INFO:colcon.colcon_core.shell:Creating environment hook '/home/viktor/dva502_master_thesis/Workspace/install/drone_com/share/drone_com/hook/pythonpath.sh'
[16.801s] Level 1:colcon.colcon_core.environment:checking '/home/viktor/dva502_master_thesis/Workspace/install/drone_com/bin'
[16.801s] Level 1:colcon.colcon_core.environment:create_environment_scripts_only(drone_com)
[16.801s] INFO:colcon.colcon_core.shell:Creating package script '/home/viktor/dva502_master_thesis/Workspace/install/drone_com/share/drone_com/package.ps1'
[16.802s] INFO:colcon.colcon_core.shell:Creating package descriptor '/home/viktor/dva502_master_thesis/Workspace/install/drone_com/share/drone_com/package.dsv'
[16.802s] INFO:colcon.colcon_core.shell:Creating package script '/home/viktor/dva502_master_thesis/Workspace/install/drone_com/share/drone_com/package.sh'
[16.803s] INFO:colcon.colcon_core.shell:Creating package script '/home/viktor/dva502_master_thesis/Workspace/install/drone_com/share/drone_com/package.bash'
[16.803s] INFO:colcon.colcon_core.shell:Creating package script '/home/viktor/dva502_master_thesis/Workspace/install/drone_com/share/drone_com/package.zsh'
[16.803s] Level 1:colcon.colcon_core.environment:create_file_with_runtime_dependencies(/home/viktor/dva502_master_thesis/Workspace/install/drone_com/share/colcon-core/packages/drone_com)
[16.804s] INFO:colcon.colcon_ros.task.ament_python.build:Building ROS package in '/home/viktor/dva502_master_thesis/Workspace/src 1/src/drone_start' with build type 'ament_python'
[16.804s] Level 1:colcon.colcon_core.shell:create_environment_hook('drone_start', 'ament_prefix_path')
[16.804s] INFO:colcon.colcon_core.shell:Creating environment hook '/home/viktor/dva502_master_thesis/Workspace/install/drone_start/share/drone_start/hook/ament_prefix_path.ps1'
[16.804s] INFO:colcon.colcon_core.shell:Creating environment descriptor '/home/viktor/dva502_master_thesis/Workspace/install/drone_start/share/drone_start/hook/ament_prefix_path.dsv'
[16.805s] INFO:colcon.colcon_core.shell:Creating environment hook '/home/viktor/dva502_master_thesis/Workspace/install/drone_start/share/drone_start/hook/ament_prefix_path.sh'
[16.805s] INFO:colcon.colcon_core.shell:Skip shell extension 'powershell' for command environment: Not usable outside of PowerShell
[16.805s] DEBUG:colcon.colcon_core.shell:Skip shell extension 'dsv' for command environment
[16.811s] WARNING:colcon.colcon_ros.task.ament_python.build:Package 'drone_start' doesn't explicitly install a marker in the package index (colcon-ros currently does it implicitly but that fallback will be removed in the future)
[16.812s] INFO:colcon.colcon_core.task.python.build:Building Python package in '/home/viktor/dva502_master_thesis/Workspace/src 1/src/drone_start'
[16.812s] INFO:colcon.colcon_core.shell:Skip shell extension 'powershell' for command environment: Not usable outside of PowerShell
[16.812s] DEBUG:colcon.colcon_core.shell:Skip shell extension 'dsv' for command environment
[17.115s] DEBUG:colcon.colcon_core.event_handler.log_command:Invoking command in '/home/viktor/dva502_master_thesis/Workspace/src 1/src/drone_start': AMENT_PREFIX_PATH=/home/viktor/dva502_master_thesis/Workspace/install/drone_com:/home/viktor/dva502_master_thesis/Workspace/install/random_publishers:/home/viktor/dva502_master_thesis/Workspace/install/custom_drone_interfaces:${AMENT_PREFIX_PATH} CMAKE_PREFIX_PATH=/home/viktor/dva502_master_thesis/Workspace/install/custom_drone_interfaces LD_LIBRARY_PATH=/home/viktor/dva502_master_thesis/Workspace/install/custom_drone_interfaces/lib:${LD_LIBRARY_PATH} PYTHONPATH=/home/viktor/dva502_master_thesis/Workspace/build/drone_start/prefix_override:/usr/lib/python3/dist-packages/colcon_core/task/python/colcon_distutils_commands:/home/viktor/dva502_master_thesis/Workspace/install/drone_start/lib/python3.10/site-packages:/home/viktor/dva502_master_thesis/Workspace/install/drone_com/lib/python3.10/site-packages:/home/viktor/dva502_master_thesis/Workspace/install/random_publishers/lib/python3.10/site-packages:/home/viktor/dva502_master_thesis/Workspace/install/custom_drone_interfaces/local/lib/python3.10/dist-packages:${PYTHONPATH} /usr/bin/python3 -W ignore:setup.py install is deprecated -W ignore:easy_install command is deprecated setup.py egg_info --egg-base ../../../build/drone_start build --build-base /home/viktor/dva502_master_thesis/Workspace/build/drone_start/build install --record /home/viktor/dva502_master_thesis/Workspace/build/drone_start/install.log --single-version-externally-managed install_data
[17.383s] Level 1:colcon.colcon_core.environment:checking '/home/viktor/dva502_master_thesis/Workspace/install/drone_start' for CMake module files
[17.383s] DEBUG:colcon.colcon_core.event_handler.log_command:Invoked command in '/home/viktor/dva502_master_thesis/Workspace/src 1/src/drone_start' returned '0': AMENT_PREFIX_PATH=/home/viktor/dva502_master_thesis/Workspace/install/drone_com:/home/viktor/dva502_master_thesis/Workspace/install/random_publishers:/home/viktor/dva502_master_thesis/Workspace/install/custom_drone_interfaces:${AMENT_PREFIX_PATH} CMAKE_PREFIX_PATH=/home/viktor/dva502_master_thesis/Workspace/install/custom_drone_interfaces LD_LIBRARY_PATH=/home/viktor/dva502_master_thesis/Workspace/install/custom_drone_interfaces/lib:${LD_LIBRARY_PATH} PYTHONPATH=/home/viktor/dva502_master_thesis/Workspace/build/drone_start/prefix_override:/usr/lib/python3/dist-packages/colcon_core/task/python/colcon_distutils_commands:/home/viktor/dva502_master_thesis/Workspace/install/drone_start/lib/python3.10/site-packages:/home/viktor/dva502_master_thesis/Workspace/install/drone_com/lib/python3.10/site-packages:/home/viktor/dva502_master_thesis/Workspace/install/random_publishers/lib/python3.10/site-packages:/home/viktor/dva502_master_thesis/Workspace/install/custom_drone_interfaces/local/lib/python3.10/dist-packages:${PYTHONPATH} /usr/bin/python3 -W ignore:setup.py install is deprecated -W ignore:easy_install command is deprecated setup.py egg_info --egg-base ../../../build/drone_start build --build-base /home/viktor/dva502_master_thesis/Workspace/build/drone_start/build install --record /home/viktor/dva502_master_thesis/Workspace/build/drone_start/install.log --single-version-externally-managed install_data
[17.384s] Level 1:colcon.colcon_core.environment:checking '/home/viktor/dva502_master_thesis/Workspace/install/drone_start' for CMake config files
[17.384s] Level 1:colcon.colcon_core.environment:checking '/home/viktor/dva502_master_thesis/Workspace/install/drone_start/lib'
[17.384s] Level 1:colcon.colcon_core.environment:checking '/home/viktor/dva502_master_thesis/Workspace/install/drone_start/bin'
[17.384s] Level 1:colcon.colcon_core.shell:create_environment_hook('drone_start', 'path')
[17.384s] INFO:colcon.colcon_core.shell:Creating environment hook '/home/viktor/dva502_master_thesis/Workspace/install/drone_start/share/drone_start/hook/path.ps1'
[17.385s] INFO:colcon.colcon_core.shell:Creating environment descriptor '/home/viktor/dva502_master_thesis/Workspace/install/drone_start/share/drone_start/hook/path.dsv'
[17.385s] INFO:colcon.colcon_core.shell:Creating environment hook '/home/viktor/dva502_master_thesis/Workspace/install/drone_start/share/drone_start/hook/path.sh'
[17.385s] Level 1:colcon.colcon_core.environment:checking '/home/viktor/dva502_master_thesis/Workspace/install/drone_start/lib/pkgconfig/drone_start.pc'
[17.386s] Level 1:colcon.colcon_core.environment:checking '/home/viktor/dva502_master_thesis/Workspace/install/drone_start/lib/python3.10/site-packages'
[17.386s] Level 1:colcon.colcon_core.shell:create_environment_hook('drone_start', 'pythonpath')
[17.386s] INFO:colcon.colcon_core.shell:Creating environment hook '/home/viktor/dva502_master_thesis/Workspace/install/drone_start/share/drone_start/hook/pythonpath.ps1'
[17.386s] INFO:colcon.colcon_core.shell:Creating environment descriptor '/home/viktor/dva502_master_thesis/Workspace/install/drone_start/share/drone_start/hook/pythonpath.dsv'
[17.386s] INFO:colcon.colcon_core.shell:Creating environment hook '/home/viktor/dva502_master_thesis/Workspace/install/drone_start/share/drone_start/hook/pythonpath.sh'
[17.387s] Level 1:colcon.colcon_core.environment:checking '/home/viktor/dva502_master_thesis/Workspace/install/drone_start/bin'
[17.387s] Level 1:colcon.colcon_core.shell:create_environment_hook('drone_start', 'pythonscriptspath')
[17.387s] INFO:colcon.colcon_core.shell:Creating environment hook '/home/viktor/dva502_master_thesis/Workspace/install/drone_start/share/drone_start/hook/pythonscriptspath.ps1'
[17.388s] INFO:colcon.colcon_core.shell:Creating environment descriptor '/home/viktor/dva502_master_thesis/Workspace/install/drone_start/share/drone_start/hook/pythonscriptspath.dsv'
[17.388s] INFO:colcon.colcon_core.shell:Creating environment hook '/home/viktor/dva502_master_thesis/Workspace/install/drone_start/share/drone_start/hook/pythonscriptspath.sh'
[17.388s] Level 1:colcon.colcon_core.environment:create_environment_scripts_only(drone_start)
[17.389s] INFO:colcon.colcon_core.shell:Creating package script '/home/viktor/dva502_master_thesis/Workspace/install/drone_start/share/drone_start/package.ps1'
[17.389s] INFO:colcon.colcon_core.shell:Creating package descriptor '/home/viktor/dva502_master_thesis/Workspace/install/drone_start/share/drone_start/package.dsv'
[17.390s] INFO:colcon.colcon_core.shell:Creating package script '/home/viktor/dva502_master_thesis/Workspace/install/drone_start/share/drone_start/package.sh'
[17.390s] INFO:colcon.colcon_core.shell:Creating package script '/home/viktor/dva502_master_thesis/Workspace/install/drone_start/share/drone_start/package.bash'
[17.390s] INFO:colcon.colcon_core.shell:Creating package script '/home/viktor/dva502_master_thesis/Workspace/install/drone_start/share/drone_start/package.zsh'
[17.391s] Level 1:colcon.colcon_core.environment:create_file_with_runtime_dependencies(/home/viktor/dva502_master_thesis/Workspace/install/drone_start/share/colcon-core/packages/drone_start)
[17.391s] DEBUG:colcon.colcon_parallel_executor.executor.parallel:closing loop
[17.391s] DEBUG:colcon.colcon_parallel_executor.executor.parallel:loop closed
[17.391s] DEBUG:colcon.colcon_parallel_executor.executor.parallel:run_until_complete finished with '0'
[17.391s] DEBUG:colcon.colcon_core.event_reactor:joining thread
[17.396s] INFO:colcon.colcon_core.plugin_system:Skipping extension 'colcon_notification.desktop_notification.terminal_notifier': Not used on non-Darwin systems
[17.396s] INFO:colcon.colcon_core.plugin_system:Skipping extension 'colcon_notification.desktop_notification.win32': Not used on non-Windows systems
[17.396s] INFO:colcon.colcon_notification.desktop_notification:Sending desktop notification using 'notify2'
[17.409s] DEBUG:colcon.colcon_core.event_reactor:joined thread
[17.409s] INFO:colcon.colcon_core.shell:Creating prefix script '/home/viktor/dva502_master_thesis/Workspace/install/local_setup.ps1'
[17.410s] INFO:colcon.colcon_core.shell:Creating prefix util module '/home/viktor/dva502_master_thesis/Workspace/install/_local_setup_util_ps1.py'
[17.412s] INFO:colcon.colcon_core.shell:Creating prefix chain script '/home/viktor/dva502_master_thesis/Workspace/install/setup.ps1'
[17.413s] INFO:colcon.colcon_core.shell:Creating prefix script '/home/viktor/dva502_master_thesis/Workspace/install/local_setup.sh'
[17.413s] INFO:colcon.colcon_core.shell:Creating prefix util module '/home/viktor/dva502_master_thesis/Workspace/install/_local_setup_util_sh.py'
[17.414s] INFO:colcon.colcon_core.shell:Creating prefix chain script '/home/viktor/dva502_master_thesis/Workspace/install/setup.sh'
[17.415s] INFO:colcon.colcon_core.shell:Creating prefix script '/home/viktor/dva502_master_thesis/Workspace/install/local_setup.bash'
[17.416s] INFO:colcon.colcon_core.shell:Creating prefix chain script '/home/viktor/dva502_master_thesis/Workspace/install/setup.bash'
[17.416s] INFO:colcon.colcon_core.shell:Creating prefix script '/home/viktor/dva502_master_thesis/Workspace/install/local_setup.zsh'
[17.417s] INFO:colcon.colcon_core.shell:Creating prefix chain script '/home/viktor/dva502_master_thesis/Workspace/install/setup.zsh'
