[0.093s] DEBUG:colcon:Command line arguments: ['/usr/bin/colcon', 'build']
[0.093s] DEBUG:colcon:Parsed command line arguments: Namespace(log_base=None, log_level=None, verb_name='build', build_base='build', install_base='install', merge_install=False, symlink_install=False, test_result_base=None, continue_on_error=False, executor='parallel', parallel_workers=12, event_handlers=None, ignore_user_meta=False, metas=['./colcon.meta'], base_paths=['.'], packages_ignore=None, packages_ignore_regex=None, paths=None, packages_up_to=None, packages_up_to_regex=None, packages_above=None, packages_above_and_dependencies=None, packages_above_depth=None, packages_select_by_dep=None, packages_skip_by_dep=None, packages_skip_up_to=None, packages_select_build_failed=False, packages_skip_build_finished=False, packages_select_test_failures=False, packages_skip_test_passed=False, packages_select=None, packages_skip=None, packages_select_regex=None, packages_skip_regex=None, packages_start=None, packages_end=None, allow_overriding=[], cmake_args=None, cmake_target=None, cmake_target_skip_unavailable=False, cmake_clean_cache=False, cmake_clean_first=False, cmake_force_configure=False, ament_cmake_args=None, catkin_cmake_args=None, catkin_skip_building_tests=False, verb_parser=<colcon_defaults.argument_parser.defaults.DefaultArgumentsDecorator object at 0x746976c680d0>, verb_extension=<colcon_core.verb.build.BuildVerb object at 0x746976d51420>, main=<bound method BuildVerb.main of <colcon_core.verb.build.BuildVerb object at 0x746976d51420>>)
[0.239s] Level 1:colcon.colcon_core.package_discovery:discover_packages(colcon_meta) check parameters
[0.239s] Level 1:colcon.colcon_core.package_discovery:discover_packages(recursive) check parameters
[0.239s] Level 1:colcon.colcon_core.package_discovery:discover_packages(ignore) check parameters
[0.239s] Level 1:colcon.colcon_core.package_discovery:discover_packages(path) check parameters
[0.239s] Level 1:colcon.colcon_core.package_discovery:discover_packages(colcon_meta) discover
[0.239s] Level 1:colcon.colcon_core.package_discovery:discover_packages(recursive) discover
[0.239s] INFO:colcon.colcon_core.package_discovery:Crawling recursively for packages in '/home/viktor/dva502_master_thesis/Workspace'
[0.239s] Level 1:colcon.colcon_core.package_identification:_identify(.) by extensions ['ignore', 'ignore_ament_install']
[0.239s] Level 1:colcon.colcon_core.package_identification:_identify(.) by extension 'ignore'
[0.239s] Level 1:colcon.colcon_core.package_identification:_identify(.) by extension 'ignore_ament_install'
[0.239s] Level 1:colcon.colcon_core.package_identification:_identify(.) by extensions ['colcon_pkg']
[0.239s] Level 1:colcon.colcon_core.package_identification:_identify(.) by extension 'colcon_pkg'
[0.239s] Level 1:colcon.colcon_core.package_identification:_identify(.) by extensions ['colcon_meta']
[0.239s] Level 1:colcon.colcon_core.package_identification:_identify(.) by extension 'colcon_meta'
[0.239s] Level 1:colcon.colcon_core.package_identification:_identify(.) by extensions ['ros']
[0.239s] Level 1:colcon.colcon_core.package_identification:_identify(.) by extension 'ros'
[0.249s] Level 1:colcon.colcon_core.package_identification:_identify(.) by extensions ['cmake', 'python']
[0.249s] Level 1:colcon.colcon_core.package_identification:_identify(.) by extension 'cmake'
[0.249s] Level 1:colcon.colcon_core.package_identification:_identify(.) by extension 'python'
[0.249s] Level 1:colcon.colcon_core.package_identification:_identify(.) by extensions ['python_setup_py']
[0.249s] Level 1:colcon.colcon_core.package_identification:_identify(.) by extension 'python_setup_py'
[0.250s] Level 1:colcon.colcon_core.package_identification:_identify(build) by extensions ['ignore', 'ignore_ament_install']
[0.250s] Level 1:colcon.colcon_core.package_identification:_identify(build) by extension 'ignore'
[0.250s] Level 1:colcon.colcon_core.package_identification:_identify(build) ignored
[0.250s] Level 1:colcon.colcon_core.package_identification:_identify(config_files) by extensions ['ignore', 'ignore_ament_install']
[0.250s] Level 1:colcon.colcon_core.package_identification:_identify(config_files) by extension 'ignore'
[0.250s] Level 1:colcon.colcon_core.package_identification:_identify(config_files) by extension 'ignore_ament_install'
[0.250s] Level 1:colcon.colcon_core.package_identification:_identify(config_files) by extensions ['colcon_pkg']
[0.250s] Level 1:colcon.colcon_core.package_identification:_identify(config_files) by extension 'colcon_pkg'
[0.250s] Level 1:colcon.colcon_core.package_identification:_identify(config_files) by extensions ['colcon_meta']
[0.250s] Level 1:colcon.colcon_core.package_identification:_identify(config_files) by extension 'colcon_meta'
[0.250s] Level 1:colcon.colcon_core.package_identification:_identify(config_files) by extensions ['ros']
[0.250s] Level 1:colcon.colcon_core.package_identification:_identify(config_files) by extension 'ros'
[0.250s] Level 1:colcon.colcon_core.package_identification:_identify(config_files) by extensions ['cmake', 'python']
[0.250s] Level 1:colcon.colcon_core.package_identification:_identify(config_files) by extension 'cmake'
[0.250s] Level 1:colcon.colcon_core.package_identification:_identify(config_files) by extension 'python'
[0.250s] Level 1:colcon.colcon_core.package_identification:_identify(config_files) by extensions ['python_setup_py']
[0.250s] Level 1:colcon.colcon_core.package_identification:_identify(config_files) by extension 'python_setup_py'
[0.250s] Level 1:colcon.colcon_core.package_identification:_identify(install) by extensions ['ignore', 'ignore_ament_install']
[0.251s] Level 1:colcon.colcon_core.package_identification:_identify(install) by extension 'ignore'
[0.251s] Level 1:colcon.colcon_core.package_identification:_identify(install) ignored
[0.251s] Level 1:colcon.colcon_core.package_identification:_identify(log) by extensions ['ignore', 'ignore_ament_install']
[0.251s] Level 1:colcon.colcon_core.package_identification:_identify(log) by extension 'ignore'
[0.251s] Level 1:colcon.colcon_core.package_identification:_identify(log) ignored
[0.251s] Level 1:colcon.colcon_core.package_identification:_identify(src) by extensions ['ignore', 'ignore_ament_install']
[0.251s] Level 1:colcon.colcon_core.package_identification:_identify(src) by extension 'ignore'
[0.251s] Level 1:colcon.colcon_core.package_identification:_identify(src) by extension 'ignore_ament_install'
[0.251s] Level 1:colcon.colcon_core.package_identification:_identify(src) by extensions ['colcon_pkg']
[0.251s] Level 1:colcon.colcon_core.package_identification:_identify(src) by extension 'colcon_pkg'
[0.251s] Level 1:colcon.colcon_core.package_identification:_identify(src) by extensions ['colcon_meta']
[0.251s] Level 1:colcon.colcon_core.package_identification:_identify(src) by extension 'colcon_meta'
[0.251s] Level 1:colcon.colcon_core.package_identification:_identify(src) by extensions ['ros']
[0.251s] Level 1:colcon.colcon_core.package_identification:_identify(src) by extension 'ros'
[0.251s] Level 1:colcon.colcon_core.package_identification:_identify(src) by extensions ['cmake', 'python']
[0.251s] Level 1:colcon.colcon_core.package_identification:_identify(src) by extension 'cmake'
[0.251s] Level 1:colcon.colcon_core.package_identification:_identify(src) by extension 'python'
[0.251s] Level 1:colcon.colcon_core.package_identification:_identify(src) by extensions ['python_setup_py']
[0.251s] Level 1:colcon.colcon_core.package_identification:_identify(src) by extension 'python_setup_py'
[0.251s] Level 1:colcon.colcon_core.package_identification:_identify(src/custom_drone_interfaces) by extensions ['ignore', 'ignore_ament_install']
[0.252s] Level 1:colcon.colcon_core.package_identification:_identify(src/custom_drone_interfaces) by extension 'ignore'
[0.252s] Level 1:colcon.colcon_core.package_identification:_identify(src/custom_drone_interfaces) by extension 'ignore_ament_install'
[0.252s] Level 1:colcon.colcon_core.package_identification:_identify(src/custom_drone_interfaces) by extensions ['colcon_pkg']
[0.252s] Level 1:colcon.colcon_core.package_identification:_identify(src/custom_drone_interfaces) by extension 'colcon_pkg'
[0.252s] Level 1:colcon.colcon_core.package_identification:_identify(src/custom_drone_interfaces) by extensions ['colcon_meta']
[0.252s] Level 1:colcon.colcon_core.package_identification:_identify(src/custom_drone_interfaces) by extension 'colcon_meta'
[0.252s] Level 1:colcon.colcon_core.package_identification:_identify(src/custom_drone_interfaces) by extensions ['ros']
[0.252s] Level 1:colcon.colcon_core.package_identification:_identify(src/custom_drone_interfaces) by extension 'ros'
[0.254s] DEBUG:colcon.colcon_core.package_identification:Package 'src/custom_drone_interfaces' with type 'ros.ament_cmake' and name 'custom_drone_interfaces'
[0.254s] Level 1:colcon.colcon_core.package_identification:_identify(src/drone_com) by extensions ['ignore', 'ignore_ament_install']
[0.255s] Level 1:colcon.colcon_core.package_identification:_identify(src/drone_com) by extension 'ignore'
[0.255s] Level 1:colcon.colcon_core.package_identification:_identify(src/drone_com) by extension 'ignore_ament_install'
[0.255s] Level 1:colcon.colcon_core.package_identification:_identify(src/drone_com) by extensions ['colcon_pkg']
[0.255s] Level 1:colcon.colcon_core.package_identification:_identify(src/drone_com) by extension 'colcon_pkg'
[0.255s] Level 1:colcon.colcon_core.package_identification:_identify(src/drone_com) by extensions ['colcon_meta']
[0.255s] Level 1:colcon.colcon_core.package_identification:_identify(src/drone_com) by extension 'colcon_meta'
[0.255s] Level 1:colcon.colcon_core.package_identification:_identify(src/drone_com) by extensions ['ros']
[0.255s] Level 1:colcon.colcon_core.package_identification:_identify(src/drone_com) by extension 'ros'
[0.255s] DEBUG:colcon.colcon_core.package_identification:Package 'src/drone_com' with type 'ros.ament_python' and name 'drone_com'
[0.255s] Level 1:colcon.colcon_core.package_identification:_identify(src/drone_start) by extensions ['ignore', 'ignore_ament_install']
[0.256s] Level 1:colcon.colcon_core.package_identification:_identify(src/drone_start) by extension 'ignore'
[0.256s] Level 1:colcon.colcon_core.package_identification:_identify(src/drone_start) by extension 'ignore_ament_install'
[0.256s] Level 1:colcon.colcon_core.package_identification:_identify(src/drone_start) by extensions ['colcon_pkg']
[0.256s] Level 1:colcon.colcon_core.package_identification:_identify(src/drone_start) by extension 'colcon_pkg'
[0.256s] Level 1:colcon.colcon_core.package_identification:_identify(src/drone_start) by extensions ['colcon_meta']
[0.256s] Level 1:colcon.colcon_core.package_identification:_identify(src/drone_start) by extension 'colcon_meta'
[0.256s] Level 1:colcon.colcon_core.package_identification:_identify(src/drone_start) by extensions ['ros']
[0.256s] Level 1:colcon.colcon_core.package_identification:_identify(src/drone_start) by extension 'ros'
[0.257s] DEBUG:colcon.colcon_core.package_identification:Package 'src/drone_start' with type 'ros.ament_python' and name 'drone_start'
[0.257s] Level 1:colcon.colcon_core.package_identification:_identify(src/random_publishers) by extensions ['ignore', 'ignore_ament_install']
[0.257s] Level 1:colcon.colcon_core.package_identification:_identify(src/random_publishers) by extension 'ignore'
[0.257s] Level 1:colcon.colcon_core.package_identification:_identify(src/random_publishers) by extension 'ignore_ament_install'
[0.257s] Level 1:colcon.colcon_core.package_identification:_identify(src/random_publishers) by extensions ['colcon_pkg']
[0.257s] Level 1:colcon.colcon_core.package_identification:_identify(src/random_publishers) by extension 'colcon_pkg'
[0.257s] Level 1:colcon.colcon_core.package_identification:_identify(src/random_publishers) by extensions ['colcon_meta']
[0.257s] Level 1:colcon.colcon_core.package_identification:_identify(src/random_publishers) by extension 'colcon_meta'
[0.257s] Level 1:colcon.colcon_core.package_identification:_identify(src/random_publishers) by extensions ['ros']
[0.257s] Level 1:colcon.colcon_core.package_identification:_identify(src/random_publishers) by extension 'ros'
[0.257s] DEBUG:colcon.colcon_core.package_identification:Package 'src/random_publishers' with type 'ros.ament_python' and name 'random_publishers'
[0.258s] Level 1:colcon.colcon_core.package_discovery:discover_packages(recursive) using defaults
[0.258s] Level 1:colcon.colcon_core.package_discovery:discover_packages(ignore) discover
[0.258s] Level 1:colcon.colcon_core.package_discovery:discover_packages(ignore) using defaults
[0.258s] Level 1:colcon.colcon_core.package_discovery:discover_packages(path) discover
[0.258s] Level 1:colcon.colcon_core.package_discovery:discover_packages(path) using defaults
[0.295s] Level 1:colcon.colcon_core.package_discovery:discover_packages(prefix_path) check parameters
[0.295s] Level 1:colcon.colcon_core.package_discovery:discover_packages(prefix_path) discover
[0.296s] WARNING:colcon.colcon_ros.prefix_path.ament:The path '/home/viktor/dva502_master_thesis/Workspace/install/drone_start' in the environment variable AMENT_PREFIX_PATH doesn't exist
[0.296s] WARNING:colcon.colcon_ros.prefix_path.ament:The path '/home/viktor/dva502_master_thesis/Workspace/install/random_publishers' in the environment variable AMENT_PREFIX_PATH doesn't exist
[0.296s] WARNING:colcon.colcon_ros.prefix_path.ament:The path '/home/viktor/dva502_master_thesis/Workspace/install/drone_com' in the environment variable AMENT_PREFIX_PATH doesn't exist
[0.296s] WARNING:colcon.colcon_ros.prefix_path.ament:The path '/home/viktor/dva502_master_thesis/Workspace/install/custom_drone_interfaces' in the environment variable AMENT_PREFIX_PATH doesn't exist
[0.296s] WARNING:colcon.colcon_ros.prefix_path.catkin:The path '/home/viktor/dva502_master_thesis/Workspace/install/custom_drone_interfaces' in the environment variable CMAKE_PREFIX_PATH doesn't exist
[0.297s] DEBUG:colcon.colcon_installed_package_information.package_discovery:Found 0 installed packages in /home/viktor/dva502_master_thesis/Workspace/install
[0.298s] DEBUG:colcon.colcon_installed_package_information.package_discovery:Found 271 installed packages in /opt/ros/humble
[0.299s] Level 1:colcon.colcon_core.package_discovery:discover_packages(prefix_path) using defaults
[0.333s] Level 5:colcon.colcon_core.verb:set package 'custom_drone_interfaces' build argument 'cmake_args' from command line to 'None'
[0.333s] Level 5:colcon.colcon_core.verb:set package 'custom_drone_interfaces' build argument 'cmake_target' from command line to 'None'
[0.333s] Level 5:colcon.colcon_core.verb:set package 'custom_drone_interfaces' build argument 'cmake_target_skip_unavailable' from command line to 'False'
[0.333s] Level 5:colcon.colcon_core.verb:set package 'custom_drone_interfaces' build argument 'cmake_clean_cache' from command line to 'False'
[0.333s] Level 5:colcon.colcon_core.verb:set package 'custom_drone_interfaces' build argument 'cmake_clean_first' from command line to 'False'
[0.333s] Level 5:colcon.colcon_core.verb:set package 'custom_drone_interfaces' build argument 'cmake_force_configure' from command line to 'False'
[0.333s] Level 5:colcon.colcon_core.verb:set package 'custom_drone_interfaces' build argument 'ament_cmake_args' from command line to 'None'
[0.333s] Level 5:colcon.colcon_core.verb:set package 'custom_drone_interfaces' build argument 'catkin_cmake_args' from command line to 'None'
[0.333s] Level 5:colcon.colcon_core.verb:set package 'custom_drone_interfaces' build argument 'catkin_skip_building_tests' from command line to 'False'
[0.333s] DEBUG:colcon.colcon_core.verb:Building package 'custom_drone_interfaces' with the following arguments: {'ament_cmake_args': None, 'build_base': '/home/viktor/dva502_master_thesis/Workspace/build/custom_drone_interfaces', 'catkin_cmake_args': None, 'catkin_skip_building_tests': False, 'cmake_args': None, 'cmake_clean_cache': False, 'cmake_clean_first': False, 'cmake_force_configure': False, 'cmake_target': None, 'cmake_target_skip_unavailable': False, 'install_base': '/home/viktor/dva502_master_thesis/Workspace/install/custom_drone_interfaces', 'merge_install': False, 'path': '/home/viktor/dva502_master_thesis/Workspace/src/custom_drone_interfaces', 'symlink_install': False, 'test_result_base': None}
[0.334s] Level 5:colcon.colcon_core.verb:set package 'random_publishers' build argument 'cmake_args' from command line to 'None'
[0.334s] Level 5:colcon.colcon_core.verb:set package 'random_publishers' build argument 'cmake_target' from command line to 'None'
[0.334s] Level 5:colcon.colcon_core.verb:set package 'random_publishers' build argument 'cmake_target_skip_unavailable' from command line to 'False'
[0.334s] Level 5:colcon.colcon_core.verb:set package 'random_publishers' build argument 'cmake_clean_cache' from command line to 'False'
[0.334s] Level 5:colcon.colcon_core.verb:set package 'random_publishers' build argument 'cmake_clean_first' from command line to 'False'
[0.334s] Level 5:colcon.colcon_core.verb:set package 'random_publishers' build argument 'cmake_force_configure' from command line to 'False'
[0.334s] Level 5:colcon.colcon_core.verb:set package 'random_publishers' build argument 'ament_cmake_args' from command line to 'None'
[0.334s] Level 5:colcon.colcon_core.verb:set package 'random_publishers' build argument 'catkin_cmake_args' from command line to 'None'
[0.334s] Level 5:colcon.colcon_core.verb:set package 'random_publishers' build argument 'catkin_skip_building_tests' from command line to 'False'
[0.334s] DEBUG:colcon.colcon_core.verb:Building package 'random_publishers' with the following arguments: {'ament_cmake_args': None, 'build_base': '/home/viktor/dva502_master_thesis/Workspace/build/random_publishers', 'catkin_cmake_args': None, 'catkin_skip_building_tests': False, 'cmake_args': None, 'cmake_clean_cache': False, 'cmake_clean_first': False, 'cmake_force_configure': False, 'cmake_target': None, 'cmake_target_skip_unavailable': False, 'install_base': '/home/viktor/dva502_master_thesis/Workspace/install/random_publishers', 'merge_install': False, 'path': '/home/viktor/dva502_master_thesis/Workspace/src/random_publishers', 'symlink_install': False, 'test_result_base': None}
[0.334s] Level 5:colcon.colcon_core.verb:set package 'drone_com' build argument 'cmake_args' from command line to 'None'
[0.334s] Level 5:colcon.colcon_core.verb:set package 'drone_com' build argument 'cmake_target' from command line to 'None'
[0.334s] Level 5:colcon.colcon_core.verb:set package 'drone_com' build argument 'cmake_target_skip_unavailable' from command line to 'False'
[0.334s] Level 5:colcon.colcon_core.verb:set package 'drone_com' build argument 'cmake_clean_cache' from command line to 'False'
[0.334s] Level 5:colcon.colcon_core.verb:set package 'drone_com' build argument 'cmake_clean_first' from command line to 'False'
[0.334s] Level 5:colcon.colcon_core.verb:set package 'drone_com' build argument 'cmake_force_configure' from command line to 'False'
[0.334s] Level 5:colcon.colcon_core.verb:set package 'drone_com' build argument 'ament_cmake_args' from command line to 'None'
[0.334s] Level 5:colcon.colcon_core.verb:set package 'drone_com' build argument 'catkin_cmake_args' from command line to 'None'
[0.334s] Level 5:colcon.colcon_core.verb:set package 'drone_com' build argument 'catkin_skip_building_tests' from command line to 'False'
[0.334s] DEBUG:colcon.colcon_core.verb:Building package 'drone_com' with the following arguments: {'ament_cmake_args': None, 'build_base': '/home/viktor/dva502_master_thesis/Workspace/build/drone_com', 'catkin_cmake_args': None, 'catkin_skip_building_tests': False, 'cmake_args': None, 'cmake_clean_cache': False, 'cmake_clean_first': False, 'cmake_force_configure': False, 'cmake_target': None, 'cmake_target_skip_unavailable': False, 'install_base': '/home/viktor/dva502_master_thesis/Workspace/install/drone_com', 'merge_install': False, 'path': '/home/viktor/dva502_master_thesis/Workspace/src/drone_com', 'symlink_install': False, 'test_result_base': None}
[0.335s] Level 5:colcon.colcon_core.verb:set package 'drone_start' build argument 'cmake_args' from command line to 'None'
[0.335s] Level 5:colcon.colcon_core.verb:set package 'drone_start' build argument 'cmake_target' from command line to 'None'
[0.335s] Level 5:colcon.colcon_core.verb:set package 'drone_start' build argument 'cmake_target_skip_unavailable' from command line to 'False'
[0.335s] Level 5:colcon.colcon_core.verb:set package 'drone_start' build argument 'cmake_clean_cache' from command line to 'False'
[0.335s] Level 5:colcon.colcon_core.verb:set package 'drone_start' build argument 'cmake_clean_first' from command line to 'False'
[0.335s] Level 5:colcon.colcon_core.verb:set package 'drone_start' build argument 'cmake_force_configure' from command line to 'False'
[0.335s] Level 5:colcon.colcon_core.verb:set package 'drone_start' build argument 'ament_cmake_args' from command line to 'None'
[0.335s] Level 5:colcon.colcon_core.verb:set package 'drone_start' build argument 'catkin_cmake_args' from command line to 'None'
[0.335s] Level 5:colcon.colcon_core.verb:set package 'drone_start' build argument 'catkin_skip_building_tests' from command line to 'False'
[0.335s] DEBUG:colcon.colcon_core.verb:Building package 'drone_start' with the following arguments: {'ament_cmake_args': None, 'build_base': '/home/viktor/dva502_master_thesis/Workspace/build/drone_start', 'catkin_cmake_args': None, 'catkin_skip_building_tests': False, 'cmake_args': None, 'cmake_clean_cache': False, 'cmake_clean_first': False, 'cmake_force_configure': False, 'cmake_target': None, 'cmake_target_skip_unavailable': False, 'install_base': '/home/viktor/dva502_master_thesis/Workspace/install/drone_start', 'merge_install': False, 'path': '/home/viktor/dva502_master_thesis/Workspace/src/drone_start', 'symlink_install': False, 'test_result_base': None}
[0.335s] INFO:colcon.colcon_core.executor:Executing jobs using 'parallel' executor
[0.336s] DEBUG:colcon.colcon_parallel_executor.executor.parallel:run_until_complete
[0.336s] INFO:colcon.colcon_ros.task.ament_cmake.build:Building ROS package in '/home/viktor/dva502_master_thesis/Workspace/src/custom_drone_interfaces' with build type 'ament_cmake'
[0.336s] INFO:colcon.colcon_cmake.task.cmake.build:Building CMake package in '/home/viktor/dva502_master_thesis/Workspace/src/custom_drone_interfaces'
[0.338s] INFO:colcon.colcon_core.plugin_system:Skipping extension 'colcon_core.shell.bat': Not used on non-Windows systems
[0.338s] INFO:colcon.colcon_core.shell:Skip shell extension 'powershell' for command environment: Not usable outside of PowerShell
[0.338s] DEBUG:colcon.colcon_core.shell:Skip shell extension 'dsv' for command environment
[0.341s] INFO:colcon.colcon_ros.task.ament_python.build:Building ROS package in '/home/viktor/dva502_master_thesis/Workspace/src/random_publishers' with build type 'ament_python'
[0.341s] Level 1:colcon.colcon_core.shell:create_environment_hook('random_publishers', 'ament_prefix_path')
[0.341s] INFO:colcon.colcon_core.shell:Creating environment hook '/home/viktor/dva502_master_thesis/Workspace/install/random_publishers/share/random_publishers/hook/ament_prefix_path.ps1'
[0.342s] INFO:colcon.colcon_core.shell:Creating environment descriptor '/home/viktor/dva502_master_thesis/Workspace/install/random_publishers/share/random_publishers/hook/ament_prefix_path.dsv'
[0.342s] INFO:colcon.colcon_core.shell:Creating environment hook '/home/viktor/dva502_master_thesis/Workspace/install/random_publishers/share/random_publishers/hook/ament_prefix_path.sh'
[0.343s] INFO:colcon.colcon_core.shell:Skip shell extension 'powershell' for command environment: Not usable outside of PowerShell
[0.343s] DEBUG:colcon.colcon_core.shell:Skip shell extension 'dsv' for command environment
[0.348s] DEBUG:colcon.colcon_core.event_handler.log_command:Invoking command in '/home/viktor/dva502_master_thesis/Workspace/build/custom_drone_interfaces': CMAKE_PREFIX_PATH=${CMAKE_PREFIX_PATH}:/home/viktor/dva502_master_thesis/Workspace/install/drone_start:/home/viktor/dva502_master_thesis/Workspace/install/random_publishers:/home/viktor/dva502_master_thesis/Workspace/install/drone_com:/opt/ros/humble /usr/bin/cmake /home/viktor/dva502_master_thesis/Workspace/src/custom_drone_interfaces -DCMAKE_INSTALL_PREFIX=/home/viktor/dva502_master_thesis/Workspace/install/custom_drone_interfaces
[0.573s] INFO:colcon.colcon_core.task.python.build:Building Python package in '/home/viktor/dva502_master_thesis/Workspace/src/random_publishers'
[0.573s] INFO:colcon.colcon_core.shell:Skip shell extension 'powershell' for command environment: Not usable outside of PowerShell
[0.573s] DEBUG:colcon.colcon_core.shell:Skip shell extension 'dsv' for command environment
[0.885s] DEBUG:colcon.colcon_core.event_handler.log_command:Invoking command in '/home/viktor/dva502_master_thesis/Workspace/src/random_publishers': PYTHONPATH=/home/viktor/dva502_master_thesis/Workspace/build/random_publishers/prefix_override:/usr/lib/python3/dist-packages/colcon_core/task/python/colcon_distutils_commands:/home/viktor/dva502_master_thesis/Workspace/install/random_publishers/lib/python3.10/site-packages:${PYTHONPATH} /usr/bin/python3 -W ignore:setup.py install is deprecated -W ignore:easy_install command is deprecated setup.py egg_info --egg-base ../../build/random_publishers build --build-base /home/viktor/dva502_master_thesis/Workspace/build/random_publishers/build install --record /home/viktor/dva502_master_thesis/Workspace/build/random_publishers/install.log --single-version-externally-managed install_data
[1.138s] DEBUG:colcon.colcon_core.event_handler.log_command:Invoked command in '/home/viktor/dva502_master_thesis/Workspace/src/random_publishers' returned '0': PYTHONPATH=/home/viktor/dva502_master_thesis/Workspace/build/random_publishers/prefix_override:/usr/lib/python3/dist-packages/colcon_core/task/python/colcon_distutils_commands:/home/viktor/dva502_master_thesis/Workspace/install/random_publishers/lib/python3.10/site-packages:${PYTHONPATH} /usr/bin/python3 -W ignore:setup.py install is deprecated -W ignore:easy_install command is deprecated setup.py egg_info --egg-base ../../build/random_publishers build --build-base /home/viktor/dva502_master_thesis/Workspace/build/random_publishers/build install --record /home/viktor/dva502_master_thesis/Workspace/build/random_publishers/install.log --single-version-externally-managed install_data
[1.140s] Level 1:colcon.colcon_core.environment:checking '/home/viktor/dva502_master_thesis/Workspace/install/random_publishers' for CMake module files
[1.140s] Level 1:colcon.colcon_core.environment:checking '/home/viktor/dva502_master_thesis/Workspace/install/random_publishers' for CMake config files
[1.141s] Level 1:colcon.colcon_core.environment:checking '/home/viktor/dva502_master_thesis/Workspace/install/random_publishers/lib'
[1.141s] Level 1:colcon.colcon_core.environment:checking '/home/viktor/dva502_master_thesis/Workspace/install/random_publishers/bin'
[1.141s] Level 1:colcon.colcon_core.environment:checking '/home/viktor/dva502_master_thesis/Workspace/install/random_publishers/lib/pkgconfig/random_publishers.pc'
[1.141s] Level 1:colcon.colcon_core.environment:checking '/home/viktor/dva502_master_thesis/Workspace/install/random_publishers/lib/python3.10/site-packages'
[1.141s] Level 1:colcon.colcon_core.shell:create_environment_hook('random_publishers', 'pythonpath')
[1.141s] INFO:colcon.colcon_core.shell:Creating environment hook '/home/viktor/dva502_master_thesis/Workspace/install/random_publishers/share/random_publishers/hook/pythonpath.ps1'
[1.142s] INFO:colcon.colcon_core.shell:Creating environment descriptor '/home/viktor/dva502_master_thesis/Workspace/install/random_publishers/share/random_publishers/hook/pythonpath.dsv'
[1.142s] INFO:colcon.colcon_core.shell:Creating environment hook '/home/viktor/dva502_master_thesis/Workspace/install/random_publishers/share/random_publishers/hook/pythonpath.sh'
[1.142s] Level 1:colcon.colcon_core.environment:checking '/home/viktor/dva502_master_thesis/Workspace/install/random_publishers/bin'
[1.142s] Level 1:colcon.colcon_core.environment:create_environment_scripts_only(random_publishers)
[1.143s] INFO:colcon.colcon_core.shell:Creating package script '/home/viktor/dva502_master_thesis/Workspace/install/random_publishers/share/random_publishers/package.ps1'
[1.144s] INFO:colcon.colcon_core.shell:Creating package descriptor '/home/viktor/dva502_master_thesis/Workspace/install/random_publishers/share/random_publishers/package.dsv'
[1.144s] INFO:colcon.colcon_core.shell:Creating package script '/home/viktor/dva502_master_thesis/Workspace/install/random_publishers/share/random_publishers/package.sh'
[1.145s] INFO:colcon.colcon_core.shell:Creating package script '/home/viktor/dva502_master_thesis/Workspace/install/random_publishers/share/random_publishers/package.bash'
[1.145s] INFO:colcon.colcon_core.shell:Creating package script '/home/viktor/dva502_master_thesis/Workspace/install/random_publishers/share/random_publishers/package.zsh'
[1.146s] Level 1:colcon.colcon_core.environment:create_file_with_runtime_dependencies(/home/viktor/dva502_master_thesis/Workspace/install/random_publishers/share/colcon-core/packages/random_publishers)
[2.514s] DEBUG:colcon.colcon_core.event_handler.log_command:Invoked command in '/home/viktor/dva502_master_thesis/Workspace/build/custom_drone_interfaces' returned '0': CMAKE_PREFIX_PATH=${CMAKE_PREFIX_PATH}:/home/viktor/dva502_master_thesis/Workspace/install/drone_start:/home/viktor/dva502_master_thesis/Workspace/install/random_publishers:/home/viktor/dva502_master_thesis/Workspace/install/drone_com:/opt/ros/humble /usr/bin/cmake /home/viktor/dva502_master_thesis/Workspace/src/custom_drone_interfaces -DCMAKE_INSTALL_PREFIX=/home/viktor/dva502_master_thesis/Workspace/install/custom_drone_interfaces
[2.516s] DEBUG:colcon.colcon_core.event_handler.log_command:Invoking command in '/home/viktor/dva502_master_thesis/Workspace/build/custom_drone_interfaces': CMAKE_PREFIX_PATH=${CMAKE_PREFIX_PATH}:/home/viktor/dva502_master_thesis/Workspace/install/drone_start:/home/viktor/dva502_master_thesis/Workspace/install/random_publishers:/home/viktor/dva502_master_thesis/Workspace/install/drone_com:/opt/ros/humble /usr/bin/cmake --build /home/viktor/dva502_master_thesis/Workspace/build/custom_drone_interfaces -- -j12 -l12
[15.052s] DEBUG:colcon.colcon_core.event_handler.log_command:Invoked command in '/home/viktor/dva502_master_thesis/Workspace/build/custom_drone_interfaces' returned '0': CMAKE_PREFIX_PATH=${CMAKE_PREFIX_PATH}:/home/viktor/dva502_master_thesis/Workspace/install/drone_start:/home/viktor/dva502_master_thesis/Workspace/install/random_publishers:/home/viktor/dva502_master_thesis/Workspace/install/drone_com:/opt/ros/humble /usr/bin/cmake --build /home/viktor/dva502_master_thesis/Workspace/build/custom_drone_interfaces -- -j12 -l12
[15.059s] DEBUG:colcon.colcon_core.event_handler.log_command:Invoking command in '/home/viktor/dva502_master_thesis/Workspace/build/custom_drone_interfaces': CMAKE_PREFIX_PATH=${CMAKE_PREFIX_PATH}:/home/viktor/dva502_master_thesis/Workspace/install/drone_start:/home/viktor/dva502_master_thesis/Workspace/install/random_publishers:/home/viktor/dva502_master_thesis/Workspace/install/drone_com:/opt/ros/humble /usr/bin/cmake --install /home/viktor/dva502_master_thesis/Workspace/build/custom_drone_interfaces
[15.176s] Level 1:colcon.colcon_core.environment:create_environment_scripts_only(custom_drone_interfaces)
[15.177s] DEBUG:colcon.colcon_core.event_handler.log_command:Invoked command in '/home/viktor/dva502_master_thesis/Workspace/build/custom_drone_interfaces' returned '0': CMAKE_PREFIX_PATH=${CMAKE_PREFIX_PATH}:/home/viktor/dva502_master_thesis/Workspace/install/drone_start:/home/viktor/dva502_master_thesis/Workspace/install/random_publishers:/home/viktor/dva502_master_thesis/Workspace/install/drone_com:/opt/ros/humble /usr/bin/cmake --install /home/viktor/dva502_master_thesis/Workspace/build/custom_drone_interfaces
[15.177s] Level 1:colcon.colcon_core.environment:checking '/home/viktor/dva502_master_thesis/Workspace/install/custom_drone_interfaces' for CMake module files
[15.177s] Level 1:colcon.colcon_core.environment:checking '/home/viktor/dva502_master_thesis/Workspace/install/custom_drone_interfaces' for CMake config files
[15.178s] Level 1:colcon.colcon_core.shell:create_environment_hook('custom_drone_interfaces', 'cmake_prefix_path')
[15.178s] INFO:colcon.colcon_core.shell:Creating environment hook '/home/viktor/dva502_master_thesis/Workspace/install/custom_drone_interfaces/share/custom_drone_interfaces/hook/cmake_prefix_path.ps1'
[15.178s] INFO:colcon.colcon_core.shell:Creating environment descriptor '/home/viktor/dva502_master_thesis/Workspace/install/custom_drone_interfaces/share/custom_drone_interfaces/hook/cmake_prefix_path.dsv'
[15.179s] INFO:colcon.colcon_core.shell:Creating environment hook '/home/viktor/dva502_master_thesis/Workspace/install/custom_drone_interfaces/share/custom_drone_interfaces/hook/cmake_prefix_path.sh'
[15.179s] Level 1:colcon.colcon_core.environment:checking '/home/viktor/dva502_master_thesis/Workspace/install/custom_drone_interfaces/lib'
[15.179s] Level 1:colcon.colcon_core.shell:create_environment_hook('custom_drone_interfaces', 'ld_library_path_lib')
[15.179s] INFO:colcon.colcon_core.shell:Creating environment hook '/home/viktor/dva502_master_thesis/Workspace/install/custom_drone_interfaces/share/custom_drone_interfaces/hook/ld_library_path_lib.ps1'
[15.180s] INFO:colcon.colcon_core.shell:Creating environment descriptor '/home/viktor/dva502_master_thesis/Workspace/install/custom_drone_interfaces/share/custom_drone_interfaces/hook/ld_library_path_lib.dsv'
[15.180s] INFO:colcon.colcon_core.shell:Creating environment hook '/home/viktor/dva502_master_thesis/Workspace/install/custom_drone_interfaces/share/custom_drone_interfaces/hook/ld_library_path_lib.sh'
[15.180s] Level 1:colcon.colcon_core.environment:checking '/home/viktor/dva502_master_thesis/Workspace/install/custom_drone_interfaces/bin'
[15.180s] Level 1:colcon.colcon_core.environment:checking '/home/viktor/dva502_master_thesis/Workspace/install/custom_drone_interfaces/lib/pkgconfig/custom_drone_interfaces.pc'
[15.180s] Level 1:colcon.colcon_core.environment:checking '/home/viktor/dva502_master_thesis/Workspace/install/custom_drone_interfaces/lib/python3.10/site-packages'
[15.181s] Level 1:colcon.colcon_core.environment:checking '/home/viktor/dva502_master_thesis/Workspace/install/custom_drone_interfaces/bin'
[15.181s] INFO:colcon.colcon_core.shell:Creating package script '/home/viktor/dva502_master_thesis/Workspace/install/custom_drone_interfaces/share/custom_drone_interfaces/package.ps1'
[15.181s] INFO:colcon.colcon_core.shell:Creating package descriptor '/home/viktor/dva502_master_thesis/Workspace/install/custom_drone_interfaces/share/custom_drone_interfaces/package.dsv'
[15.182s] INFO:colcon.colcon_core.shell:Creating package script '/home/viktor/dva502_master_thesis/Workspace/install/custom_drone_interfaces/share/custom_drone_interfaces/package.sh'
[15.182s] INFO:colcon.colcon_core.shell:Creating package script '/home/viktor/dva502_master_thesis/Workspace/install/custom_drone_interfaces/share/custom_drone_interfaces/package.bash'
[15.182s] INFO:colcon.colcon_core.shell:Creating package script '/home/viktor/dva502_master_thesis/Workspace/install/custom_drone_interfaces/share/custom_drone_interfaces/package.zsh'
[15.183s] Level 1:colcon.colcon_core.environment:create_file_with_runtime_dependencies(/home/viktor/dva502_master_thesis/Workspace/install/custom_drone_interfaces/share/colcon-core/packages/custom_drone_interfaces)
[15.183s] Level 1:colcon.colcon_core.environment:create_environment_scripts_only(custom_drone_interfaces)
[15.183s] Level 1:colcon.colcon_core.environment:checking '/home/viktor/dva502_master_thesis/Workspace/install/custom_drone_interfaces' for CMake module files
[15.184s] Level 1:colcon.colcon_core.environment:checking '/home/viktor/dva502_master_thesis/Workspace/install/custom_drone_interfaces' for CMake config files
[15.184s] Level 1:colcon.colcon_core.shell:create_environment_hook('custom_drone_interfaces', 'cmake_prefix_path')
[15.184s] INFO:colcon.colcon_core.shell:Creating environment hook '/home/viktor/dva502_master_thesis/Workspace/install/custom_drone_interfaces/share/custom_drone_interfaces/hook/cmake_prefix_path.ps1'
[15.185s] INFO:colcon.colcon_core.shell:Creating environment descriptor '/home/viktor/dva502_master_thesis/Workspace/install/custom_drone_interfaces/share/custom_drone_interfaces/hook/cmake_prefix_path.dsv'
[15.185s] INFO:colcon.colcon_core.shell:Creating environment hook '/home/viktor/dva502_master_thesis/Workspace/install/custom_drone_interfaces/share/custom_drone_interfaces/hook/cmake_prefix_path.sh'
[15.185s] Level 1:colcon.colcon_core.environment:checking '/home/viktor/dva502_master_thesis/Workspace/install/custom_drone_interfaces/lib'
[15.185s] Level 1:colcon.colcon_core.shell:create_environment_hook('custom_drone_interfaces', 'ld_library_path_lib')
[15.186s] INFO:colcon.colcon_core.shell:Creating environment hook '/home/viktor/dva502_master_thesis/Workspace/install/custom_drone_interfaces/share/custom_drone_interfaces/hook/ld_library_path_lib.ps1'
[15.186s] INFO:colcon.colcon_core.shell:Creating environment descriptor '/home/viktor/dva502_master_thesis/Workspace/install/custom_drone_interfaces/share/custom_drone_interfaces/hook/ld_library_path_lib.dsv'
[15.186s] INFO:colcon.colcon_core.shell:Creating environment hook '/home/viktor/dva502_master_thesis/Workspace/install/custom_drone_interfaces/share/custom_drone_interfaces/hook/ld_library_path_lib.sh'
[15.187s] Level 1:colcon.colcon_core.environment:checking '/home/viktor/dva502_master_thesis/Workspace/install/custom_drone_interfaces/bin'
[15.187s] Level 1:colcon.colcon_core.environment:checking '/home/viktor/dva502_master_thesis/Workspace/install/custom_drone_interfaces/lib/pkgconfig/custom_drone_interfaces.pc'
[15.187s] Level 1:colcon.colcon_core.environment:checking '/home/viktor/dva502_master_thesis/Workspace/install/custom_drone_interfaces/lib/python3.10/site-packages'
[15.187s] Level 1:colcon.colcon_core.environment:checking '/home/viktor/dva502_master_thesis/Workspace/install/custom_drone_interfaces/bin'
[15.187s] INFO:colcon.colcon_core.shell:Creating package script '/home/viktor/dva502_master_thesis/Workspace/install/custom_drone_interfaces/share/custom_drone_interfaces/package.ps1'
[15.188s] INFO:colcon.colcon_core.shell:Creating package descriptor '/home/viktor/dva502_master_thesis/Workspace/install/custom_drone_interfaces/share/custom_drone_interfaces/package.dsv'
[15.188s] INFO:colcon.colcon_core.shell:Creating package script '/home/viktor/dva502_master_thesis/Workspace/install/custom_drone_interfaces/share/custom_drone_interfaces/package.sh'
[15.189s] INFO:colcon.colcon_core.shell:Creating package script '/home/viktor/dva502_master_thesis/Workspace/install/custom_drone_interfaces/share/custom_drone_interfaces/package.bash'
[15.189s] INFO:colcon.colcon_core.shell:Creating package script '/home/viktor/dva502_master_thesis/Workspace/install/custom_drone_interfaces/share/custom_drone_interfaces/package.zsh'
[15.189s] Level 1:colcon.colcon_core.environment:create_file_with_runtime_dependencies(/home/viktor/dva502_master_thesis/Workspace/install/custom_drone_interfaces/share/colcon-core/packages/custom_drone_interfaces)
[15.190s] INFO:colcon.colcon_ros.task.ament_python.build:Building ROS package in '/home/viktor/dva502_master_thesis/Workspace/src/drone_com' with build type 'ament_python'
[15.190s] Level 1:colcon.colcon_core.shell:create_environment_hook('drone_com', 'ament_prefix_path')
[15.190s] INFO:colcon.colcon_core.shell:Creating environment hook '/home/viktor/dva502_master_thesis/Workspace/install/drone_com/share/drone_com/hook/ament_prefix_path.ps1'
[15.191s] INFO:colcon.colcon_core.shell:Creating environment descriptor '/home/viktor/dva502_master_thesis/Workspace/install/drone_com/share/drone_com/hook/ament_prefix_path.dsv'
[15.191s] INFO:colcon.colcon_core.shell:Creating environment hook '/home/viktor/dva502_master_thesis/Workspace/install/drone_com/share/drone_com/hook/ament_prefix_path.sh'
[15.191s] INFO:colcon.colcon_core.shell:Skip shell extension 'powershell' for command environment: Not usable outside of PowerShell
[15.191s] DEBUG:colcon.colcon_core.shell:Skip shell extension 'dsv' for command environment
[15.422s] INFO:colcon.colcon_core.task.python.build:Building Python package in '/home/viktor/dva502_master_thesis/Workspace/src/drone_com'
[15.422s] INFO:colcon.colcon_core.shell:Skip shell extension 'powershell' for command environment: Not usable outside of PowerShell
[15.422s] DEBUG:colcon.colcon_core.shell:Skip shell extension 'dsv' for command environment
[15.711s] DEBUG:colcon.colcon_core.event_handler.log_command:Invoking command in '/home/viktor/dva502_master_thesis/Workspace/src/drone_com': PYTHONPATH=/home/viktor/dva502_master_thesis/Workspace/build/drone_com/prefix_override:/usr/lib/python3/dist-packages/colcon_core/task/python/colcon_distutils_commands:/home/viktor/dva502_master_thesis/Workspace/install/drone_com/lib/python3.10/site-packages:${PYTHONPATH} /usr/bin/python3 -W ignore:setup.py install is deprecated -W ignore:easy_install command is deprecated setup.py egg_info --egg-base ../../build/drone_com build --build-base /home/viktor/dva502_master_thesis/Workspace/build/drone_com/build install --record /home/viktor/dva502_master_thesis/Workspace/build/drone_com/install.log --single-version-externally-managed install_data
[15.977s] Level 1:colcon.colcon_core.environment:checking '/home/viktor/dva502_master_thesis/Workspace/install/drone_com' for CMake module files
[15.977s] DEBUG:colcon.colcon_core.event_handler.log_command:Invoked command in '/home/viktor/dva502_master_thesis/Workspace/src/drone_com' returned '0': PYTHONPATH=/home/viktor/dva502_master_thesis/Workspace/build/drone_com/prefix_override:/usr/lib/python3/dist-packages/colcon_core/task/python/colcon_distutils_commands:/home/viktor/dva502_master_thesis/Workspace/install/drone_com/lib/python3.10/site-packages:${PYTHONPATH} /usr/bin/python3 -W ignore:setup.py install is deprecated -W ignore:easy_install command is deprecated setup.py egg_info --egg-base ../../build/drone_com build --build-base /home/viktor/dva502_master_thesis/Workspace/build/drone_com/build install --record /home/viktor/dva502_master_thesis/Workspace/build/drone_com/install.log --single-version-externally-managed install_data
[15.977s] Level 1:colcon.colcon_core.environment:checking '/home/viktor/dva502_master_thesis/Workspace/install/drone_com' for CMake config files
[15.978s] Level 1:colcon.colcon_core.environment:checking '/home/viktor/dva502_master_thesis/Workspace/install/drone_com/lib'
[15.978s] Level 1:colcon.colcon_core.environment:checking '/home/viktor/dva502_master_thesis/Workspace/install/drone_com/bin'
[15.978s] Level 1:colcon.colcon_core.environment:checking '/home/viktor/dva502_master_thesis/Workspace/install/drone_com/lib/pkgconfig/drone_com.pc'
[15.978s] Level 1:colcon.colcon_core.environment:checking '/home/viktor/dva502_master_thesis/Workspace/install/drone_com/lib/python3.10/site-packages'
[15.978s] Level 1:colcon.colcon_core.shell:create_environment_hook('drone_com', 'pythonpath')
[15.978s] INFO:colcon.colcon_core.shell:Creating environment hook '/home/viktor/dva502_master_thesis/Workspace/install/drone_com/share/drone_com/hook/pythonpath.ps1'
[15.979s] INFO:colcon.colcon_core.shell:Creating environment descriptor '/home/viktor/dva502_master_thesis/Workspace/install/drone_com/share/drone_com/hook/pythonpath.dsv'
[15.979s] INFO:colcon.colcon_core.shell:Creating environment hook '/home/viktor/dva502_master_thesis/Workspace/install/drone_com/share/drone_com/hook/pythonpath.sh'
[15.979s] Level 1:colcon.colcon_core.environment:checking '/home/viktor/dva502_master_thesis/Workspace/install/drone_com/bin'
[15.979s] Level 1:colcon.colcon_core.environment:create_environment_scripts_only(drone_com)
[15.980s] INFO:colcon.colcon_core.shell:Creating package script '/home/viktor/dva502_master_thesis/Workspace/install/drone_com/share/drone_com/package.ps1'
[15.980s] INFO:colcon.colcon_core.shell:Creating package descriptor '/home/viktor/dva502_master_thesis/Workspace/install/drone_com/share/drone_com/package.dsv'
[15.981s] INFO:colcon.colcon_core.shell:Creating package script '/home/viktor/dva502_master_thesis/Workspace/install/drone_com/share/drone_com/package.sh'
[15.981s] INFO:colcon.colcon_core.shell:Creating package script '/home/viktor/dva502_master_thesis/Workspace/install/drone_com/share/drone_com/package.bash'
[15.981s] INFO:colcon.colcon_core.shell:Creating package script '/home/viktor/dva502_master_thesis/Workspace/install/drone_com/share/drone_com/package.zsh'
[15.982s] Level 1:colcon.colcon_core.environment:create_file_with_runtime_dependencies(/home/viktor/dva502_master_thesis/Workspace/install/drone_com/share/colcon-core/packages/drone_com)
[15.982s] INFO:colcon.colcon_ros.task.ament_python.build:Building ROS package in '/home/viktor/dva502_master_thesis/Workspace/src/drone_start' with build type 'ament_python'
[15.982s] Level 1:colcon.colcon_core.shell:create_environment_hook('drone_start', 'ament_prefix_path')
[15.982s] INFO:colcon.colcon_core.shell:Creating environment hook '/home/viktor/dva502_master_thesis/Workspace/install/drone_start/share/drone_start/hook/ament_prefix_path.ps1'
[15.983s] INFO:colcon.colcon_core.shell:Creating environment descriptor '/home/viktor/dva502_master_thesis/Workspace/install/drone_start/share/drone_start/hook/ament_prefix_path.dsv'
[15.983s] INFO:colcon.colcon_core.shell:Creating environment hook '/home/viktor/dva502_master_thesis/Workspace/install/drone_start/share/drone_start/hook/ament_prefix_path.sh'
[15.984s] INFO:colcon.colcon_core.shell:Skip shell extension 'powershell' for command environment: Not usable outside of PowerShell
[15.984s] DEBUG:colcon.colcon_core.shell:Skip shell extension 'dsv' for command environment
[15.990s] WARNING:colcon.colcon_ros.task.ament_python.build:Package 'drone_start' doesn't explicitly install a marker in the package index (colcon-ros currently does it implicitly but that fallback will be removed in the future)
[15.990s] INFO:colcon.colcon_core.task.python.build:Building Python package in '/home/viktor/dva502_master_thesis/Workspace/src/drone_start'
[15.990s] INFO:colcon.colcon_core.shell:Skip shell extension 'powershell' for command environment: Not usable outside of PowerShell
[15.991s] DEBUG:colcon.colcon_core.shell:Skip shell extension 'dsv' for command environment
[16.291s] DEBUG:colcon.colcon_core.event_handler.log_command:Invoking command in '/home/viktor/dva502_master_thesis/Workspace/src/drone_start': AMENT_PREFIX_PATH=/home/viktor/dva502_master_thesis/Workspace/install/drone_com:/home/viktor/dva502_master_thesis/Workspace/install/random_publishers:/home/viktor/dva502_master_thesis/Workspace/install/drone_start:/home/viktor/dva502_master_thesis/Workspace/install/custom_drone_interfaces:/opt/ros/humble PYTHONPATH=/home/viktor/dva502_master_thesis/Workspace/build/drone_start/prefix_override:/usr/lib/python3/dist-packages/colcon_core/task/python/colcon_distutils_commands:/home/viktor/dva502_master_thesis/Workspace/install/drone_start/lib/python3.10/site-packages:/home/viktor/dva502_master_thesis/Workspace/install/drone_com/lib/python3.10/site-packages:/home/viktor/dva502_master_thesis/Workspace/install/random_publishers/lib/python3.10/site-packages:/home/viktor/dva502_master_thesis/Workspace/install/drone_start/lib/python3.10/site-packages:/home/viktor/dva502_master_thesis/Workspace/install/custom_drone_interfaces/local/lib/python3.10/dist-packages:/opt/ros/humble/lib/python3.10/site-packages:/opt/ros/humble/local/lib/python3.10/dist-packages /usr/bin/python3 -W ignore:setup.py install is deprecated -W ignore:easy_install command is deprecated setup.py egg_info --egg-base ../../build/drone_start build --build-base /home/viktor/dva502_master_thesis/Workspace/build/drone_start/build install --record /home/viktor/dva502_master_thesis/Workspace/build/drone_start/install.log --single-version-externally-managed install_data
[16.549s] Level 1:colcon.colcon_core.environment:checking '/home/viktor/dva502_master_thesis/Workspace/install/drone_start' for CMake module files
[16.550s] DEBUG:colcon.colcon_core.event_handler.log_command:Invoked command in '/home/viktor/dva502_master_thesis/Workspace/src/drone_start' returned '0': AMENT_PREFIX_PATH=/home/viktor/dva502_master_thesis/Workspace/install/drone_com:/home/viktor/dva502_master_thesis/Workspace/install/random_publishers:/home/viktor/dva502_master_thesis/Workspace/install/drone_start:/home/viktor/dva502_master_thesis/Workspace/install/custom_drone_interfaces:/opt/ros/humble PYTHONPATH=/home/viktor/dva502_master_thesis/Workspace/build/drone_start/prefix_override:/usr/lib/python3/dist-packages/colcon_core/task/python/colcon_distutils_commands:/home/viktor/dva502_master_thesis/Workspace/install/drone_start/lib/python3.10/site-packages:/home/viktor/dva502_master_thesis/Workspace/install/drone_com/lib/python3.10/site-packages:/home/viktor/dva502_master_thesis/Workspace/install/random_publishers/lib/python3.10/site-packages:/home/viktor/dva502_master_thesis/Workspace/install/drone_start/lib/python3.10/site-packages:/home/viktor/dva502_master_thesis/Workspace/install/custom_drone_interfaces/local/lib/python3.10/dist-packages:/opt/ros/humble/lib/python3.10/site-packages:/opt/ros/humble/local/lib/python3.10/dist-packages /usr/bin/python3 -W ignore:setup.py install is deprecated -W ignore:easy_install command is deprecated setup.py egg_info --egg-base ../../build/drone_start build --build-base /home/viktor/dva502_master_thesis/Workspace/build/drone_start/build install --record /home/viktor/dva502_master_thesis/Workspace/build/drone_start/install.log --single-version-externally-managed install_data
[16.550s] Level 1:colcon.colcon_core.environment:checking '/home/viktor/dva502_master_thesis/Workspace/install/drone_start' for CMake config files
[16.550s] Level 1:colcon.colcon_core.environment:checking '/home/viktor/dva502_master_thesis/Workspace/install/drone_start/lib'
[16.550s] Level 1:colcon.colcon_core.environment:checking '/home/viktor/dva502_master_thesis/Workspace/install/drone_start/bin'
[16.550s] Level 1:colcon.colcon_core.shell:create_environment_hook('drone_start', 'path')
[16.551s] INFO:colcon.colcon_core.shell:Creating environment hook '/home/viktor/dva502_master_thesis/Workspace/install/drone_start/share/drone_start/hook/path.ps1'
[16.551s] INFO:colcon.colcon_core.shell:Creating environment descriptor '/home/viktor/dva502_master_thesis/Workspace/install/drone_start/share/drone_start/hook/path.dsv'
[16.551s] INFO:colcon.colcon_core.shell:Creating environment hook '/home/viktor/dva502_master_thesis/Workspace/install/drone_start/share/drone_start/hook/path.sh'
[16.552s] Level 1:colcon.colcon_core.environment:checking '/home/viktor/dva502_master_thesis/Workspace/install/drone_start/lib/pkgconfig/drone_start.pc'
[16.552s] Level 1:colcon.colcon_core.environment:checking '/home/viktor/dva502_master_thesis/Workspace/install/drone_start/lib/python3.10/site-packages'
[16.552s] Level 1:colcon.colcon_core.shell:create_environment_hook('drone_start', 'pythonpath')
[16.552s] INFO:colcon.colcon_core.shell:Creating environment hook '/home/viktor/dva502_master_thesis/Workspace/install/drone_start/share/drone_start/hook/pythonpath.ps1'
[16.552s] INFO:colcon.colcon_core.shell:Creating environment descriptor '/home/viktor/dva502_master_thesis/Workspace/install/drone_start/share/drone_start/hook/pythonpath.dsv'
[16.553s] INFO:colcon.colcon_core.shell:Creating environment hook '/home/viktor/dva502_master_thesis/Workspace/install/drone_start/share/drone_start/hook/pythonpath.sh'
[16.553s] Level 1:colcon.colcon_core.environment:checking '/home/viktor/dva502_master_thesis/Workspace/install/drone_start/bin'
[16.553s] Level 1:colcon.colcon_core.shell:create_environment_hook('drone_start', 'pythonscriptspath')
[16.553s] INFO:colcon.colcon_core.shell:Creating environment hook '/home/viktor/dva502_master_thesis/Workspace/install/drone_start/share/drone_start/hook/pythonscriptspath.ps1'
[16.554s] INFO:colcon.colcon_core.shell:Creating environment descriptor '/home/viktor/dva502_master_thesis/Workspace/install/drone_start/share/drone_start/hook/pythonscriptspath.dsv'
[16.554s] INFO:colcon.colcon_core.shell:Creating environment hook '/home/viktor/dva502_master_thesis/Workspace/install/drone_start/share/drone_start/hook/pythonscriptspath.sh'
[16.554s] Level 1:colcon.colcon_core.environment:create_environment_scripts_only(drone_start)
[16.555s] INFO:colcon.colcon_core.shell:Creating package script '/home/viktor/dva502_master_thesis/Workspace/install/drone_start/share/drone_start/package.ps1'
[16.555s] INFO:colcon.colcon_core.shell:Creating package descriptor '/home/viktor/dva502_master_thesis/Workspace/install/drone_start/share/drone_start/package.dsv'
[16.555s] INFO:colcon.colcon_core.shell:Creating package script '/home/viktor/dva502_master_thesis/Workspace/install/drone_start/share/drone_start/package.sh'
[16.556s] INFO:colcon.colcon_core.shell:Creating package script '/home/viktor/dva502_master_thesis/Workspace/install/drone_start/share/drone_start/package.bash'
[16.556s] INFO:colcon.colcon_core.shell:Creating package script '/home/viktor/dva502_master_thesis/Workspace/install/drone_start/share/drone_start/package.zsh'
[16.556s] Level 1:colcon.colcon_core.environment:create_file_with_runtime_dependencies(/home/viktor/dva502_master_thesis/Workspace/install/drone_start/share/colcon-core/packages/drone_start)
[16.557s] DEBUG:colcon.colcon_parallel_executor.executor.parallel:closing loop
[16.557s] DEBUG:colcon.colcon_parallel_executor.executor.parallel:loop closed
[16.557s] DEBUG:colcon.colcon_parallel_executor.executor.parallel:run_until_complete finished with '0'
[16.557s] DEBUG:colcon.colcon_core.event_reactor:joining thread
[16.561s] INFO:colcon.colcon_core.plugin_system:Skipping extension 'colcon_notification.desktop_notification.terminal_notifier': Not used on non-Darwin systems
[16.561s] INFO:colcon.colcon_core.plugin_system:Skipping extension 'colcon_notification.desktop_notification.win32': Not used on non-Windows systems
[16.561s] INFO:colcon.colcon_notification.desktop_notification:Sending desktop notification using 'notify2'
[16.571s] DEBUG:colcon.colcon_core.event_reactor:joined thread
[16.571s] INFO:colcon.colcon_core.shell:Creating prefix script '/home/viktor/dva502_master_thesis/Workspace/install/local_setup.ps1'
[16.572s] INFO:colcon.colcon_core.shell:Creating prefix util module '/home/viktor/dva502_master_thesis/Workspace/install/_local_setup_util_ps1.py'
[16.573s] INFO:colcon.colcon_core.shell:Creating prefix chain script '/home/viktor/dva502_master_thesis/Workspace/install/setup.ps1'
[16.574s] INFO:colcon.colcon_core.shell:Creating prefix script '/home/viktor/dva502_master_thesis/Workspace/install/local_setup.sh'
[16.575s] INFO:colcon.colcon_core.shell:Creating prefix util module '/home/viktor/dva502_master_thesis/Workspace/install/_local_setup_util_sh.py'
[16.575s] INFO:colcon.colcon_core.shell:Creating prefix chain script '/home/viktor/dva502_master_thesis/Workspace/install/setup.sh'
[16.576s] INFO:colcon.colcon_core.shell:Creating prefix script '/home/viktor/dva502_master_thesis/Workspace/install/local_setup.bash'
[16.577s] INFO:colcon.colcon_core.shell:Creating prefix chain script '/home/viktor/dva502_master_thesis/Workspace/install/setup.bash'
[16.578s] INFO:colcon.colcon_core.shell:Creating prefix script '/home/viktor/dva502_master_thesis/Workspace/install/local_setup.zsh'
[16.578s] INFO:colcon.colcon_core.shell:Creating prefix chain script '/home/viktor/dva502_master_thesis/Workspace/install/setup.zsh'
